                Time          Cycles PC       Instr    Mnemonic
     76ns               3 00000080 00000093 addi             x1, x0, 0            x1=00000000
     86ns               4 00000082 00000113 addi             x2, x0, 0            x2=00000000
     96ns               5 00000084 00000193 addi             x3, x0, 0            x3=00000000
    106ns               6 00000086 00000213 addi             x4, x0, 0            x4=00000000
    116ns               7 00000088 00000293 addi             x5, x0, 0            x5=00000000
    126ns               8 0000008a 00000313 addi             x6, x0, 0            x6=00000000
    136ns               9 0000008c 00000393 addi             x7, x0, 0            x7=00000000
    146ns              10 0000008e 00000413 addi             x8, x0, 0            x8=00000000
    156ns              11 00000090 00000493 addi             x9, x0, 0            x9=00000000
    166ns              12 00000092 00000513 addi             x10, x0, 0          x10=00000000
    176ns              13 00000094 00000593 addi             x11, x0, 0          x11=00000000
    186ns              14 00000096 00000613 addi             x12, x0, 0          x12=00000000
    196ns              15 00000098 00000693 addi             x13, x0, 0          x13=00000000
    206ns              16 0000009a 00000713 addi             x14, x0, 0          x14=00000000
    216ns              17 0000009c 00000793 addi             x15, x0, 0          x15=00000000
    226ns              18 0000009e 00000813 addi             x16, x0, 0          x16=00000000
    236ns              19 000000a0 00000893 addi             x17, x0, 0          x17=00000000
    246ns              20 000000a2 00000913 addi             x18, x0, 0          x18=00000000
    256ns              21 000000a4 00000993 addi             x19, x0, 0          x19=00000000
    266ns              22 000000a6 00000a13 addi             x20, x0, 0          x20=00000000
    276ns              23 000000a8 00000a93 addi             x21, x0, 0          x21=00000000
    286ns              24 000000aa 00000b13 addi             x22, x0, 0          x22=00000000
    296ns              25 000000ac 00000b93 addi             x23, x0, 0          x23=00000000
    306ns              26 000000ae 00000c13 addi             x24, x0, 0          x24=00000000
    316ns              27 000000b0 00000c93 addi             x25, x0, 0          x25=00000000
    326ns              28 000000b2 00000d13 addi             x26, x0, 0          x26=00000000
    336ns              29 000000b4 00000d93 addi             x27, x0, 0          x27=00000000
    346ns              30 000000b6 00000e13 addi             x28, x0, 0          x28=00000000
    356ns              31 000000b8 00000e93 addi             x29, x0, 0          x29=00000000
    366ns              32 000000ba 00000f13 addi             x30, x0, 0          x30=00000000
    376ns              33 000000bc 00000f93 addi             x31, x0, 0          x31=00000000
    386ns              34 000000be 00200197 auipc            x3, 0x200000         x3=002000be
    396ns              35 000000c2 7ca18193 addi             x3, x3, 1994         x3=00200888  x3:002000be
    406ns              36 000000c6 00201117 auipc            x2, 0x201000         x2=002010c6
    416ns              37 000000ca 04a10113 addi             x2, x2, 74           x2=00201110  x2:002010c6
    426ns              38 000000ce 00000517 auipc            x10, 0x0            x10=000000ce
    436ns              39 000000d2 f3250513 addi             x10, x10, -206      x10=00000000 x10:000000ce
    446ns              40 000000d6 30551073 csrrw            x0, x10, 0x305      x10:00000000
    456ns              41 000000da 00200517 auipc            x10, 0x200000       x10=002000da
    466ns              42 000000de 7f250513 addi             x10, x10, 2034      x10=002008cc x10:002000da
    476ns              43 000000e2 00201617 auipc            x12, 0x201000       x12=002010e2
    486ns              44 000000e6 82660613 addi             x12, x12, -2010     x12=00200908 x12:002010e2
    496ns              45 000000ea 40a60633 sub              x12, x12, x10       x12=0000003c x12:00200908 x10:002008cc
    506ns              46 000000ec 01500593 addi             x11, x0, 21         x11=00000015
    516ns              47 000000ee 4c8000ef jal              x1, 1224             x1=000000f0
    536ns              49 000005b6 00f00813 addi             x16, x0, 15         x16=0000000f
    546ns              50 000005b8 00a00733 add              x14, x0, x10        x14=002008cc x10:002008cc
    556ns              51 000005ba 02c87363 bgeu             x16, x12, 38        x16:0000000f x12:0000003c
    566ns              52 000005be 00f77793 andi             x15, x14, 15        x15=0000000c x14:002008cc
    576ns              53 000005c2 06079f63 bne              x15, x0, 126        x15:0000000c
    606ns              56 00000640 00279693 slli             x13, x15, 0x2       x13=00000030 x15:0000000c
    616ns              57 00000644 00000297 auipc            x5, 0x0              x5=00000644
    626ns              58 00000648 005686b3 add              x13, x13, x5        x13=00000674 x13:00000030  x5:00000644
    636ns              59 0000064a 001002b3 add              x5, x0, x1           x5=000000f0  x1:000000f0
    646ns              60 0000064c fa8680e7 jalr             x1, x13, -88         x1=00000650 x13:00000674
    666ns              62 0000061c 00b701a3 sb               x11, 3(x14)         x11:00000015 x14:002008cc  PA:002008cf
    676ns              63 00000620 00b70123 sb               x11, 2(x14)         x11:00000015 x14:002008cc  PA:002008ce
    686ns              64 00000624 00b700a3 sb               x11, 1(x14)         x11:00000015 x14:002008cc  PA:002008cd
    696ns              65 00000628 00b70023 sb               x11, 0(x14)         x11:00000015 x14:002008cc  PA:002008cc
    706ns              66 0000062c 00008067 jalr             x0, x1, 0            x1:00000650
    726ns              68 00000650 005000b3 add              x1, x0, x5           x1=000000f0  x5:000000f0
    736ns              69 00000652 ff078793 addi             x15, x15, -16       x15=fffffffc x15:0000000c
    746ns              70 00000654 40f70733 sub              x14, x14, x15       x14=002008d0 x14:002008cc x15:fffffffc
    756ns              71 00000656 00f60633 add              x12, x12, x15       x12=00000038 x12:0000003c x15:fffffffc
    766ns              72 00000658 f8c874e3 bgeu             x16, x12, -120      x16:0000000f x12:00000038
    776ns              73 0000065c f69ff06f jal              x0, -152           
    796ns              75 000005c4 06059563 bne              x11, x0, 106        x11:00000015
    836ns              79 0000062e 0ff5f593 andi             x11, x11, 255       x11=00000015 x11:00000015
    846ns              80 00000632 00859693 slli             x13, x11, 0x8       x13=00001500 x11:00000015
    856ns              81 00000636 00d5e5b3 or               x11, x11, x13       x11=00001515 x11:00000015 x13:00001500
    866ns              82 00000638 01059693 slli             x13, x11, 0x10      x13=15150000 x11:00001515
    876ns              83 0000063c 00d5e5b3 or               x11, x11, x13       x11=15151515 x11:00001515 x13:15150000
    886ns              84 0000063e f89ff06f jal              x0, -120           
    906ns              86 000005c6 ff067693 andi             x13, x12, -16       x13=00000030 x12:00000038
    916ns              87 000005ca 00f67613 andi             x12, x12, 15        x12=00000008 x12:00000038
    926ns              88 000005cc 00e686b3 add              x13, x13, x14       x13=00200900 x13:00000030 x14:002008d0
    936ns              89 000005ce 00b72023 sw               x11, 0(x14)         x11:15151515 x14:002008d0  PA:002008d0
    946ns              90 000005d0 00b72223 sw               x11, 4(x14)         x11:15151515 x14:002008d0  PA:002008d4
    956ns              91 000005d2 00b72423 sw               x11, 8(x14)         x11:15151515 x14:002008d0  PA:002008d8
    966ns              92 000005d4 00b72623 sw               x11, 12(x14)        x11:15151515 x14:002008d0  PA:002008dc
    976ns              93 000005d6 01070713 addi             x14, x14, 16        x14=002008e0 x14:002008d0
    986ns              94 000005d8 fed76be3 bltu             x14, x13, -10       x14:002008e0 x13:00200900
   1016ns              97 000005ce 00b72023 sw               x11, 0(x14)         x11:15151515 x14:002008e0  PA:002008e0
   1026ns              98 000005d0 00b72223 sw               x11, 4(x14)         x11:15151515 x14:002008e0  PA:002008e4
   1036ns              99 000005d2 00b72423 sw               x11, 8(x14)         x11:15151515 x14:002008e0  PA:002008e8
   1046ns             100 000005d4 00b72623 sw               x11, 12(x14)        x11:15151515 x14:002008e0  PA:002008ec
   1056ns             101 000005d6 01070713 addi             x14, x14, 16        x14=002008f0 x14:002008e0
   1066ns             102 000005d8 fed76be3 bltu             x14, x13, -10       x14:002008f0 x13:00200900
   1096ns             105 000005ce 00b72023 sw               x11, 0(x14)         x11:15151515 x14:002008f0  PA:002008f0
   1106ns             106 000005d0 00b72223 sw               x11, 4(x14)         x11:15151515 x14:002008f0  PA:002008f4
   1116ns             107 000005d2 00b72423 sw               x11, 8(x14)         x11:15151515 x14:002008f0  PA:002008f8
   1126ns             108 000005d4 00b72623 sw               x11, 12(x14)        x11:15151515 x14:002008f0  PA:002008fc
   1136ns             109 000005d6 01070713 addi             x14, x14, 16        x14=00200900 x14:002008f0
   1146ns             110 000005d8 fed76be3 bltu             x14, x13, -10       x14:00200900 x13:00200900
   1156ns             111 000005dc 00061263 bne              x12, x0, 4          x12:00000008
   1186ns             114 000005e0 40c806b3 sub              x13, x16, x12       x13=00000007 x16:0000000f x12:00000008
   1196ns             115 000005e4 00269693 slli             x13, x13, 0x2       x13=0000001c x13:00000007
   1206ns             116 000005e6 00000297 auipc            x5, 0x0              x5=000005e6
   1216ns             117 000005ea 005686b3 add              x13, x13, x5        x13=00000602 x13:0000001c  x5:000005e6
   1236ns             119 000005ec 00a68067 jalr             x0, x13, 10         x13:00000602
   1256ns             121 0000060c 00b703a3 sb               x11, 7(x14)         x11:15151515 x14:00200900  PA:00200907
   1266ns             122 00000610 00b70323 sb               x11, 6(x14)         x11:15151515 x14:00200900  PA:00200906
   1276ns             123 00000614 00b702a3 sb               x11, 5(x14)         x11:15151515 x14:00200900  PA:00200905
   1286ns             124 00000618 00b70223 sb               x11, 4(x14)         x11:15151515 x14:00200900  PA:00200904
   1296ns             125 0000061c 00b701a3 sb               x11, 3(x14)         x11:15151515 x14:00200900  PA:00200903
   1306ns             126 00000620 00b70123 sb               x11, 2(x14)         x11:15151515 x14:00200900  PA:00200902
   1316ns             127 00000624 00b700a3 sb               x11, 1(x14)         x11:15151515 x14:00200900  PA:00200901
   1326ns             128 00000628 00b70023 sb               x11, 0(x14)         x11:15151515 x14:00200900  PA:00200900
   1336ns             129 0000062c 00008067 jalr             x0, x1, 0            x1:000000f0
   1356ns             131 000000f0 00000517 auipc            x10, 0x0            x10=000000f0
   1366ns             132 000000f4 42050513 addi             x10, x10, 1056      x10=00000510 x10:000000f0
   1376ns             133 000000f8 3f4000ef jal              x1, 1012             x1=000000fa
   1396ns             135 000004ec 00a005b3 add              x11, x0, x10        x11=00000510 x10:00000510
   1406ns             136 000004ee 00000693 addi             x13, x0, 0          x13=00000000
   1416ns             137 000004f0 00000613 addi             x12, x0, 0          x12=00000000
   1426ns             138 000004f2 00000513 addi             x10, x0, 0          x10=00000000
   1436ns             139 000004f4 2ae0006f jal              x0, 686            
   1456ns             141 000007a2 0341a703 lw               x14, 52(x3)         x14=00200088  x3:00200888  PA:002008bc
   1466ns             142 000007a6 00a00333 add              x6, x0, x10          x6=00000000 x10:00000000
   1476ns             143 000007a8 14872783 lw               x15, 328(x14)       x15=00000000 x14:00200088  PA:002001d0
   1496ns             145 000007ac 00079563 bne              x15, x0, 10         x15:00000000
   1506ns             146 000007ae 14c70793 addi             x15, x14, 332       x15=002001d4 x14:00200088
   1516ns             147 000007b2 14f72423 sw               x15, 328(x14)       x15:002001d4 x14:00200088  PA:002001d0
   1526ns             148 000007b6 0047a703 lw               x14, 4(x15)         x14=00000000 x15:002001d4  PA:002001d8
   1536ns             149 000007b8 01f00813 addi             x16, x0, 31         x16=0000001f
   1546ns             150 000007ba fff00513 addi             x10, x0, -1         x10=ffffffff
   1556ns             151 000007bc 04e84263 blt              x16, x14, 68        x16:0000001f x14:00000000
   1566ns             152 000007c0 00271893 slli             x17, x14, 0x2       x17=00000000 x14:00000000
   1576ns             153 000007c4 02030963 beq              x6, x0, 50           x6:00000000
   1606ns             156 000007f6 00170713 addi             x14, x14, 1         x14=00000001 x14:00000000
   1616ns             157 000007f8 00e7a223 sw               x14, 4(x15)         x14:00000001 x15:002001d4  PA:002001d8
   1626ns             158 000007fa 011787b3 add              x15, x15, x17       x15=002001d4 x15:002001d4 x17:00000000
   1636ns             159 000007fc 00b7a423 sw               x11, 8(x15)         x11:00000510 x15:002001d4  PA:002001dc
   1646ns             160 000007fe 00000513 addi             x10, x0, 0          x10=00000000
   1656ns             161 00000800 00008067 jalr             x0, x1, 0            x1:000000fa
   1676ns             163 000000fa 45c000ef jal              x1, 1116             x1=000000fc
   1696ns             165 00000556 ff010113 addi             x2, x2, -16          x2=00201100  x2:00201110
   1706ns             166 00000558 00812423 sw               x8, 8(x2)            x8:00000000  x2:00201100  PA:00201108
   1716ns             167 0000055a 00912223 sw               x9, 4(x2)            x9:00000000  x2:00201100  PA:00201104
   1726ns             168 0000055c 00002437 lui              x8, 0x2000           x8=00002000
   1736ns             169 0000055e 000024b7 lui              x9, 0x2000           x9=00002000
   1746ns             170 00000560 0b448793 addi             x15, x9, 180        x15=000020b4  x9:00002000
   1756ns             171 00000564 0b440413 addi             x8, x8, 180          x8=000020b4  x8:00002000
   1766ns             172 00000568 40f40433 sub              x8, x8, x15          x8=00000000  x8:000020b4 x15:000020b4
   1776ns             173 0000056a 01212023 sw               x18, 0(x2)          x18:00000000  x2:00201100  PA:00201100
   1786ns             174 0000056c 00112623 sw               x1, 12(x2)           x1:000000fc  x2:00201100  PA:0020110c
   1796ns             175 0000056e 40245413 srai             x8, x8, 0x402        x8=00000000  x8:00000000
   1806ns             176 00000570 0b448493 addi             x9, x9, 180          x9=000020b4  x9:00002000
   1816ns             177 00000574 00000913 addi             x18, x0, 0          x18=00000000
   1826ns             178 00000576 02891663 bne              x18, x8, 44         x18:00000000  x8:00000000
   1836ns             179 0000057a 000024b7 lui              x9, 0x2000           x9=00002000
   1846ns             180 0000057c b8dff0ef jal              x1, -1140            x1=0000057e
   1866ns             182 00000108 00008067 jalr             x0, x1, 0            x1:0000057e
   1886ns             184 0000057e 00002437 lui              x8, 0x2000           x8=00002000
   1896ns             185 00000580 0b448793 addi             x15, x9, 180        x15=000020b4  x9:00002000
   1906ns             186 00000584 0b440413 addi             x8, x8, 180          x8=000020b4  x8:00002000
   1916ns             187 00000588 40f40433 sub              x8, x8, x15          x8=00000000  x8:000020b4 x15:000020b4
   1926ns             188 0000058a 40245413 srai             x8, x8, 0x402        x8=00000000  x8:00000000
   1936ns             189 0000058c 0b448493 addi             x9, x9, 180          x9=000020b4  x9:00002000
   1946ns             190 00000590 00000913 addi             x18, x0, 0          x18=00000000
   1956ns             191 00000592 00891d63 bne              x18, x8, 26         x18:00000000  x8:00000000
   1966ns             192 00000596 00c12083 lw               x1, 12(x2)           x1=000000fc  x2:00201100  PA:0020110c
   1976ns             193 00000598 00812403 lw               x8, 8(x2)            x8=00000000  x2:00201100  PA:00201108
   1986ns             194 0000059a 00412483 lw               x9, 4(x2)            x9=00000000  x2:00201100  PA:00201104
   1996ns             195 0000059c 00012903 lw               x18, 0(x2)          x18=00000000  x2:00201100  PA:00201100
   2006ns             196 0000059e 01010113 addi             x2, x2, 16           x2=00201110  x2:00201100
   2016ns             197 000005a0 00008067 jalr             x0, x1, 0            x1:000000fc
   2036ns             199 000000fc 2a4000ef jal              x1, 676              x1=000000fe
   2056ns             201 000003a0 00200537 lui              x10, 0x200000       x10=00200000
   2066ns             202 000003a4 00050513 addi             x10, x10, 0         x10=00200000 x10:00200000
   2076ns             203 000003a8 00200297 auipc            x5, 0x200000         x5=002003a8
   2086ns             204 000003ac c5c28293 addi             x5, x5, -932         x5=00200004  x5:002003a8
   2096ns             205 000003b0 0012a023 sw               x1, 0(x5)            x1:000000fe  x5:00200004  PA:00200004
   2106ns             206 000003b4 0022a223 sw               x2, 4(x5)            x2:00201110  x5:00200004  PA:00200008
   2116ns             207 000003b8 0032a423 sw               x3, 8(x5)            x3:00200888  x5:00200004  PA:0020000c
   2126ns             208 000003bc 0042a623 sw               x4, 12(x5)           x4:00000000  x5:00200004  PA:00200010
   2136ns             209 000003c0 0082a823 sw               x8, 16(x5)           x8:00000000  x5:00200004  PA:00200014
   2146ns             210 000003c4 0092aa23 sw               x9, 20(x5)           x9:00000000  x5:00200004  PA:00200018
   2156ns             211 000003c8 00a2ac23 sw               x10, 24(x5)         x10:00200000  x5:00200004  PA:0020001c
   2166ns             212 000003cc 00b2ae23 sw               x11, 28(x5)         x11:00000510  x5:00200004  PA:00200020
   2176ns             213 000003d0 02c2a023 sw               x12, 32(x5)         x12:00000000  x5:00200004  PA:00200024
   2186ns             214 000003d4 02d2a223 sw               x13, 36(x5)         x13:00000000  x5:00200004  PA:00200028
   2196ns             215 000003d8 02e2a423 sw               x14, 40(x5)         x14:00000001  x5:00200004  PA:0020002c
   2206ns             216 000003dc 02f2a623 sw               x15, 44(x5)         x15:000020b4  x5:00200004  PA:00200030
   2216ns             217 000003e0 0302a823 sw               x16, 48(x5)         x16:0000001f  x5:00200004  PA:00200034
   2226ns             218 000003e4 0312aa23 sw               x17, 52(x5)         x17:00000000  x5:00200004  PA:00200038
   2236ns             219 000003e8 0322ac23 sw               x18, 56(x5)         x18:00000000  x5:00200004  PA:0020003c
   2246ns             220 000003ec 0332ae23 sw               x19, 60(x5)         x19:00000000  x5:00200004  PA:00200040
   2256ns             221 000003f0 0542a023 sw               x20, 64(x5)         x20:00000000  x5:00200004  PA:00200044
   2266ns             222 000003f4 0552a223 sw               x21, 68(x5)         x21:00000000  x5:00200004  PA:00200048
   2276ns             223 000003f8 0562a423 sw               x22, 72(x5)         x22:00000000  x5:00200004  PA:0020004c
   2286ns             224 000003fc 0572a623 sw               x23, 76(x5)         x23:00000000  x5:00200004  PA:00200050
   2296ns             225 00000400 30002373 csrrs            x6, x0, 0x300        x6=00001800
   2336ns             229 00000404 00800393 addi             x7, x0, 8            x7=00000008
   2346ns             230 00000406 3003be73 csrrc            x28, x7, 0x300      x28=00001800  x7:00000008
   2386ns             234 0000040a 0462a823 sw               x6, 80(x5)           x6:00001800  x5:00200004  PA:00200054
   2396ns             235 0000040e 00002297 auipc            x5, 0x2000           x5=0000240e
   2406ns             236 00000412 cb228293 addi             x5, x5, -846         x5=000020c0  x5:0000240e
   2416ns             237 00000416 0002a083 lw               x1, 0(x5)            x1=12345678  x5:000020c0  PA:000020c0
   2426ns             238 0000041a 0042a103 lw               x2, 4(x5)            x2=cafecafe  x5:000020c0  PA:000020c4
   2436ns             239 0000041e 0082a183 lw               x3, 8(x5)            x3=deadbeef  x5:000020c0  PA:000020c8
   2446ns             240 00000422 00100233 add              x4, x0, x1           x4=12345678  x1:12345678
   2456ns             241 00000426 002002b3 add              x5, x0, x2           x5=cafecafe  x2:cafecafe
   2466ns             242 0000042a 00300333 add              x6, x0, x3           x6=deadbeef  x3:deadbeef
   2476ns             243 0000042e 001003b3 add              x7, x0, x1           x7=12345678  x1:12345678
   2486ns             244 00000432 00200433 add              x8, x0, x2           x8=cafecafe  x2:cafecafe
   2496ns             245 00000436 003004b3 add              x9, x0, x3           x9=deadbeef  x3:deadbeef
   2506ns             246 0000043a 00100533 add              x10, x0, x1         x10=12345678  x1:12345678
   2516ns             247 0000043e 002005b3 add              x11, x0, x2         x11=cafecafe  x2:cafecafe
   2526ns             248 00000442 00300633 add              x12, x0, x3         x12=deadbeef  x3:deadbeef
   2536ns             249 00000446 001006b3 add              x13, x0, x1         x13=12345678  x1:12345678
   2546ns             250 0000044a 00200733 add              x14, x0, x2         x14=cafecafe  x2:cafecafe
   2556ns             251 0000044e 003007b3 add              x15, x0, x3         x15=deadbeef  x3:deadbeef
   2566ns             252 00000452 00100833 add              x16, x0, x1         x16=12345678  x1:12345678
   2576ns             253 00000456 002008b3 add              x17, x0, x2         x17=cafecafe  x2:cafecafe
   2586ns             254 0000045a 00300933 add              x18, x0, x3         x18=deadbeef  x3:deadbeef
   2596ns             255 0000045e 001009b3 add              x19, x0, x1         x19=12345678  x1:12345678
   2606ns             256 00000462 00200a33 add              x20, x0, x2         x20=cafecafe  x2:cafecafe
   2616ns             257 00000466 00300ab3 add              x21, x0, x3         x21=deadbeef  x3:deadbeef
   2626ns             258 0000046a 00100b33 add              x22, x0, x1         x22=12345678  x1:12345678
   2636ns             259 0000046e 00200bb3 add              x23, x0, x2         x23=cafecafe  x2:cafecafe
   2646ns             260 00000472 00300c33 add              x24, x0, x3         x24=deadbeef  x3:deadbeef
   2656ns             261 00000476 00100cb3 add              x25, x0, x1         x25=12345678  x1:12345678
   2666ns             262 0000047a 00200d33 add              x26, x0, x2         x26=cafecafe  x2:cafecafe
   2676ns             263 0000047e 00300db3 add              x27, x0, x3         x27=deadbeef  x3:deadbeef
   2686ns             264 00000482 00100e33 add              x28, x0, x1         x28=12345678  x1:12345678
   2696ns             265 00000486 00200eb3 add              x29, x0, x2         x29=cafecafe  x2:cafecafe
   2706ns             266 0000048a 00300f33 add              x30, x0, x3         x30=deadbeef  x3:deadbeef
   2716ns             267 0000048e 00100fb3 add              x31, x0, x1         x31=12345678  x1:12345678
   2726ns             268 00000492 00200297 auipc            x5, 0x200000         x5=00200492
   2736ns             269 00000496 b7228293 addi             x5, x5, -1166        x5=00200004  x5:00200492
   2746ns             270 0000049a 0002a083 lw               x1, 0(x5)            x1=000000fe  x5:00200004  PA:00200004
   2756ns             271 0000049e 0042a103 lw               x2, 4(x5)            x2=00201110  x5:00200004  PA:00200008
   2766ns             272 000004a2 0082a183 lw               x3, 8(x5)            x3=00200888  x5:00200004  PA:0020000c
   2776ns             273 000004a6 00c2a203 lw               x4, 12(x5)           x4=00000000  x5:00200004  PA:00200010
   2786ns             274 000004aa 0102a403 lw               x8, 16(x5)           x8=00000000  x5:00200004  PA:00200014
   2796ns             275 000004ae 0142a483 lw               x9, 20(x5)           x9=00000000  x5:00200004  PA:00200018
   2806ns             276 000004b2 0182a503 lw               x10, 24(x5)         x10=00200000  x5:00200004  PA:0020001c
   2816ns             277 000004b6 01c2a583 lw               x11, 28(x5)         x11=00000510  x5:00200004  PA:00200020
   2826ns             278 000004ba 0202a603 lw               x12, 32(x5)         x12=00000000  x5:00200004  PA:00200024
   2836ns             279 000004be 0242a683 lw               x13, 36(x5)         x13=00000000  x5:00200004  PA:00200028
   2846ns             280 000004c2 0282a703 lw               x14, 40(x5)         x14=00000001  x5:00200004  PA:0020002c
   2856ns             281 000004c6 02c2a783 lw               x15, 44(x5)         x15=000020b4  x5:00200004  PA:00200030
   2866ns             282 000004ca 0302a803 lw               x16, 48(x5)         x16=0000001f  x5:00200004  PA:00200034
   2876ns             283 000004ce 0342a883 lw               x17, 52(x5)         x17=00000000  x5:00200004  PA:00200038
   2886ns             284 000004d2 0382a903 lw               x18, 56(x5)         x18=00000000  x5:00200004  PA:0020003c
   2896ns             285 000004d6 03c2a983 lw               x19, 60(x5)         x19=00000000  x5:00200004  PA:00200040
   2906ns             286 000004da 0402aa03 lw               x20, 64(x5)         x20=00000000  x5:00200004  PA:00200044
   2916ns             287 000004de 0442aa83 lw               x21, 68(x5)         x21=00000000  x5:00200004  PA:00200048
   2926ns             288 000004e2 0482ab03 lw               x22, 72(x5)         x22=00000000  x5:00200004  PA:0020004c
   2936ns             289 000004e6 04c2ab83 lw               x23, 76(x5)         x23=00000000  x5:00200004  PA:00200050
   2946ns             290 000004ea 00008067 jalr             x0, x1, 0            x1:000000fe
   2966ns             292 000000fe 00012503 lw               x10, 0(x2)          x10=xxxxxxxx  x2:00201110  PA:00201110
   2976ns             293 00000100 00410593 addi             x11, x2, 4          x11=00201114  x2:00201110
   2986ns             294 00000102 00000613 addi             x12, x0, 0          x12=00000000
   2996ns             295 00000104 006000ef jal              x1, 6                x1=00000106
   3016ns             297 0000010a fb010113 addi             x2, x2, -80          x2=002010c0  x2:00201110
   3026ns             298 0000010c 52b00793 addi             x15, x0, 1323       x15=0000052b
   3036ns             299 00000110 00f12223 sw               x15, 4(x2)          x15:0000052b  x2:002010c0  PA:002010c4
   3046ns             300 00000112 0ea00793 addi             x15, x0, 234        x15=000000ea
   3056ns             301 00000116 00f12423 sw               x15, 8(x2)          x15:000000ea  x2:002010c0  PA:002010c8
   3066ns             302 00000118 02b00793 addi             x15, x0, 43         x15=0000002b
   3076ns             303 0000011c 00f12623 sw               x15, 12(x2)         x15:0000002b  x2:002010c0  PA:002010cc
   3086ns             304 0000011e 000857b7 lui              x15, 0x85000        x15=00085000
   3096ns             305 00000122 23f78793 addi             x15, x15, 575       x15=0008523f x15:00085000
   3106ns             306 00000126 00f12823 sw               x15, 16(x2)         x15:0008523f  x2:002010c0  PA:002010d0
   3116ns             307 00000128 3e800793 addi             x15, x0, 1000       x15=000003e8
   3126ns             308 0000012c 00f12a23 sw               x15, 20(x2)         x15:000003e8  x2:002010c0  PA:002010d4
   3136ns             309 0000012e 00d00793 addi             x15, x0, 13         x15=0000000d
   3146ns             310 00000130 00f12c23 sw               x15, 24(x2)         x15:0000000d  x2:002010c0  PA:002010d8
   3156ns             311 00000132 00200793 addi             x15, x0, 2          x15=00000002
   3166ns             312 00000134 00f12e23 sw               x15, 28(x2)         x15:00000002  x2:002010c0  PA:002010dc
   3176ns             313 00000136 00400793 addi             x15, x0, 4          x15=00000004
   3186ns             314 00000138 02f12023 sw               x15, 32(x2)         x15:00000004  x2:002010c0  PA:002010e0
   3196ns             315 0000013a 03600793 addi             x15, x0, 54         x15=00000036
   3206ns             316 0000013e 02f12223 sw               x15, 36(x2)         x15:00000036  x2:002010c0  PA:002010e4
   3216ns             317 00000140 00a00793 addi             x15, x0, 10         x15=0000000a
   3226ns             318 00000142 02f12423 sw               x15, 40(x2)         x15:0000000a  x2:002010c0  PA:002010e8
   3236ns             319 00000144 04112623 sw               x1, 76(x2)           x1:00000106  x2:002010c0  PA:0020110c
   3246ns             320 00000146 00410693 addi             x13, x2, 4          x13=002010c4  x2:002010c0
   3256ns             321 00000148 01810713 addi             x14, x2, 24         x14=002010d8  x2:002010c0
   3266ns             322 0000014a 00000793 addi             x15, x0, 0          x15=00000000
   3276ns             323 0000014c 00500513 addi             x10, x0, 5          x10=00000005
   3286ns             324 0000014e 00072603 lw               x12, 0(x14)         x12=0000000d x14:002010d8  PA:002010d8
   3296ns             325 00000150 0006a583 lw               x11, 0(x13)         x11=0000052b x13:002010c4  PA:002010c4
   3306ns             326 00000152 04010813 addi             x16, x2, 64         x16=00201100  x2:002010c0
   3316ns             327 00000156 00468693 addi             x13, x13, 4         x13=002010c8 x13:002010c4
   3326ns             328 00000158 02c5c5b3 div              x11, x11, x12       x11=00000065 x11:0000052b x12:0000000d
   3636ns             359 0000015c 00279613 slli             x12, x15, 0x2       x12=00000000 x15:00000000
   3646ns             360 00000160 01060633 add              x12, x12, x16       x12=00201100 x12:00000000 x16:00201100
   3656ns             361 00000162 00178793 addi             x15, x15, 1         x15=00000001 x15:00000000
   3666ns             362 00000164 00470713 addi             x14, x14, 4         x14=002010dc x14:002010d8
   3676ns             363 00000166 feb62623 sw               x11, -20(x12)       x11:00000065 x12:00201100  PA:002010ec
   3686ns             364 0000016a fea792e3 bne              x15, x10, -28       x15:00000001 x10:00000005
   3716ns             367 0000014e 00072603 lw               x12, 0(x14)         x12=00000002 x14:002010dc  PA:002010dc
   3726ns             368 00000150 0006a583 lw               x11, 0(x13)         x11=000000ea x13:002010c8  PA:002010c8
   3736ns             369 00000152 04010813 addi             x16, x2, 64         x16=00201100  x2:002010c0
   3746ns             370 00000156 00468693 addi             x13, x13, 4         x13=002010cc x13:002010c8
   3756ns             371 00000158 02c5c5b3 div              x11, x11, x12       x11=00000075 x11:000000ea x12:00000002
   4086ns             404 0000015c 00279613 slli             x12, x15, 0x2       x12=00000004 x15:00000001
   4096ns             405 00000160 01060633 add              x12, x12, x16       x12=00201104 x12:00000004 x16:00201100
   4106ns             406 00000162 00178793 addi             x15, x15, 1         x15=00000002 x15:00000001
   4116ns             407 00000164 00470713 addi             x14, x14, 4         x14=002010e0 x14:002010dc
   4126ns             408 00000166 feb62623 sw               x11, -20(x12)       x11:00000075 x12:00201104  PA:002010f0
   4136ns             409 0000016a fea792e3 bne              x15, x10, -28       x15:00000002 x10:00000005
   4166ns             412 0000014e 00072603 lw               x12, 0(x14)         x12=00000004 x14:002010e0  PA:002010e0
   4176ns             413 00000150 0006a583 lw               x11, 0(x13)         x11=0000002b x13:002010cc  PA:002010cc
   4186ns             414 00000152 04010813 addi             x16, x2, 64         x16=00201100  x2:002010c0
   4196ns             415 00000156 00468693 addi             x13, x13, 4         x13=002010d0 x13:002010cc
   4206ns             416 00000158 02c5c5b3 div              x11, x11, x12       x11=0000000a x11:0000002b x12:00000004
   4526ns             448 0000015c 00279613 slli             x12, x15, 0x2       x12=00000008 x15:00000002
   4536ns             449 00000160 01060633 add              x12, x12, x16       x12=00201108 x12:00000008 x16:00201100
   4546ns             450 00000162 00178793 addi             x15, x15, 1         x15=00000003 x15:00000002
   4556ns             451 00000164 00470713 addi             x14, x14, 4         x14=002010e4 x14:002010e0
   4566ns             452 00000166 feb62623 sw               x11, -20(x12)       x11:0000000a x12:00201108  PA:002010f4
   4576ns             453 0000016a fea792e3 bne              x15, x10, -28       x15:00000003 x10:00000005
   4606ns             456 0000014e 00072603 lw               x12, 0(x14)         x12=00000036 x14:002010e4  PA:002010e4
   4616ns             457 00000150 0006a583 lw               x11, 0(x13)         x11=0008523f x13:002010d0  PA:002010d0
   4626ns             458 00000152 04010813 addi             x16, x2, 64         x16=00201100  x2:002010c0
   4636ns             459 00000156 00468693 addi             x13, x13, 4         x13=002010d4 x13:002010d0
   4646ns             460 00000158 02c5c5b3 div              x11, x11, x12       x11=00002772 x11:0008523f x12:00000036
   4936ns             489 0000015c 00279613 slli             x12, x15, 0x2       x12=0000000c x15:00000003
   4946ns             490 00000160 01060633 add              x12, x12, x16       x12=0020110c x12:0000000c x16:00201100
   4956ns             491 00000162 00178793 addi             x15, x15, 1         x15=00000004 x15:00000003
   4966ns             492 00000164 00470713 addi             x14, x14, 4         x14=002010e8 x14:002010e4
   4976ns             493 00000166 feb62623 sw               x11, -20(x12)       x11:00002772 x12:0020110c  PA:002010f8
   4986ns             494 0000016a fea792e3 bne              x15, x10, -28       x15:00000004 x10:00000005
   5016ns             497 0000014e 00072603 lw               x12, 0(x14)         x12=0000000a x14:002010e8  PA:002010e8
   5026ns             498 00000150 0006a583 lw               x11, 0(x13)         x11=000003e8 x13:002010d4  PA:002010d4
   5036ns             499 00000152 04010813 addi             x16, x2, 64         x16=00201100  x2:002010c0
   5046ns             500 00000156 00468693 addi             x13, x13, 4         x13=002010d8 x13:002010d4
   5056ns             501 00000158 02c5c5b3 div              x11, x11, x12       x11=00000064 x11:000003e8 x12:0000000a
   5366ns             532 0000015c 00279613 slli             x12, x15, 0x2       x12=00000010 x15:00000004
   5376ns             533 00000160 01060633 add              x12, x12, x16       x12=00201110 x12:00000010 x16:00201100
   5386ns             534 00000162 00178793 addi             x15, x15, 1         x15=00000005 x15:00000004
   5396ns             535 00000164 00470713 addi             x14, x14, 4         x14=002010ec x14:002010e8
   5406ns             536 00000166 feb62623 sw               x11, -20(x12)       x11:00000064 x12:00201110  PA:002010fc
   5416ns             537 0000016a fea792e3 bne              x15, x10, -28       x15:00000005 x10:00000005
   5426ns             538 0000016e 00002537 lui              x10, 0x2000         x10=00002000
   5436ns             539 00000172 fc450513 addi             x10, x10, -60       x10=00001fc4 x10:00002000
   5446ns             540 00000176 558000ef jal              x1, 1368             x1=00000178
   5466ns             542 000006ce 00a005b3 add              x11, x0, x10        x11=00001fc4 x10:00001fc4
   5476ns             543 000006d0 0381a503 lw               x10, 56(x3)         x10=00200088  x3:00200888  PA:002008c0
   5486ns             544 000006d4 f8bff06f jal              x0, -118           
   5506ns             546 0000065e fc010113 addi             x2, x2, -64          x2=00201080  x2:002010c0
   5516ns             547 00000660 02812c23 sw               x8, 56(x2)           x8:00000000  x2:00201080  PA:002010b8
   5526ns             548 00000662 00a00433 add              x8, x0, x10          x8=00200088 x10:00200088
   5536ns             549 00000664 00b00533 add              x10, x0, x11        x10=00001fc4 x11:00001fc4
   5546ns             550 00000666 00b12623 sw               x11, 12(x2)         x11:00001fc4  x2:00201080  PA:0020108c
   5556ns             551 00000668 02112e23 sw               x1, 60(x2)           x1:00000178  x2:00201080  PA:002010bc
   5566ns             552 0000066a 126000ef jal              x1, 294              x1=0000066c
   5586ns             554 00000790 00a007b3 add              x15, x0, x10        x15=00001fc4 x10:00001fc4
   5596ns             555 00000792 00178793 addi             x15, x15, 1         x15=00001fc5 x15:00001fc4
   5606ns             556 00000794 fff7c703 lbu              x14, -1(x15)        x14=00000068 x15:00001fc5  PA:00001fc4
   5626ns             558 00000798 fe071de3 bne              x14, x0, -6         x14:00000068
   5656ns             561 00000792 00178793 addi             x15, x15, 1         x15=00001fc6 x15:00001fc5
   5666ns             562 00000794 fff7c703 lbu              x14, -1(x15)        x14=00000065 x15:00001fc6  PA:00001fc5
   5686ns             564 00000798 fe071de3 bne              x14, x0, -6         x14:00000065
   5716ns             567 00000792 00178793 addi             x15, x15, 1         x15=00001fc7 x15:00001fc6
   5726ns             568 00000794 fff7c703 lbu              x14, -1(x15)        x14=0000006c x15:00001fc7  PA:00001fc6
   5746ns             570 00000798 fe071de3 bne              x14, x0, -6         x14:0000006c
   5776ns             573 00000792 00178793 addi             x15, x15, 1         x15=00001fc8 x15:00001fc7
   5786ns             574 00000794 fff7c703 lbu              x14, -1(x15)        x14=0000006c x15:00001fc8  PA:00001fc7
   5806ns             576 00000798 fe071de3 bne              x14, x0, -6         x14:0000006c
   5836ns             579 00000792 00178793 addi             x15, x15, 1         x15=00001fc9 x15:00001fc8
   5846ns             580 00000794 fff7c703 lbu              x14, -1(x15)        x14=0000006f x15:00001fc9  PA:00001fc8
   5866ns             582 00000798 fe071de3 bne              x14, x0, -6         x14:0000006f
   5896ns             585 00000792 00178793 addi             x15, x15, 1         x15=00001fca x15:00001fc9
   5906ns             586 00000794 fff7c703 lbu              x14, -1(x15)        x14=00000020 x15:00001fca  PA:00001fc9
   5926ns             588 00000798 fe071de3 bne              x14, x0, -6         x14:00000020
   5956ns             591 00000792 00178793 addi             x15, x15, 1         x15=00001fcb x15:00001fca
   5966ns             592 00000794 fff7c703 lbu              x14, -1(x15)        x14=0000006d x15:00001fcb  PA:00001fca
   5986ns             594 00000798 fe071de3 bne              x14, x0, -6         x14:0000006d
   6016ns             597 00000792 00178793 addi             x15, x15, 1         x15=00001fcc x15:00001fcb
   6026ns             598 00000794 fff7c703 lbu              x14, -1(x15)        x14=0000006f x15:00001fcc  PA:00001fcb
   6046ns             600 00000798 fe071de3 bne              x14, x0, -6         x14:0000006f
   6076ns             603 00000792 00178793 addi             x15, x15, 1         x15=00001fcd x15:00001fcc
   6086ns             604 00000794 fff7c703 lbu              x14, -1(x15)        x14=0000006e x15:00001fcd  PA:00001fcc
   6106ns             606 00000798 fe071de3 bne              x14, x0, -6         x14:0000006e
   6136ns             609 00000792 00178793 addi             x15, x15, 1         x15=00001fce x15:00001fcd
   6146ns             610 00000794 fff7c703 lbu              x14, -1(x15)        x14=00000064 x15:00001fce  PA:00001fcd
   6166ns             612 00000798 fe071de3 bne              x14, x0, -6         x14:00000064
   6196ns             615 00000792 00178793 addi             x15, x15, 1         x15=00001fcf x15:00001fce
   6206ns             616 00000794 fff7c703 lbu              x14, -1(x15)        x14=0000006f x15:00001fcf  PA:00001fce
   6226ns             618 00000798 fe071de3 bne              x14, x0, -6         x14:0000006f
   6256ns             621 00000792 00178793 addi             x15, x15, 1         x15=00001fd0 x15:00001fcf
   6266ns             622 00000794 fff7c703 lbu              x14, -1(x15)        x14=00000020 x15:00001fd0  PA:00001fcf
   6286ns             624 00000798 fe071de3 bne              x14, x0, -6         x14:00000020
   6316ns             627 00000792 00178793 addi             x15, x15, 1         x15=00001fd1 x15:00001fd0
   6326ns             628 00000794 fff7c703 lbu              x14, -1(x15)        x14=00000077 x15:00001fd1  PA:00001fd0
   6346ns             630 00000798 fe071de3 bne              x14, x0, -6         x14:00000077
   6376ns             633 00000792 00178793 addi             x15, x15, 1         x15=00001fd2 x15:00001fd1
   6386ns             634 00000794 fff7c703 lbu              x14, -1(x15)        x14=0000006f x15:00001fd2  PA:00001fd1
   6406ns             636 00000798 fe071de3 bne              x14, x0, -6         x14:0000006f
   6436ns             639 00000792 00178793 addi             x15, x15, 1         x15=00001fd3 x15:00001fd2
   6446ns             640 00000794 fff7c703 lbu              x14, -1(x15)        x14=00000072 x15:00001fd3  PA:00001fd2
   6466ns             642 00000798 fe071de3 bne              x14, x0, -6         x14:00000072
   6496ns             645 00000792 00178793 addi             x15, x15, 1         x15=00001fd4 x15:00001fd3
   6506ns             646 00000794 fff7c703 lbu              x14, -1(x15)        x14=0000006c x15:00001fd4  PA:00001fd3
   6526ns             648 00000798 fe071de3 bne              x14, x0, -6         x14:0000006c
   6556ns             651 00000792 00178793 addi             x15, x15, 1         x15=00001fd5 x15:00001fd4
   6566ns             652 00000794 fff7c703 lbu              x14, -1(x15)        x14=00000064 x15:00001fd5  PA:00001fd4
   6586ns             654 00000798 fe071de3 bne              x14, x0, -6         x14:00000064
   6616ns             657 00000792 00178793 addi             x15, x15, 1         x15=00001fd6 x15:00001fd5
   6626ns             658 00000794 fff7c703 lbu              x14, -1(x15)        x14=00000021 x15:00001fd6  PA:00001fd5
   6646ns             660 00000798 fe071de3 bne              x14, x0, -6         x14:00000021
   6676ns             663 00000792 00178793 addi             x15, x15, 1         x15=00001fd7 x15:00001fd6
   6686ns             664 00000794 fff7c703 lbu              x14, -1(x15)        x14=00000000 x15:00001fd7  PA:00001fd6
   6706ns             666 00000798 fe071de3 bne              x14, x0, -6         x14:00000000
   6716ns             667 0000079a 40a78533 sub              x10, x15, x10       x10=00000013 x15:00001fd7 x10:00001fc4
   6726ns             668 0000079e fff50513 addi             x10, x10, -1        x10=00000012 x10:00000013
   6736ns             669 000007a0 00008067 jalr             x0, x1, 0            x1:0000066c
   6756ns             671 0000066c 000027b7 lui              x15, 0x2000         x15=00002000
   6766ns             672 00000670 0b078793 addi             x15, x15, 176       x15=000020b0 x15:00002000
   6776ns             673 00000674 02f12423 sw               x15, 40(x2)         x15:000020b0  x2:00201080  PA:002010a8
   6786ns             674 00000676 00100793 addi             x15, x0, 1          x15=00000001
   6796ns             675 00000678 02f12623 sw               x15, 44(x2)         x15:00000001  x2:00201080  PA:002010ac
   6806ns             676 0000067a 02010793 addi             x15, x2, 32         x15=002010a0  x2:00201080
   6816ns             677 0000067c 00c12583 lw               x11, 12(x2)         x11=00001fc4  x2:00201080  PA:0020108c
   6826ns             678 0000067e 00f12a23 sw               x15, 20(x2)         x15:002010a0  x2:00201080  PA:00201094
   6836ns             679 00000680 00200793 addi             x15, x0, 2          x15=00000002
   6846ns             680 00000682 00f12c23 sw               x15, 24(x2)         x15:00000002  x2:00201080  PA:00201098
   6856ns             681 00000684 03842783 lw               x15, 56(x8)         x15=00000000  x8:00200088  PA:002000c0
   6866ns             682 00000686 02a12223 sw               x10, 36(x2)         x10:00000012  x2:00201080  PA:002010a4
   6876ns             683 00000688 00150513 addi             x10, x10, 1         x10=00000013 x10:00000012
   6886ns             684 0000068a 02b12023 sw               x11, 32(x2)         x11:00001fc4  x2:00201080  PA:002010a0
   6896ns             685 0000068c 00a12e23 sw               x10, 28(x2)         x10:00000013  x2:00201080  PA:0020109c
   6906ns             686 0000068e 00842583 lw               x11, 8(x8)          x11=002003dc  x8:00200088  PA:00200090
   6916ns             687 00000690 00079563 bne              x15, x0, 10         x15:00000000
   6926ns             688 00000692 00800533 add              x10, x0, x8         x10=00200088  x8:00200088
   6936ns             689 00000694 00b12623 sw               x11, 12(x2)         x11:002003dc  x2:00201080  PA:0020108c
   6946ns             690 00000696 2de000ef jal              x1, 734              x1=00000698
   6966ns             692 00000974 03852783 lw               x15, 56(x10)        x15=00000000 x10:00200088  PA:002000c0
   6986ns             694 00000976 04079563 bne              x15, x0, 74         x15:00000000
   6996ns             695 00000978 ff010113 addi             x2, x2, -16          x2=00201070  x2:00201080
   7006ns             696 0000097a 000017b7 lui              x15, 0x1000         x15=00001000
   7016ns             697 0000097e 00112623 sw               x1, 12(x2)           x1:00000698  x2:00201070  PA:0020107c
   7026ns             698 00000980 00812423 sw               x8, 8(x2)            x8:00200088  x2:00201070  PA:00201078
   7036ns             699 00000982 8b078793 addi             x15, x15, -1872     x15=000008b0 x15:00001000
   7046ns             700 00000986 02f52e23 sw               x15, 60(x10)        x15:000008b0 x10:00200088  PA:002000c4
   7056ns             701 00000988 00300793 addi             x15, x0, 3          x15=00000003
   7066ns             702 0000098a 2ef52223 sw               x15, 740(x10)       x15:00000003 x10:00200088  PA:0020036c
   7076ns             703 0000098e 2ec50793 addi             x15, x10, 748       x15=00200374 x10:00200088
   7086ns             704 00000992 00a00433 add              x8, x0, x10          x8=00200088 x10:00200088
   7096ns             705 00000994 2ef52423 sw               x15, 744(x10)       x15:00200374 x10:00200088  PA:00200370
   7106ns             706 00000998 2e052023 sw               x0, 736(x10)        x10:00200088  PA:00200368
   7116ns             707 0000099c 00452503 lw               x10, 4(x10)         x10=00200374 x10:00200088  PA:0020008c
   7126ns             708 0000099e 00000613 addi             x12, x0, 0          x12=00000000
   7136ns             709 000009a0 00400593 addi             x11, x0, 4          x11=00000004
   7146ns             710 000009a2 f1bff0ef jal              x1, -230             x1=000009a4
   7166ns             712 000008bc ff010113 addi             x2, x2, -16          x2=00201060  x2:00201070
   7176ns             713 000008be 00812423 sw               x8, 8(x2)            x8:00200088  x2:00201060  PA:00201068
   7186ns             714 000008c0 00112623 sw               x1, 12(x2)           x1:000009a4  x2:00201060  PA:0020106c
   7196ns             715 000008c2 00a00433 add              x8, x0, x10          x8=00200374 x10:00200374
   7206ns             716 000008c4 00b51623 sh               x11, 12(x10)        x11:00000004 x10:00200374  PA:00200380
   7216ns             717 000008c8 00c51723 sh               x12, 14(x10)        x12:00000000 x10:00200374  PA:00200382
   7226ns             718 000008cc 00052023 sw               x0, 0(x10)          x10:00200374  PA:00200374
   7236ns             719 000008d0 00052223 sw               x0, 4(x10)          x10:00200374  PA:00200378
   7246ns             720 000008d4 00052423 sw               x0, 8(x10)          x10:00200374  PA:0020037c
   7256ns             721 000008d8 06052223 sw               x0, 100(x10)        x10:00200374  PA:002003d8
   7266ns             722 000008dc 00052823 sw               x0, 16(x10)         x10:00200374  PA:00200384
   7276ns             723 000008e0 00052a23 sw               x0, 20(x10)         x10:00200374  PA:00200388
   7286ns             724 000008e4 00052c23 sw               x0, 24(x10)         x10:00200374  PA:0020038c
   7296ns             725 000008e8 00800613 addi             x12, x0, 8          x12=00000008
   7306ns             726 000008ea 00000593 addi             x11, x0, 0          x11=00000000
   7316ns             727 000008ec 05c50513 addi             x10, x10, 92        x10=002003d0 x10:00200374
   7326ns             728 000008f0 cc7ff0ef jal              x1, -826             x1=000008f2
   7346ns             730 000005b6 00f00813 addi             x16, x0, 15         x16=0000000f
   7356ns             731 000005b8 00a00733 add              x14, x0, x10        x14=002003d0 x10:002003d0
   7366ns             732 000005ba 02c87363 bgeu             x16, x12, 38        x16:0000000f x12:00000008
   7396ns             735 000005e0 40c806b3 sub              x13, x16, x12       x13=00000007 x16:0000000f x12:00000008
   7406ns             736 000005e4 00269693 slli             x13, x13, 0x2       x13=0000001c x13:00000007
   7416ns             737 000005e6 00000297 auipc            x5, 0x0              x5=000005e6
   7426ns             738 000005ea 005686b3 add              x13, x13, x5        x13=00000602 x13:0000001c  x5:000005e6
   7446ns             740 000005ec 00a68067 jalr             x0, x13, 10         x13:00000602
   7466ns             742 0000060c 00b703a3 sb               x11, 7(x14)         x11:00000000 x14:002003d0  PA:002003d7
   7476ns             743 00000610 00b70323 sb               x11, 6(x14)         x11:00000000 x14:002003d0  PA:002003d6
   7486ns             744 00000614 00b702a3 sb               x11, 5(x14)         x11:00000000 x14:002003d0  PA:002003d5
   7496ns             745 00000618 00b70223 sb               x11, 4(x14)         x11:00000000 x14:002003d0  PA:002003d4
   7506ns             746 0000061c 00b701a3 sb               x11, 3(x14)         x11:00000000 x14:002003d0  PA:002003d3
   7516ns             747 00000620 00b70123 sb               x11, 2(x14)         x11:00000000 x14:002003d0  PA:002003d2
   7526ns             748 00000624 00b700a3 sb               x11, 1(x14)         x11:00000000 x14:002003d0  PA:002003d1
   7536ns             749 00000628 00b70023 sb               x11, 0(x14)         x11:00000000 x14:002003d0  PA:002003d0
   7546ns             750 0000062c 00008067 jalr             x0, x1, 0            x1:000008f2
   7566ns             752 000008f2 000027b7 lui              x15, 0x2000         x15=00002000
   7576ns             753 000008f6 9da78793 addi             x15, x15, -1574     x15=000019da x15:00002000
   7586ns             754 000008fa 02f42023 sw               x15, 32(x8)         x15:000019da  x8:00200374  PA:00200394
   7596ns             755 000008fc 000027b7 lui              x15, 0x2000         x15=00002000
   7606ns             756 00000900 a0e78793 addi             x15, x15, -1522     x15=00001a0e x15:00002000
   7616ns             757 00000904 02f42223 sw               x15, 36(x8)         x15:00001a0e  x8:00200374  PA:00200398
   7626ns             758 00000906 000027b7 lui              x15, 0x2000         x15=00002000
   7636ns             759 0000090a a5c78793 addi             x15, x15, -1444     x15=00001a5c x15:00002000
   7646ns             760 0000090e 02f42423 sw               x15, 40(x8)         x15:00001a5c  x8:00200374  PA:0020039c
   7656ns             761 00000910 000027b7 lui              x15, 0x2000         x15=00002000
   7666ns             762 00000914 a9278793 addi             x15, x15, -1390     x15=00001a92 x15:00002000
   7676ns             763 00000918 00842e23 sw               x8, 28(x8)           x8:00200374  x8:00200374  PA:00200390
   7686ns             764 0000091a 02f42623 sw               x15, 44(x8)         x15:00001a92  x8:00200374  PA:002003a0
   7696ns             765 0000091c 00c12083 lw               x1, 12(x2)           x1=000009a4  x2:00201060  PA:0020106c
   7706ns             766 0000091e 00812403 lw               x8, 8(x2)            x8=00200088  x2:00201060  PA:00201068
   7716ns             767 00000920 01010113 addi             x2, x2, 16           x2=00201070  x2:00201060
   7726ns             768 00000922 00008067 jalr             x0, x1, 0            x1:000009a4
   7746ns             770 000009a4 00842503 lw               x10, 8(x8)          x10=002003dc  x8:00200088  PA:00200090
   7756ns             771 000009a6 00100613 addi             x12, x0, 1          x12=00000001
   7766ns             772 000009a8 00900593 addi             x11, x0, 9          x11=00000009
   7776ns             773 000009aa f13ff0ef jal              x1, -238             x1=000009ac
   7796ns             775 000008bc ff010113 addi             x2, x2, -16          x2=00201060  x2:00201070
   7806ns             776 000008be 00812423 sw               x8, 8(x2)            x8:00200088  x2:00201060  PA:00201068
   7816ns             777 000008c0 00112623 sw               x1, 12(x2)           x1:000009ac  x2:00201060  PA:0020106c
   7826ns             778 000008c2 00a00433 add              x8, x0, x10          x8=002003dc x10:002003dc
   7836ns             779 000008c4 00b51623 sh               x11, 12(x10)        x11:00000009 x10:002003dc  PA:002003e8
   7846ns             780 000008c8 00c51723 sh               x12, 14(x10)        x12:00000001 x10:002003dc  PA:002003ea
   7856ns             781 000008cc 00052023 sw               x0, 0(x10)          x10:002003dc  PA:002003dc
   7866ns             782 000008d0 00052223 sw               x0, 4(x10)          x10:002003dc  PA:002003e0
   7876ns             783 000008d4 00052423 sw               x0, 8(x10)          x10:002003dc  PA:002003e4
   7886ns             784 000008d8 06052223 sw               x0, 100(x10)        x10:002003dc  PA:00200440
   7896ns             785 000008dc 00052823 sw               x0, 16(x10)         x10:002003dc  PA:002003ec
   7906ns             786 000008e0 00052a23 sw               x0, 20(x10)         x10:002003dc  PA:002003f0
   7916ns             787 000008e4 00052c23 sw               x0, 24(x10)         x10:002003dc  PA:002003f4
   7926ns             788 000008e8 00800613 addi             x12, x0, 8          x12=00000008
   7936ns             789 000008ea 00000593 addi             x11, x0, 0          x11=00000000
   7946ns             790 000008ec 05c50513 addi             x10, x10, 92        x10=00200438 x10:002003dc
   7956ns             791 000008f0 cc7ff0ef jal              x1, -826             x1=000008f2
   7976ns             793 000005b6 00f00813 addi             x16, x0, 15         x16=0000000f
   7986ns             794 000005b8 00a00733 add              x14, x0, x10        x14=00200438 x10:00200438
   7996ns             795 000005ba 02c87363 bgeu             x16, x12, 38        x16:0000000f x12:00000008
   8026ns             798 000005e0 40c806b3 sub              x13, x16, x12       x13=00000007 x16:0000000f x12:00000008
   8036ns             799 000005e4 00269693 slli             x13, x13, 0x2       x13=0000001c x13:00000007
   8046ns             800 000005e6 00000297 auipc            x5, 0x0              x5=000005e6
   8056ns             801 000005ea 005686b3 add              x13, x13, x5        x13=00000602 x13:0000001c  x5:000005e6
   8076ns             803 000005ec 00a68067 jalr             x0, x13, 10         x13:00000602
   8096ns             805 0000060c 00b703a3 sb               x11, 7(x14)         x11:00000000 x14:00200438  PA:0020043f
   8106ns             806 00000610 00b70323 sb               x11, 6(x14)         x11:00000000 x14:00200438  PA:0020043e
   8116ns             807 00000614 00b702a3 sb               x11, 5(x14)         x11:00000000 x14:00200438  PA:0020043d
   8126ns             808 00000618 00b70223 sb               x11, 4(x14)         x11:00000000 x14:00200438  PA:0020043c
   8136ns             809 0000061c 00b701a3 sb               x11, 3(x14)         x11:00000000 x14:00200438  PA:0020043b
   8146ns             810 00000620 00b70123 sb               x11, 2(x14)         x11:00000000 x14:00200438  PA:0020043a
   8156ns             811 00000624 00b700a3 sb               x11, 1(x14)         x11:00000000 x14:00200438  PA:00200439
   8166ns             812 00000628 00b70023 sb               x11, 0(x14)         x11:00000000 x14:00200438  PA:00200438
   8176ns             813 0000062c 00008067 jalr             x0, x1, 0            x1:000008f2
   8196ns             815 000008f2 000027b7 lui              x15, 0x2000         x15=00002000
   8206ns             816 000008f6 9da78793 addi             x15, x15, -1574     x15=000019da x15:00002000
   8216ns             817 000008fa 02f42023 sw               x15, 32(x8)         x15:000019da  x8:002003dc  PA:002003fc
   8226ns             818 000008fc 000027b7 lui              x15, 0x2000         x15=00002000
   8236ns             819 00000900 a0e78793 addi             x15, x15, -1522     x15=00001a0e x15:00002000
   8246ns             820 00000904 02f42223 sw               x15, 36(x8)         x15:00001a0e  x8:002003dc  PA:00200400
   8256ns             821 00000906 000027b7 lui              x15, 0x2000         x15=00002000
   8266ns             822 0000090a a5c78793 addi             x15, x15, -1444     x15=00001a5c x15:00002000
   8276ns             823 0000090e 02f42423 sw               x15, 40(x8)         x15:00001a5c  x8:002003dc  PA:00200404
   8286ns             824 00000910 000027b7 lui              x15, 0x2000         x15=00002000
   8296ns             825 00000914 a9278793 addi             x15, x15, -1390     x15=00001a92 x15:00002000
   8306ns             826 00000918 00842e23 sw               x8, 28(x8)           x8:002003dc  x8:002003dc  PA:002003f8
   8316ns             827 0000091a 02f42623 sw               x15, 44(x8)         x15:00001a92  x8:002003dc  PA:00200408
   8326ns             828 0000091c 00c12083 lw               x1, 12(x2)           x1=000009ac  x2:00201060  PA:0020106c
   8336ns             829 0000091e 00812403 lw               x8, 8(x2)            x8=00200088  x2:00201060  PA:00201068
   8346ns             830 00000920 01010113 addi             x2, x2, 16           x2=00201070  x2:00201060
   8356ns             831 00000922 00008067 jalr             x0, x1, 0            x1:000009ac
   8376ns             833 000009ac 00c42503 lw               x10, 12(x8)         x10=00200444  x8:00200088  PA:00200094
   8386ns             834 000009ae 00200613 addi             x12, x0, 2          x12=00000002
   8396ns             835 000009b0 01200593 addi             x11, x0, 18         x11=00000012
   8406ns             836 000009b2 f0bff0ef jal              x1, -246             x1=000009b4
   8426ns             838 000008bc ff010113 addi             x2, x2, -16          x2=00201060  x2:00201070
   8436ns             839 000008be 00812423 sw               x8, 8(x2)            x8:00200088  x2:00201060  PA:00201068
   8446ns             840 000008c0 00112623 sw               x1, 12(x2)           x1:000009b4  x2:00201060  PA:0020106c
   8456ns             841 000008c2 00a00433 add              x8, x0, x10          x8=00200444 x10:00200444
   8466ns             842 000008c4 00b51623 sh               x11, 12(x10)        x11:00000012 x10:00200444  PA:00200450
   8476ns             843 000008c8 00c51723 sh               x12, 14(x10)        x12:00000002 x10:00200444  PA:00200452
   8486ns             844 000008cc 00052023 sw               x0, 0(x10)          x10:00200444  PA:00200444
   8496ns             845 000008d0 00052223 sw               x0, 4(x10)          x10:00200444  PA:00200448
   8506ns             846 000008d4 00052423 sw               x0, 8(x10)          x10:00200444  PA:0020044c
   8516ns             847 000008d8 06052223 sw               x0, 100(x10)        x10:00200444  PA:002004a8
   8526ns             848 000008dc 00052823 sw               x0, 16(x10)         x10:00200444  PA:00200454
   8536ns             849 000008e0 00052a23 sw               x0, 20(x10)         x10:00200444  PA:00200458
   8546ns             850 000008e4 00052c23 sw               x0, 24(x10)         x10:00200444  PA:0020045c
   8556ns             851 000008e8 00800613 addi             x12, x0, 8          x12=00000008
   8566ns             852 000008ea 00000593 addi             x11, x0, 0          x11=00000000
   8576ns             853 000008ec 05c50513 addi             x10, x10, 92        x10=002004a0 x10:00200444
   8586ns             854 000008f0 cc7ff0ef jal              x1, -826             x1=000008f2
   8606ns             856 000005b6 00f00813 addi             x16, x0, 15         x16=0000000f
   8616ns             857 000005b8 00a00733 add              x14, x0, x10        x14=002004a0 x10:002004a0
   8626ns             858 000005ba 02c87363 bgeu             x16, x12, 38        x16:0000000f x12:00000008
   8656ns             861 000005e0 40c806b3 sub              x13, x16, x12       x13=00000007 x16:0000000f x12:00000008
   8666ns             862 000005e4 00269693 slli             x13, x13, 0x2       x13=0000001c x13:00000007
   8676ns             863 000005e6 00000297 auipc            x5, 0x0              x5=000005e6
   8686ns             864 000005ea 005686b3 add              x13, x13, x5        x13=00000602 x13:0000001c  x5:000005e6
   8706ns             866 000005ec 00a68067 jalr             x0, x13, 10         x13:00000602
   8726ns             868 0000060c 00b703a3 sb               x11, 7(x14)         x11:00000000 x14:002004a0  PA:002004a7
   8736ns             869 00000610 00b70323 sb               x11, 6(x14)         x11:00000000 x14:002004a0  PA:002004a6
   8746ns             870 00000614 00b702a3 sb               x11, 5(x14)         x11:00000000 x14:002004a0  PA:002004a5
   8756ns             871 00000618 00b70223 sb               x11, 4(x14)         x11:00000000 x14:002004a0  PA:002004a4
   8766ns             872 0000061c 00b701a3 sb               x11, 3(x14)         x11:00000000 x14:002004a0  PA:002004a3
   8776ns             873 00000620 00b70123 sb               x11, 2(x14)         x11:00000000 x14:002004a0  PA:002004a2
   8786ns             874 00000624 00b700a3 sb               x11, 1(x14)         x11:00000000 x14:002004a0  PA:002004a1
   8796ns             875 00000628 00b70023 sb               x11, 0(x14)         x11:00000000 x14:002004a0  PA:002004a0
   8806ns             876 0000062c 00008067 jalr             x0, x1, 0            x1:000008f2
   8826ns             878 000008f2 000027b7 lui              x15, 0x2000         x15=00002000
   8836ns             879 000008f6 9da78793 addi             x15, x15, -1574     x15=000019da x15:00002000
   8846ns             880 000008fa 02f42023 sw               x15, 32(x8)         x15:000019da  x8:00200444  PA:00200464
   8856ns             881 000008fc 000027b7 lui              x15, 0x2000         x15=00002000
   8866ns             882 00000900 a0e78793 addi             x15, x15, -1522     x15=00001a0e x15:00002000
   8876ns             883 00000904 02f42223 sw               x15, 36(x8)         x15:00001a0e  x8:00200444  PA:00200468
   8886ns             884 00000906 000027b7 lui              x15, 0x2000         x15=00002000
   8896ns             885 0000090a a5c78793 addi             x15, x15, -1444     x15=00001a5c x15:00002000
   8906ns             886 0000090e 02f42423 sw               x15, 40(x8)         x15:00001a5c  x8:00200444  PA:0020046c
   8916ns             887 00000910 000027b7 lui              x15, 0x2000         x15=00002000
   8926ns             888 00000914 a9278793 addi             x15, x15, -1390     x15=00001a92 x15:00002000
   8936ns             889 00000918 00842e23 sw               x8, 28(x8)           x8:00200444  x8:00200444  PA:00200460
   8946ns             890 0000091a 02f42623 sw               x15, 44(x8)         x15:00001a92  x8:00200444  PA:00200470
   8956ns             891 0000091c 00c12083 lw               x1, 12(x2)           x1=000009b4  x2:00201060  PA:0020106c
   8966ns             892 0000091e 00812403 lw               x8, 8(x2)            x8=00200088  x2:00201060  PA:00201068
   8976ns             893 00000920 01010113 addi             x2, x2, 16           x2=00201070  x2:00201060
   8986ns             894 00000922 00008067 jalr             x0, x1, 0            x1:000009b4
   9006ns             896 000009b4 00100793 addi             x15, x0, 1          x15=00000001
   9016ns             897 000009b6 02f42c23 sw               x15, 56(x8)         x15:00000001  x8:00200088  PA:002000c0
   9026ns             898 000009b8 00c12083 lw               x1, 12(x2)           x1=00000698  x2:00201070  PA:0020107c
   9036ns             899 000009ba 00812403 lw               x8, 8(x2)            x8=00200088  x2:00201070  PA:00201078
   9046ns             900 000009bc 01010113 addi             x2, x2, 16           x2=00201080  x2:00201070
   9056ns             901 000009be 00008067 jalr             x0, x1, 0            x1:00000698
   9076ns             903 00000698 00c12583 lw               x11, 12(x2)         x11=002003dc  x2:00201080  PA:0020108c
   9096ns             905 0000069a 00c59783 lh               x15, 12(x11)        x15=00000009 x11:002003dc  PA:002003e8
   9116ns             907 0000069e 01279713 slli             x14, x15, 0x12      x14=00240000 x15:00000009
   9126ns             908 000006a2 00074b63 blt              x14, x0, 22         x14:00240000
   9136ns             909 000006a6 000026b7 lui              x13, 0x2000         x13=00002000
   9146ns             910 000006a8 0645a703 lw               x14, 100(x11)       x14=00000000 x11:002003dc  PA:00200440
   9156ns             911 000006aa 00d7e7b3 or               x15, x15, x13       x15=00002009 x15:00000009 x13:00002000
   9166ns             912 000006ac 00f59623 sh               x15, 12(x11)        x15:00002009 x11:002003dc  PA:002003e8
   9176ns             913 000006b0 ffffe7b7 lui              x15, 0xffffe000     x15=ffffe000
   9186ns             914 000006b2 fff78793 addi             x15, x15, -1        x15=ffffdfff x15:ffffe000
   9196ns             915 000006b4 00e7f7b3 and              x15, x15, x14       x15=00000000 x15:ffffdfff x14:00000000
   9206ns             916 000006b6 06f5a223 sw               x15, 100(x11)       x15:00000000 x11:002003dc  PA:00200440
   9216ns             917 000006b8 01410613 addi             x12, x2, 20         x12=00201094  x2:00201080
   9226ns             918 000006ba 00800533 add              x10, x0, x8         x10=00200088  x8:00200088
   9236ns             919 000006bc 618000ef jal              x1, 1560             x1=000006be
   9256ns             921 00000cd4 00862783 lw               x15, 8(x12)         x15=00000013 x12:00201094  PA:0020109c
   9276ns             923 00000cd6 00079463 bne              x15, x0, 8          x15:00000013
   9316ns             927 00000cde 00c5d783 lhu              x15, 12(x11)        x15=00002009 x11:002003dc  PA:002003e8
   9326ns             928 00000ce2 fb010113 addi             x2, x2, -80          x2=00201030  x2:00201080
   9336ns             929 00000ce4 04812423 sw               x8, 72(x2)           x8:00200088  x2:00201030  PA:00201078
   9346ns             930 00000ce6 05212023 sw               x18, 64(x2)         x18:00000000  x2:00201030  PA:00201070
   9356ns             931 00000ce8 03512a23 sw               x21, 52(x2)         x21:00000000  x2:00201030  PA:00201064
   9366ns             932 00000cea 04112623 sw               x1, 76(x2)           x1:000006be  x2:00201030  PA:0020107c
   9376ns             933 00000cec 04912223 sw               x9, 68(x2)           x9:00000000  x2:00201030  PA:00201074
   9386ns             934 00000cee 03312e23 sw               x19, 60(x2)         x19:00000000  x2:00201030  PA:0020106c
   9396ns             935 00000cf0 03412c23 sw               x20, 56(x2)         x20:00000000  x2:00201030  PA:00201068
   9406ns             936 00000cf2 03612823 sw               x22, 48(x2)         x22:00000000  x2:00201030  PA:00201060
   9416ns             937 00000cf4 03712623 sw               x23, 44(x2)         x23:00000000  x2:00201030  PA:0020105c
   9426ns             938 00000cf6 03812423 sw               x24, 40(x2)         x24:deadbeef  x2:00201030  PA:00201058
   9436ns             939 00000cf8 03912223 sw               x25, 36(x2)         x25:12345678  x2:00201030  PA:00201054
   9446ns             940 00000cfa 03a12023 sw               x26, 32(x2)         x26:cafecafe  x2:00201030  PA:00201050
   9456ns             941 00000cfc 01b12e23 sw               x27, 28(x2)         x27:deadbeef  x2:00201030  PA:0020104c
   9466ns             942 00000cfe 0087f793 andi             x15, x15, 8         x15=00000008 x15:00002009
   9476ns             943 00000d00 00c00ab3 add              x21, x0, x12        x21=00201094 x12:00201094
   9486ns             944 00000d02 00b00433 add              x8, x0, x11          x8=002003dc x11:002003dc
   9496ns             945 00000d04 00a00933 add              x18, x0, x10        x18=00200088 x10:00200088
   9506ns             946 00000d06 08078f63 beq              x15, x0, 158        x15:00000008
   9516ns             947 00000d08 0105a783 lw               x15, 16(x11)        x15=00000000 x11:002003dc  PA:002003ec
   9536ns             949 00000d0a 08078d63 beq              x15, x0, 154        x15:00000000
   9566ns             952 00000da4 008005b3 add              x11, x0, x8         x11=002003dc  x8:002003dc
   9576ns             953 00000da6 01200533 add              x10, x0, x18        x10=00200088 x18:00200088
   9586ns             954 00000da8 521000ef jal              x1, 3360             x1=00000dac
   9606ns             956 00001ac8 ff010113 addi             x2, x2, -16          x2=00201020  x2:00201030
   9616ns             957 00001aca 00912223 sw               x9, 4(x2)            x9:00000000  x2:00201020  PA:00201024
   9626ns             958 00001acc 00a004b3 add              x9, x0, x10          x9=00200088 x10:00200088
   9636ns             959 00001ace 0381a503 lw               x10, 56(x3)         x10=00200088  x3:00200888  PA:002008c0
   9646ns             960 00001ad2 00812423 sw               x8, 8(x2)            x8:002003dc  x2:00201020  PA:00201028
   9656ns             961 00001ad4 00112623 sw               x1, 12(x2)           x1:00000dac  x2:00201020  PA:0020102c
   9666ns             962 00001ad6 00b00433 add              x8, x0, x11          x8=002003dc x11:002003dc
   9676ns             963 00001ad8 00050563 beq              x10, x0, 10         x10:00200088
   9686ns             964 00001ada 03852783 lw               x15, 56(x10)        x15=00000001 x10:00200088  PA:002000c0
   9706ns             966 00001adc 00079363 bne              x15, x0, 6          x15:00000001
   9736ns             969 00001ae2 00c41703 lh               x14, 12(x8)         x14=00002009  x8:002003dc  PA:002003e8
   9756ns             971 00001ae6 01071793 slli             x15, x14, 0x10      x15=20090000 x14:00002009
   9766ns             972 00001aea 0107d793 srli             x15, x15, 0x10      x15=00002009 x15:20090000
   9776ns             973 00001aec 0087f693 andi             x13, x15, 8         x13=00000008 x15:00002009
   9786ns             974 00001af0 04069d63 bne              x13, x0, 90         x13:00000008
   9816ns             977 00001b4a 01042783 lw               x15, 16(x8)         x15=00000000  x8:002003dc  PA:002003ec
   9836ns             979 00001b4c 00079c63 bne              x15, x0, 24         x15:00000000
   9846ns             980 00001b4e 00c45783 lhu              x15, 12(x8)         x15=00002009  x8:002003dc  PA:002003e8
   9856ns             981 00001b52 20000713 addi             x14, x0, 512        x14=00000200
   9866ns             982 00001b56 2807f793 andi             x15, x15, 640       x15=00000000 x15:00002009
   9876ns             983 00001b5a 00e78563 beq              x15, x14, 10        x15:00000000 x14:00000200
   9886ns             984 00001b5e 008005b3 add              x11, x0, x8         x11=002003dc  x8:002003dc
   9896ns             985 00001b60 00900533 add              x10, x0, x9         x10=00200088  x9:00200088
   9906ns             986 00001b62 338000ef jal              x1, 824              x1=00001b64
   9926ns             988 00001e9a 00c5d783 lhu              x15, 12(x11)        x15=00002009 x11:002003dc  PA:002003e8
   9936ns             989 00001e9e fe010113 addi             x2, x2, -32          x2=00201000  x2:00201020
   9946ns             990 00001ea0 00812c23 sw               x8, 24(x2)           x8:002003dc  x2:00201000  PA:00201018
   9956ns             991 00001ea2 00112e23 sw               x1, 28(x2)           x1:00001b64  x2:00201000  PA:0020101c
   9966ns             992 00001ea4 00912a23 sw               x9, 20(x2)           x9:00200088  x2:00201000  PA:00201014
   9976ns             993 00001ea6 01212823 sw               x18, 16(x2)         x18:00200088  x2:00201000  PA:00201010
   9986ns             994 00001ea8 0027f793 andi             x15, x15, 2         x15=00000000 x15:00002009
   9996ns             995 00001eaa 00b00433 add              x8, x0, x11          x8=002003dc x11:002003dc
  10006ns             996 00001eac 00078d63 beq              x15, x0, 26         x15:00000000
  10036ns             999 00001ec6 00c10693 addi             x13, x2, 12         x13=0020100c  x2:00201000
  10046ns            1000 00001ec8 00810613 addi             x12, x2, 8          x12=00201008  x2:00201000
  10056ns            1001 00001eca 00a004b3 add              x9, x0, x10          x9=00200088 x10:00200088
  10066ns            1002 00001ecc f6bff0ef jal              x1, -150             x1=00001ece
  10086ns            1004 00001e36 fa010113 addi             x2, x2, -96          x2=00200fa0  x2:00201000
  10096ns            1005 00001e38 04912a23 sw               x9, 84(x2)           x9:00200088  x2:00200fa0  PA:00200ff4
  10106ns            1006 00001e3a 00b004b3 add              x9, x0, x11          x9=002003dc x11:002003dc
  10116ns            1007 00001e3c 00e59583 lh               x11, 14(x11)        x11=00000001 x11:002003dc  PA:002003ea
  10126ns            1008 00001e40 04812c23 sw               x8, 88(x2)           x8:002003dc  x2:00200fa0  PA:00200ff8
  10136ns            1009 00001e42 04112e23 sw               x1, 92(x2)           x1:00001ece  x2:00200fa0  PA:00200ffc
  10146ns            1010 00001e44 00c00433 add              x8, x0, x12          x8=00201008 x12:00201008
  10156ns            1011 00001e46 0005dc63 bge              x11, x0, 24         x11:00000001
  10186ns            1014 00001e5e 01410613 addi             x12, x2, 20         x12=00200fb4  x2:00200fa0
  10196ns            1015 00001e60 00d12623 sw               x13, 12(x2)         x13:0020100c  x2:00200fa0  PA:00200fac
  10206ns            1016 00001e62 106000ef jal              x1, 262              x1=00001e64
  10226ns            1018 00001f68 ff010113 addi             x2, x2, -16          x2=00200f90  x2:00200fa0
  10236ns            1019 00001f6a 00812423 sw               x8, 8(x2)            x8:00201008  x2:00200f90  PA:00200f98
  10246ns            1020 00001f6c 00912223 sw               x9, 4(x2)            x9:002003dc  x2:00200f90  PA:00200f94
  10256ns            1021 00001f6e 00a004b3 add              x9, x0, x10          x9=00200088 x10:00200088
  10266ns            1022 00001f70 00b00533 add              x10, x0, x11        x10=00000001 x11:00000001
  10276ns            1023 00001f72 00c005b3 add              x11, x0, x12        x11=00200fb4 x12:00200fb4
  10286ns            1024 00001f74 00112623 sw               x1, 12(x2)           x1:00001e64  x2:00200f90  PA:00200f9c
  10296ns            1025 00001f76 0601ae23 sw               x0, 124(x3)          x3:00200888  PA:00200904
  10306ns            1026 00001f7a a8cfe0ef jal              x1, -7540            x1=00001f7e
  10326ns            1028 00000206 000027b7 lui              x15, 0x2000         x15=00002000
  10336ns            1029 00000208 00f5a223 sw               x15, 4(x11)         x15:00002000 x11:00200fb4  PA:00200fb8
  10346ns            1030 0000020a 00000513 addi             x10, x0, 0          x10=00000000
  10356ns            1031 0000020c 00008067 jalr             x0, x1, 0            x1:00001f7e
  10376ns            1033 00001f7e fff00793 addi             x15, x0, -1         x15=ffffffff
  10386ns            1034 00001f80 00f51663 bne              x10, x15, 12        x10:00000000 x15:ffffffff
  10416ns            1037 00001f8c 00c12083 lw               x1, 12(x2)           x1=00001e64  x2:00200f90  PA:00200f9c
  10426ns            1038 00001f8e 00812403 lw               x8, 8(x2)            x8=00201008  x2:00200f90  PA:00200f98
  10436ns            1039 00001f90 00412483 lw               x9, 4(x2)            x9=002003dc  x2:00200f90  PA:00200f94
  10446ns            1040 00001f92 01010113 addi             x2, x2, 16           x2=00200fa0  x2:00200f90
  10456ns            1041 00001f94 00008067 jalr             x0, x1, 0            x1:00001e64
  10476ns            1043 00001e64 00c12683 lw               x13, 12(x2)         x13=0020100c  x2:00200fa0  PA:00200fac
  10486ns            1044 00001e66 fe0542e3 blt              x10, x0, -28        x10:00000000
  10496ns            1045 00001e6a 01812703 lw               x14, 24(x2)         x14=00002000  x2:00200fa0  PA:00200fb8
  10506ns            1046 00001e6c 0000f7b7 lui              x15, 0xf000         x15=0000f000
  10516ns            1047 00001e6e 00001537 lui              x10, 0x1000         x10=00001000
  10526ns            1048 00001e70 00e7f7b3 and              x15, x15, x14       x15=00002000 x15:0000f000 x14:00002000
  10536ns            1049 00001e72 ffffe737 lui              x14, 0xffffe000     x14=ffffe000
  10546ns            1050 00001e74 00e787b3 add              x15, x15, x14       x15=00000000 x15:00002000 x14:ffffe000
  10556ns            1051 00001e76 0017b793 sltiu            x15, x15, 1         x15=00000001 x15:00000000
  10566ns            1052 00001e7a 00f6a023 sw               x15, 0(x13)         x15:00000001 x13:0020100c  PA:0020100c
  10576ns            1053 00001e7c 40000793 addi             x15, x0, 1024       x15=00000400
  10586ns            1054 00001e80 00f42023 sw               x15, 0(x8)          x15:00000400  x8:00201008  PA:00201008
  10596ns            1055 00001e82 80050513 addi             x10, x10, -2048     x10=00000800 x10:00001000
  10606ns            1056 00001e86 00a0006f jal              x0, 10             
  10626ns            1058 00001e90 05c12083 lw               x1, 92(x2)           x1=00001ece  x2:00200fa0  PA:00200ffc
  10636ns            1059 00001e92 05812403 lw               x8, 88(x2)           x8=002003dc  x2:00200fa0  PA:00200ff8
  10646ns            1060 00001e94 05412483 lw               x9, 84(x2)           x9=00200088  x2:00200fa0  PA:00200ff4
  10656ns            1061 00001e96 06010113 addi             x2, x2, 96           x2=00201000  x2:00200fa0
  10666ns            1062 00001e98 00008067 jalr             x0, x1, 0            x1:00001ece
  10686ns            1064 00001ece 00812583 lw               x11, 8(x2)          x11=00000400  x2:00201000  PA:00201008
  10696ns            1065 00001ed0 00a00933 add              x18, x0, x10        x18=00000800 x10:00000800
  10706ns            1066 00001ed2 00900533 add              x10, x0, x9         x10=00200088  x9:00200088
  10716ns            1067 00001ed4 9a6ff0ef jal              x1, -3674            x1=00001ed8
  10736ns            1069 0000107a fd010113 addi             x2, x2, -48          x2=00200fd0  x2:00201000
  10746ns            1070 0000107c 02112623 sw               x1, 44(x2)           x1:00001ed8  x2:00200fd0  PA:00200ffc
  10756ns            1071 0000107e 02812423 sw               x8, 40(x2)           x8:002003dc  x2:00200fd0  PA:00200ff8
  10766ns            1072 00001080 02912223 sw               x9, 36(x2)           x9:00200088  x2:00200fd0  PA:00200ff4
  10776ns            1073 00001082 03212023 sw               x18, 32(x2)         x18:00000800  x2:00200fd0  PA:00200ff0
  10786ns            1074 00001084 01312e23 sw               x19, 28(x2)         x19:00000000  x2:00200fd0  PA:00200fec
  10796ns            1075 00001086 01412c23 sw               x20, 24(x2)         x20:00000000  x2:00200fd0  PA:00200fe8
  10806ns            1076 00001088 01512a23 sw               x21, 20(x2)         x21:00201094  x2:00200fd0  PA:00200fe4
  10816ns            1077 0000108a 01612823 sw               x22, 16(x2)         x22:00000000  x2:00200fd0  PA:00200fe0
  10826ns            1078 0000108c 01712623 sw               x23, 12(x2)         x23:00000000  x2:00200fd0  PA:00200fdc
  10836ns            1079 0000108e 01812423 sw               x24, 8(x2)          x24:deadbeef  x2:00200fd0  PA:00200fd8
  10846ns            1080 00001090 00b58793 addi             x15, x11, 11        x15=0000040b x11:00000400
  10856ns            1081 00001094 01600713 addi             x14, x0, 22         x14=00000016
  10866ns            1082 00001096 02f77563 bgeu             x14, x15, 42        x14:00000016 x15:0000040b
  10876ns            1083 0000109a ff87f493 andi             x9, x15, -8          x9=00000408 x15:0000040b
  10886ns            1084 0000109e 0204d263 bge              x9, x0, 36           x9:00000408
  10916ns            1087 000010c2 feb4e0e3 bltu             x9, x11, -32         x9:00000408 x11:00000400
  10926ns            1088 000010c6 00a009b3 add              x19, x0, x10        x19=00200088 x10:00200088
  10936ns            1089 000010c8 554000ef jal              x1, 1364             x1=000010ca
  10956ns            1091 0000161c 00008067 jalr             x0, x1, 0            x1:000010ca
  10976ns            1093 000010ca 1f700793 addi             x15, x0, 503        x15=000001f7
  10996ns            1095 000010ce c2818913 addi             x18, x3, -984       x18=002004b0  x3:00200888
  11006ns            1096 000010d2 0297ec63 bltu             x15, x9, 56         x15:000001f7  x9:00000408
  11036ns            1099 0000110a 0094d713 srli             x14, x9, 0x9        x14=00000002  x9:00000408
  11056ns            1101 0000110e 03f00793 addi             x15, x0, 63         x15=0000003f
  11066ns            1102 00001112 00070863 beq              x14, x0, 16         x14:00000002
  11076ns            1103 00001114 00400793 addi             x15, x0, 4          x15=00000004
  11086ns            1104 00001116 06e7ec63 bltu             x15, x14, 120       x15:00000004 x14:00000002
  11096ns            1105 0000111a 0064d793 srli             x15, x9, 0x6        x15=00000010  x9:00000408
  11106ns            1106 0000111e 03878793 addi             x15, x15, 56        x15=00000048 x15:00000010
  11116ns            1107 00001122 00178713 addi             x14, x15, 1         x14=00000049 x15:00000048
  11126ns            1108 00001126 00371713 slli             x14, x14, 0x3       x14=00000248 x14:00000049
  11136ns            1109 00001128 01270733 add              x14, x14, x18       x14=002006f8 x14:00000248 x18:002004b0
  11146ns            1110 0000112a 00472403 lw               x8, 4(x14)           x8=002006f0 x14:002006f8  PA:002006fc
  11156ns            1111 0000112c ff870593 addi             x11, x14, -8        x11=002006f0 x14:002006f8
  11166ns            1112 00001130 00f00513 addi             x10, x0, 15         x10=0000000f
  11176ns            1113 00001132 00b40963 beq              x8, x11, 18          x8:002006f0 x11:002006f0
  11206ns            1116 00001144 00178793 addi             x15, x15, 1         x15=00000049 x15:00000048
  11216ns            1117 00001146 01092403 lw               x8, 16(x18)          x8=002004b8 x18:002004b0  PA:002004c0
  11226ns            1118 0000114a 00890693 addi             x13, x18, 8         x13=002004b8 x18:002004b0
  11236ns            1119 0000114e c3018593 addi             x11, x3, -976       x11=002004b8  x3:00200888
  11246ns            1120 00001152 0ed40263 beq              x8, x13, 228         x8:002004b8 x13:002004b8
  11276ns            1123 00001236 4027d713 srai             x14, x15, 0x402     x14=00000012 x15:00000049
  11286ns            1124 0000123a 00100313 addi             x6, x0, 1            x6=00000001
  11296ns            1125 0000123c 00e31333 sll              x6, x6, x14          x6=00040000  x6:00000001 x14:00000012
  11306ns            1126 00001240 00492703 lw               x14, 4(x18)         x14=00000000 x18:002004b0  PA:002004b4
  11326ns            1128 00001244 04676c63 bltu             x14, x6, 88         x14:00000000  x6:00040000
  11356ns            1131 0000129c 00892b83 lw               x23, 8(x18)         x23=002004b0 x18:002004b0  PA:002004b8
  11376ns            1133 000012a0 004ba403 lw               x8, 4(x23)           x8=00000000 x23:002004b0  PA:002004b4
  11396ns            1135 000012a4 ffc47a93 andi             x21, x8, -4         x21=00000000  x8:00000000
  11406ns            1136 000012a8 009ae763 bltu             x21, x9, 14         x21:00000000  x9:00000408
  11436ns            1139 000012b6 04c1a403 lw               x8, 76(x3)           x8=15151515  x3:00200888  PA:002008d4
  11446ns            1140 000012ba 03c1a703 lw               x14, 60(x3)         x14=ffffffff  x3:00200888  PA:002008c4
  11456ns            1141 000012be fff00793 addi             x15, x0, -1         x15=ffffffff
  11466ns            1142 000012c0 00940433 add              x8, x8, x9           x8=1515191d  x8:15151515  x9:00000408
  11476ns            1143 000012c2 16f71563 bne              x14, x15, 362       x14:ffffffff x15:ffffffff
  11486ns            1144 000012c6 01040413 addi             x8, x8, 16           x8=1515192d  x8:1515191d
  11496ns            1145 000012c8 008005b3 add              x11, x0, x8         x11=1515192d  x8:1515192d
  11506ns            1146 000012ca 01300533 add              x10, x0, x19        x10=00200088 x19:00200088
  11516ns            1147 000012cc 6e2000ef jal              x1, 1762             x1=000012ce
  11536ns            1149 000019ae ff010113 addi             x2, x2, -16          x2=00200fc0  x2:00200fd0
  11546ns            1150 000019b0 00812423 sw               x8, 8(x2)            x8:1515192d  x2:00200fc0  PA:00200fc8
  11556ns            1151 000019b2 00912223 sw               x9, 4(x2)            x9:00000408  x2:00200fc0  PA:00200fc4
  11566ns            1152 000019b4 00a004b3 add              x9, x0, x10          x9=00200088 x10:00200088
  11576ns            1153 000019b6 00b00533 add              x10, x0, x11        x10=1515192d x11:1515192d
  11586ns            1154 000019b8 00112623 sw               x1, 12(x2)           x1:000012ce  x2:00200fc0  PA:00200fcc
  11596ns            1155 000019ba 0601ae23 sw               x0, 124(x3)          x3:00200888  PA:00200904
  11606ns            1156 000019be 927fe0ef jal              x1, -5850            x1=000019c2
  11626ns            1158 000002e4 08018593 addi             x11, x3, 128        x11=00200908  x3:00200888
  11636ns            1159 000002e8 48018793 addi             x15, x3, 1152       x15=00200d08  x3:00200888
  11646ns            1160 000002ec 0301a603 lw               x12, 48(x3)         x12=00200908  x3:00200888  PA:002008b8
  11656ns            1161 000002f0 02f58063 beq              x11, x15, 32        x11:00200908 x15:00200d08
  11666ns            1162 000002f4 00a60733 add              x14, x12, x10       x14=15352235 x12:00200908 x10:1515192d
  11676ns            1163 000002f8 02e1a823 sw               x14, 48(x3)         x14:15352235  x3:00200888  PA:002008b8
  11686ns            1164 000002fc 00f77763 bgeu             x14, x15, 14        x14:15352235 x15:00200d08
  11716ns            1167 0000030a 02f1a823 sw               x15, 48(x3)         x15:00200d08  x3:00200888  PA:002008b8
  11726ns            1168 0000030e ff9ff06f jal              x0, -8             
  11746ns            1170 00000306 00c00533 add              x10, x0, x12        x10=00200908 x12:00200908
  11756ns            1171 00000308 00008067 jalr             x0, x1, 0            x1:000019c2
  11776ns            1173 000019c2 fff00793 addi             x15, x0, -1         x15=ffffffff
  11786ns            1174 000019c4 00f51663 bne              x10, x15, 12        x10:00200908 x15:ffffffff
  11816ns            1177 000019d0 00c12083 lw               x1, 12(x2)           x1=000012ce  x2:00200fc0  PA:00200fcc
  11826ns            1178 000019d2 00812403 lw               x8, 8(x2)            x8=1515192d  x2:00200fc0  PA:00200fc8
  11836ns            1179 000019d4 00412483 lw               x9, 4(x2)            x9=00000408  x2:00200fc0  PA:00200fc4
  11846ns            1180 000019d6 01010113 addi             x2, x2, 16           x2=00200fd0  x2:00200fc0
  11856ns            1181 000019d8 00008067 jalr             x0, x1, 0            x1:000012ce
  11876ns            1183 000012ce fff00793 addi             x15, x0, -1         x15=ffffffff
  11886ns            1184 000012d0 00a00b33 add              x22, x0, x10        x22=00200908 x10:00200908
  11896ns            1185 000012d2 1cf50663 beq              x10, x15, 460       x10:00200908 x15:ffffffff
  11906ns            1186 000012d6 015b87b3 add              x15, x23, x21       x15=002004b0 x23:002004b0 x21:00000000
  11916ns            1187 000012da 00f57463 bgeu             x10, x15, 8         x10:00200908 x15:002004b0
  11946ns            1190 000012e2 05018693 addi             x13, x3, 80         x13=002008d8  x3:00200888
  11956ns            1191 000012e6 0006a703 lw               x14, 0(x13)         x14=15151515 x13:002008d8  PA:002008d8
  11966ns            1192 000012e8 05018c13 addi             x24, x3, 80         x24=002008d8  x3:00200888
  11976ns            1193 000012ec 00870733 add              x14, x14, x8        x14=2a2a2e42 x14:15151515  x8:1515192d
  11986ns            1194 000012ee 00e6a023 sw               x14, 0(x13)         x14:2a2a2e42 x13:002008d8  PA:002008d8
  11996ns            1195 000012f0 15679463 bne              x15, x22, 328       x15:002004b0 x22:00200908
  12026ns            1198 00001438 03c1a603 lw               x12, 60(x3)         x12=ffffffff  x3:00200888  PA:002008c4
  12036ns            1199 0000143c fff00693 addi             x13, x0, -1         x13=ffffffff
  12046ns            1200 0000143e 06d61e63 bne              x12, x13, 124       x12:ffffffff x13:ffffffff
  12056ns            1201 00001442 0361ae23 sw               x22, 60(x3)         x22:00200908  x3:00200888  PA:002008c4
  12066ns            1202 00001446 007b7593 andi             x11, x22, 7         x11=00000000 x22:00200908
  12076ns            1203 0000144a 00058563 beq              x11, x0, 10         x11:00000000
  12106ns            1206 00001454 000017b7 lui              x15, 0x1000         x15=00001000
  12116ns            1207 00001456 00f585b3 add              x11, x11, x15       x11=00001000 x11:00000000 x15:00001000
  12126ns            1208 00001458 01640433 add              x8, x8, x22          x8=15352235  x8:1515192d x22:00200908
  12136ns            1209 0000145a fff78793 addi             x15, x15, -1        x15=00000fff x15:00001000
  12146ns            1210 0000145c 00f47433 and              x8, x8, x15          x8=00000235  x8:15352235 x15:00000fff
  12156ns            1211 0000145e 40858a33 sub              x20, x11, x8        x20=00000dcb x11:00001000  x8:00000235
  12166ns            1212 00001462 014005b3 add              x11, x0, x20        x11=00000dcb x20:00000dcb
  12176ns            1213 00001464 01300533 add              x10, x0, x19        x10=00200088 x19:00200088
  12186ns            1214 00001466 548000ef jal              x1, 1352             x1=00001468
  12206ns            1216 000019ae ff010113 addi             x2, x2, -16          x2=00200fc0  x2:00200fd0
  12216ns            1217 000019b0 00812423 sw               x8, 8(x2)            x8:00000235  x2:00200fc0  PA:00200fc8
  12226ns            1218 000019b2 00912223 sw               x9, 4(x2)            x9:00000408  x2:00200fc0  PA:00200fc4
  12236ns            1219 000019b4 00a004b3 add              x9, x0, x10          x9=00200088 x10:00200088
  12246ns            1220 000019b6 00b00533 add              x10, x0, x11        x10=00000dcb x11:00000dcb
  12256ns            1221 000019b8 00112623 sw               x1, 12(x2)           x1:00001468  x2:00200fc0  PA:00200fcc
  12266ns            1222 000019ba 0601ae23 sw               x0, 124(x3)          x3:00200888  PA:00200904
  12276ns            1223 000019be 927fe0ef jal              x1, -5850            x1=000019c2
  12296ns            1225 000002e4 08018593 addi             x11, x3, 128        x11=00200908  x3:00200888
  12306ns            1226 000002e8 48018793 addi             x15, x3, 1152       x15=00200d08  x3:00200888
  12316ns            1227 000002ec 0301a603 lw               x12, 48(x3)         x12=00200d08  x3:00200888  PA:002008b8
  12326ns            1228 000002f0 02f58063 beq              x11, x15, 32        x11:00200908 x15:00200d08
  12336ns            1229 000002f4 00a60733 add              x14, x12, x10       x14=00201ad3 x12:00200d08 x10:00000dcb
  12346ns            1230 000002f8 02e1a823 sw               x14, 48(x3)         x14:00201ad3  x3:00200888  PA:002008b8
  12356ns            1231 000002fc 00f77763 bgeu             x14, x15, 14        x14:00201ad3 x15:00200d08
  12386ns            1234 0000030a 02f1a823 sw               x15, 48(x3)         x15:00200d08  x3:00200888  PA:002008b8
  12396ns            1235 0000030e ff9ff06f jal              x0, -8             
  12416ns            1237 00000306 00c00533 add              x10, x0, x12        x10=00200d08 x12:00200d08
  12426ns            1238 00000308 00008067 jalr             x0, x1, 0            x1:000019c2
  12446ns            1240 000019c2 fff00793 addi             x15, x0, -1         x15=ffffffff
  12456ns            1241 000019c4 00f51663 bne              x10, x15, 12        x10:00200d08 x15:ffffffff
  12486ns            1244 000019d0 00c12083 lw               x1, 12(x2)           x1=00001468  x2:00200fc0  PA:00200fcc
  12496ns            1245 000019d2 00812403 lw               x8, 8(x2)            x8=00000235  x2:00200fc0  PA:00200fc8
  12506ns            1246 000019d4 00412483 lw               x9, 4(x2)            x9=00000408  x2:00200fc0  PA:00200fc4
  12516ns            1247 000019d6 01010113 addi             x2, x2, 16           x2=00200fd0  x2:00200fc0
  12526ns            1248 000019d8 00008067 jalr             x0, x1, 0            x1:00001468
  12546ns            1250 00001468 fff00793 addi             x15, x0, -1         x15=ffffffff
  12556ns            1251 0000146a 00f51463 bne              x10, x15, 8         x10:00200d08 x15:ffffffff
  12586ns            1254 00001472 000c2783 lw               x15, 0(x24)         x15=2a2a2e42 x24:002008d8  PA:002008d8
  12596ns            1255 00001476 41650533 sub              x10, x10, x22       x10=00000400 x10:00200d08 x22:00200908
  12606ns            1256 0000147a 01692423 sw               x22, 8(x18)         x22:00200908 x18:002004b0  PA:002004b8
  12616ns            1257 0000147e 014787b3 add              x15, x15, x20       x15=2a2a3c0d x15:2a2a2e42 x20:00000dcb
  12626ns            1258 00001480 00aa0a33 add              x20, x20, x10       x20=000011cb x20:00000dcb x10:00000400
  12636ns            1259 00001482 001a6a13 ori              x20, x20, 1         x20=000011cb x20:000011cb
  12646ns            1260 00001486 00fc2023 sw               x15, 0(x24)         x15:2a2a3c0d x24:002008d8  PA:002008d8
  12656ns            1261 0000148a 014b2223 sw               x20, 4(x22)         x20:000011cb x22:00200908  PA:0020090c
  12666ns            1262 0000148e e72b8de3 beq              x23, x18, -390      x23:002004b0 x18:002004b0
  12696ns            1265 00001308 000c2783 lw               x15, 0(x24)         x15=2a2a3c0d x24:002008d8  PA:002008d8
  12706ns            1266 0000130c 0481a683 lw               x13, 72(x3)         x13=15151515  x3:00200888  PA:002008d0
  12726ns            1268 00001310 00f6f463 bgeu             x13, x15, 8         x13:15151515 x15:2a2a3c0d
  12736ns            1269 00001314 04f1a423 sw               x15, 72(x3)         x15:2a2a3c0d  x3:00200888  PA:002008d0
  12746ns            1270 00001318 0441a683 lw               x13, 68(x3)         x13=15151515  x3:00200888  PA:002008cc
  12766ns            1272 0000131c 18f6f163 bgeu             x13, x15, 386       x13:15151515 x15:2a2a3c0d
  12776ns            1273 00001320 04f1a223 sw               x15, 68(x3)         x15:2a2a3c0d  x3:00200888  PA:002008cc
  12786ns            1274 00001324 17a0006f jal              x0, 378            
  12816ns            1277 0000149e 00892783 lw               x15, 8(x18)         x15=00200908 x18:002004b0  PA:002004b8
  12836ns            1279 000014a2 0047a783 lw               x15, 4(x15)         x15=000011cb x15:00200908  PA:0020090c
  12856ns            1281 000014a4 ffc7f793 andi             x15, x15, -4        x15=000011c8 x15:000011cb
  12866ns            1282 000014a6 40978733 sub              x14, x15, x9        x14=00000dc0 x15:000011c8  x9:00000408
  12876ns            1283 000014aa 0097e563 bltu             x15, x9, 10         x15:000011c8  x9:00000408
  12886ns            1284 000014ae 00f00793 addi             x15, x0, 15         x15=0000000f
  12896ns            1285 000014b0 04e7c163 blt              x15, x14, 66        x15:0000000f x14:00000dc0
  12926ns            1288 000014f2 00892403 lw               x8, 8(x18)           x8=00200908 x18:002004b0  PA:002004b8
  12936ns            1289 000014f6 0014e793 ori              x15, x9, 1          x15=00000409  x9:00000408
  12946ns            1290 000014fa 00f42223 sw               x15, 4(x8)          x15:00000409  x8:00200908  PA:0020090c
  12956ns            1291 000014fc 009407b3 add              x15, x8, x9         x15=00200d10  x8:00200908  x9:00000408
  12966ns            1292 00001500 00f92423 sw               x15, 8(x18)         x15:00200d10 x18:002004b0  PA:002004b8
  12976ns            1293 00001504 bffff06f jal              x0, -1026          
  12996ns            1295 00001102 00176713 ori              x14, x14, 1         x14=00000dc1 x14:00000dc0
  13006ns            1296 00001106 00e7a223 sw               x14, 4(x15)         x14:00000dc1 x15:00200d10  PA:00200d14
  13016ns            1297 00001108 07c0006f jal              x0, 124            
  13036ns            1299 00001184 01300533 add              x10, x0, x19        x10=00200088 x19:00200088
  13046ns            1300 00001186 498000ef jal              x1, 1176             x1=00001188
  13066ns            1302 0000161e 00008067 jalr             x0, x1, 0            x1:00001188
  13086ns            1304 00001188 00840513 addi             x10, x8, 8          x10=00200910  x8:00200908
  13096ns            1305 0000118c f1dff06f jal              x0, -228           
  13116ns            1307 000010a8 02c12083 lw               x1, 44(x2)           x1=00001ed8  x2:00200fd0  PA:00200ffc
  13126ns            1308 000010aa 02812403 lw               x8, 40(x2)           x8=002003dc  x2:00200fd0  PA:00200ff8
  13136ns            1309 000010ac 02412483 lw               x9, 36(x2)           x9=00200088  x2:00200fd0  PA:00200ff4
  13146ns            1310 000010ae 02012903 lw               x18, 32(x2)         x18=00000800  x2:00200fd0  PA:00200ff0
  13156ns            1311 000010b0 01c12983 lw               x19, 28(x2)         x19=00000000  x2:00200fd0  PA:00200fec
  13166ns            1312 000010b2 01812a03 lw               x20, 24(x2)         x20=00000000  x2:00200fd0  PA:00200fe8
  13176ns            1313 000010b4 01412a83 lw               x21, 20(x2)         x21=00201094  x2:00200fd0  PA:00200fe4
  13186ns            1314 000010b6 01012b03 lw               x22, 16(x2)         x22=00000000  x2:00200fd0  PA:00200fe0
  13196ns            1315 000010b8 00c12b83 lw               x23, 12(x2)         x23=00000000  x2:00200fd0  PA:00200fdc
  13206ns            1316 000010ba 00812c03 lw               x24, 8(x2)          x24=deadbeef  x2:00200fd0  PA:00200fd8
  13216ns            1317 000010bc 03010113 addi             x2, x2, 48           x2=00201000  x2:00200fd0
  13226ns            1318 000010be 00008067 jalr             x0, x1, 0            x1:00001ed8
  13246ns            1320 00001ed8 00051c63 bne              x10, x0, 24         x10:00200910
  13276ns            1323 00001ef0 000017b7 lui              x15, 0x1000         x15=00001000
  13286ns            1324 00001ef4 8b078793 addi             x15, x15, -1872     x15=000008b0 x15:00001000
  13296ns            1325 00001ef8 02f4ae23 sw               x15, 60(x9)         x15:000008b0  x9:00200088  PA:002000c4
  13306ns            1326 00001efa 00c45783 lhu              x15, 12(x8)         x15=00002009  x8:002003dc  PA:002003e8
  13316ns            1327 00001efe 00a42023 sw               x10, 0(x8)          x10:00200910  x8:002003dc  PA:002003dc
  13326ns            1328 00001f00 00a42823 sw               x10, 16(x8)         x10:00200910  x8:002003dc  PA:002003ec
  13336ns            1329 00001f02 0807e793 ori              x15, x15, 128       x15=00002089 x15:00002009
  13346ns            1330 00001f06 00f41623 sh               x15, 12(x8)         x15:00002089  x8:002003dc  PA:002003e8
  13356ns            1331 00001f0a 00812783 lw               x15, 8(x2)          x15=00000400  x2:00201000  PA:00201008
  13376ns            1333 00001f0c 00f42a23 sw               x15, 20(x8)         x15:00000400  x8:002003dc  PA:002003f0
  13386ns            1334 00001f0e 00c12783 lw               x15, 12(x2)         x15=00000001  x2:00201000  PA:0020100c
  13406ns            1336 00001f10 00078d63 beq              x15, x0, 26         x15:00000001
  13416ns            1337 00001f12 00e41583 lh               x11, 14(x8)         x11=00000001  x8:002003dc  PA:002003ea
  13426ns            1338 00001f16 00900533 add              x10, x0, x9         x10=00200088  x9:00200088
  13436ns            1339 00001f18 07e000ef jal              x1, 126              x1=00001f1a
  13456ns            1341 00001f96 ff010113 addi             x2, x2, -16          x2=00200ff0  x2:00201000
  13466ns            1342 00001f98 00812423 sw               x8, 8(x2)            x8:002003dc  x2:00200ff0  PA:00200ff8
  13476ns            1343 00001f9a 00912223 sw               x9, 4(x2)            x9:00200088  x2:00200ff0  PA:00200ff4
  13486ns            1344 00001f9c 00a004b3 add              x9, x0, x10          x9=00200088 x10:00200088
  13496ns            1345 00001f9e 00b00533 add              x10, x0, x11        x10=00000001 x11:00000001
  13506ns            1346 00001fa0 00112623 sw               x1, 12(x2)           x1:00001f1a  x2:00200ff0  PA:00200ffc
  13516ns            1347 00001fa2 0601ae23 sw               x0, 124(x3)          x3:00200888  PA:00200904
  13526ns            1348 00001fa6 a9cfe0ef jal              x1, -7524            x1=00001faa
  13546ns            1350 00000242 fff50513 addi             x10, x10, -1        x10=00000000 x10:00000001
  13556ns            1351 00000244 00153513 sltiu            x10, x10, 1         x10=00000001 x10:00000000
  13566ns            1352 00000248 00008067 jalr             x0, x1, 0            x1:00001faa
  13586ns            1354 00001faa fff00793 addi             x15, x0, -1         x15=ffffffff
  13596ns            1355 00001fac 00f51663 bne              x10, x15, 12        x10:00000001 x15:ffffffff
  13626ns            1358 00001fb8 00c12083 lw               x1, 12(x2)           x1=00001f1a  x2:00200ff0  PA:00200ffc
  13636ns            1359 00001fba 00812403 lw               x8, 8(x2)            x8=002003dc  x2:00200ff0  PA:00200ff8
  13646ns            1360 00001fbc 00412483 lw               x9, 4(x2)            x9=00200088  x2:00200ff0  PA:00200ff4
  13656ns            1361 00001fbe 01010113 addi             x2, x2, 16           x2=00201000  x2:00200ff0
  13666ns            1362 00001fc0 00008067 jalr             x0, x1, 0            x1:00001f1a
  13686ns            1364 00001f1a 00050863 beq              x10, x0, 16         x10:00000001
  13696ns            1365 00001f1c 00c45783 lhu              x15, 12(x8)         x15=00002089  x8:002003dc  PA:002003e8
  13716ns            1367 00001f20 ffc7f793 andi             x15, x15, -4        x15=00002088 x15:00002089
  13726ns            1368 00001f22 0017e793 ori              x15, x15, 1         x15=00002089 x15:00002088
  13736ns            1369 00001f26 00f41623 sh               x15, 12(x8)         x15:00002089  x8:002003dc  PA:002003e8
  13746ns            1370 00001f2a 00c45783 lhu              x15, 12(x8)         x15=00002089  x8:002003dc  PA:002003e8
  13766ns            1372 00001f2e 00f96933 or               x18, x18, x15       x18=00002889 x18:00000800 x15:00002089
  13776ns            1373 00001f32 01241623 sh               x18, 12(x8)         x18:00002889  x8:002003dc  PA:002003e8
  13786ns            1374 00001f36 f85ff06f jal              x0, -124           
  13806ns            1376 00001eba 01c12083 lw               x1, 28(x2)           x1=00001b64  x2:00201000  PA:0020101c
  13816ns            1377 00001ebc 01812403 lw               x8, 24(x2)           x8=002003dc  x2:00201000  PA:00201018
  13826ns            1378 00001ebe 01412483 lw               x9, 20(x2)           x9=00200088  x2:00201000  PA:00201014
  13836ns            1379 00001ec0 01012903 lw               x18, 16(x2)         x18=00200088  x2:00201000  PA:00201010
  13846ns            1380 00001ec2 02010113 addi             x2, x2, 32           x2=00201020  x2:00201000
  13856ns            1381 00001ec4 00008067 jalr             x0, x1, 0            x1:00001b64
  13876ns            1383 00001b64 00c45783 lhu              x15, 12(x8)         x15=00002889  x8:002003dc  PA:002003e8
  13896ns            1385 00001b68 0017f713 andi             x14, x15, 1         x14=00000001 x15:00002889
  13906ns            1386 00001b6c 02070463 beq              x14, x0, 40         x14:00000001
  13916ns            1387 00001b6e 01442783 lw               x15, 20(x8)         x15=00000400  x8:002003dc  PA:002003f0
  13926ns            1388 00001b70 00042423 sw               x0, 8(x8)            x8:002003dc  PA:002003e4
  13936ns            1389 00001b74 40f007b3 sub              x15, x0, x15        x15=fffffc00 x15:00000400
  13946ns            1390 00001b78 00f42c23 sw               x15, 24(x8)         x15:fffffc00  x8:002003dc  PA:002003f4
  13956ns            1391 00001b7a 01042783 lw               x15, 16(x8)         x15=00200910  x8:002003dc  PA:002003ec
  13966ns            1392 00001b7c 00000513 addi             x10, x0, 0          x10=00000000
  13976ns            1393 00001b7e f80794e3 bne              x15, x0, -120       x15:00200910
  14006ns            1396 00001b06 00c12083 lw               x1, 12(x2)           x1=00000dac  x2:00201020  PA:0020102c
  14016ns            1397 00001b08 00812403 lw               x8, 8(x2)            x8=002003dc  x2:00201020  PA:00201028
  14026ns            1398 00001b0a 00412483 lw               x9, 4(x2)            x9=00000000  x2:00201020  PA:00201024
  14036ns            1399 00001b0c 01010113 addi             x2, x2, 16           x2=00201030  x2:00201020
  14046ns            1400 00001b0e 00008067 jalr             x0, x1, 0            x1:00000dac
  14066ns            1402 00000dac fff00793 addi             x15, x0, -1         x15=ffffffff
  14076ns            1403 00000dae f4050fe3 beq              x10, x0, -162       x10:00000000
  14106ns            1406 00000d0c 00c45783 lhu              x15, 12(x8)         x15=00002889  x8:002003dc  PA:002003e8
  14116ns            1407 00000d10 000aaa03 lw               x20, 0(x21)         x20=002010a0 x21:00201094  PA:00201094
  14126ns            1408 00000d14 0027f713 andi             x14, x15, 2         x14=00000000 x15:00002889
  14136ns            1409 00000d18 0e071863 bne              x14, x0, 240        x14:00000000
  14146ns            1410 00000d1c 0017f793 andi             x15, x15, 1         x15=00000001 x15:00002889
  14156ns            1411 00000d1e 16078063 beq              x15, x0, 352        x15:00000001
  14166ns            1412 00000d22 00000b93 addi             x23, x0, 0          x23=00000000
  14176ns            1413 00000d24 00000513 addi             x10, x0, 0          x10=00000000
  14186ns            1414 00000d26 00000b13 addi             x22, x0, 0          x22=00000000
  14196ns            1415 00000d28 00000993 addi             x19, x0, 0          x19=00000000
  14206ns            1416 00000d2a 24098363 beq              x19, x0, 582        x19:00000000
  14236ns            1419 00000f70 000a2b03 lw               x22, 0(x20)         x22=00001fc4 x20:002010a0  PA:002010a0
  14246ns            1420 00000f74 004a2983 lw               x19, 4(x20)         x19=00000012 x20:002010a0  PA:002010a4
  14256ns            1421 00000f78 00000513 addi             x10, x0, 0          x10=00000000
  14266ns            1422 00000f7a 008a0a13 addi             x20, x20, 8         x20=002010a8 x20:002010a0
  14276ns            1423 00000f7c dafff06f jal              x0, -594           
  14296ns            1425 00000d2a 24098363 beq              x19, x0, 582        x19:00000012
  14306ns            1426 00000d2e 00051c63 bne              x10, x0, 24         x10:00000000
  14316ns            1427 00000d30 01300633 add              x12, x0, x19        x12=00000012 x19:00000012
  14326ns            1428 00000d32 00a00593 addi             x11, x0, 10         x11=0000000a
  14336ns            1429 00000d34 01600533 add              x10, x0, x22        x10=00001fc4 x22:00001fc4
  14346ns            1430 00000d36 7d0000ef jal              x1, 2000             x1=00000d3a
  14366ns            1432 00001506 0ff5f593 andi             x11, x11, 255       x11=0000000a x11:0000000a
  14376ns            1433 0000150a 00a60633 add              x12, x12, x10       x12=00001fd6 x12:00000012 x10:00001fc4
  14386ns            1434 0000150c 00c51463 bne              x10, x12, 8         x10:00001fc4 x12:00001fd6
  14416ns            1437 00001514 00054783 lbu              x15, 0(x10)         x15=00000068 x10:00001fc4  PA:00001fc4
  14436ns            1439 00001518 feb78de3 beq              x15, x11, -6        x15:00000068 x11:0000000a
  14446ns            1440 0000151c 00150513 addi             x10, x10, 1         x10=00001fc5 x10:00001fc4
  14456ns            1441 0000151e fefff06f jal              x0, -18            
  14476ns            1443 0000150c 00c51463 bne              x10, x12, 8         x10:00001fc5 x12:00001fd6
  14506ns            1446 00001514 00054783 lbu              x15, 0(x10)         x15=00000065 x10:00001fc5  PA:00001fc5
  14526ns            1448 00001518 feb78de3 beq              x15, x11, -6        x15:00000065 x11:0000000a
  14536ns            1449 0000151c 00150513 addi             x10, x10, 1         x10=00001fc6 x10:00001fc5
  14546ns            1450 0000151e fefff06f jal              x0, -18            
  14566ns            1452 0000150c 00c51463 bne              x10, x12, 8         x10:00001fc6 x12:00001fd6
  14596ns            1455 00001514 00054783 lbu              x15, 0(x10)         x15=0000006c x10:00001fc6  PA:00001fc6
  14616ns            1457 00001518 feb78de3 beq              x15, x11, -6        x15:0000006c x11:0000000a
  14626ns            1458 0000151c 00150513 addi             x10, x10, 1         x10=00001fc7 x10:00001fc6
  14636ns            1459 0000151e fefff06f jal              x0, -18            
  14656ns            1461 0000150c 00c51463 bne              x10, x12, 8         x10:00001fc7 x12:00001fd6
  14686ns            1464 00001514 00054783 lbu              x15, 0(x10)         x15=0000006c x10:00001fc7  PA:00001fc7
  14706ns            1466 00001518 feb78de3 beq              x15, x11, -6        x15:0000006c x11:0000000a
  14716ns            1467 0000151c 00150513 addi             x10, x10, 1         x10=00001fc8 x10:00001fc7
  14726ns            1468 0000151e fefff06f jal              x0, -18            
  14746ns            1470 0000150c 00c51463 bne              x10, x12, 8         x10:00001fc8 x12:00001fd6
  14776ns            1473 00001514 00054783 lbu              x15, 0(x10)         x15=0000006f x10:00001fc8  PA:00001fc8
  14796ns            1475 00001518 feb78de3 beq              x15, x11, -6        x15:0000006f x11:0000000a
  14806ns            1476 0000151c 00150513 addi             x10, x10, 1         x10=00001fc9 x10:00001fc8
  14816ns            1477 0000151e fefff06f jal              x0, -18            
  14836ns            1479 0000150c 00c51463 bne              x10, x12, 8         x10:00001fc9 x12:00001fd6
  14866ns            1482 00001514 00054783 lbu              x15, 0(x10)         x15=00000020 x10:00001fc9  PA:00001fc9
  14886ns            1484 00001518 feb78de3 beq              x15, x11, -6        x15:00000020 x11:0000000a
  14896ns            1485 0000151c 00150513 addi             x10, x10, 1         x10=00001fca x10:00001fc9
  14906ns            1486 0000151e fefff06f jal              x0, -18            
  14926ns            1488 0000150c 00c51463 bne              x10, x12, 8         x10:00001fca x12:00001fd6
  14956ns            1491 00001514 00054783 lbu              x15, 0(x10)         x15=0000006d x10:00001fca  PA:00001fca
  14976ns            1493 00001518 feb78de3 beq              x15, x11, -6        x15:0000006d x11:0000000a
  14986ns            1494 0000151c 00150513 addi             x10, x10, 1         x10=00001fcb x10:00001fca
  14996ns            1495 0000151e fefff06f jal              x0, -18            
  15016ns            1497 0000150c 00c51463 bne              x10, x12, 8         x10:00001fcb x12:00001fd6
  15046ns            1500 00001514 00054783 lbu              x15, 0(x10)         x15=0000006f x10:00001fcb  PA:00001fcb
  15066ns            1502 00001518 feb78de3 beq              x15, x11, -6        x15:0000006f x11:0000000a
  15076ns            1503 0000151c 00150513 addi             x10, x10, 1         x10=00001fcc x10:00001fcb
  15086ns            1504 0000151e fefff06f jal              x0, -18            
  15106ns            1506 0000150c 00c51463 bne              x10, x12, 8         x10:00001fcc x12:00001fd6
  15136ns            1509 00001514 00054783 lbu              x15, 0(x10)         x15=0000006e x10:00001fcc  PA:00001fcc
  15156ns            1511 00001518 feb78de3 beq              x15, x11, -6        x15:0000006e x11:0000000a
  15166ns            1512 0000151c 00150513 addi             x10, x10, 1         x10=00001fcd x10:00001fcc
  15176ns            1513 0000151e fefff06f jal              x0, -18            
  15196ns            1515 0000150c 00c51463 bne              x10, x12, 8         x10:00001fcd x12:00001fd6
  15226ns            1518 00001514 00054783 lbu              x15, 0(x10)         x15=00000064 x10:00001fcd  PA:00001fcd
  15246ns            1520 00001518 feb78de3 beq              x15, x11, -6        x15:00000064 x11:0000000a
  15256ns            1521 0000151c 00150513 addi             x10, x10, 1         x10=00001fce x10:00001fcd
  15266ns            1522 0000151e fefff06f jal              x0, -18            
  15286ns            1524 0000150c 00c51463 bne              x10, x12, 8         x10:00001fce x12:00001fd6
  15316ns            1527 00001514 00054783 lbu              x15, 0(x10)         x15=0000006f x10:00001fce  PA:00001fce
  15336ns            1529 00001518 feb78de3 beq              x15, x11, -6        x15:0000006f x11:0000000a
  15346ns            1530 0000151c 00150513 addi             x10, x10, 1         x10=00001fcf x10:00001fce
  15356ns            1531 0000151e fefff06f jal              x0, -18            
  15376ns            1533 0000150c 00c51463 bne              x10, x12, 8         x10:00001fcf x12:00001fd6
  15406ns            1536 00001514 00054783 lbu              x15, 0(x10)         x15=00000020 x10:00001fcf  PA:00001fcf
  15426ns            1538 00001518 feb78de3 beq              x15, x11, -6        x15:00000020 x11:0000000a
  15436ns            1539 0000151c 00150513 addi             x10, x10, 1         x10=00001fd0 x10:00001fcf
  15446ns            1540 0000151e fefff06f jal              x0, -18            
  15466ns            1542 0000150c 00c51463 bne              x10, x12, 8         x10:00001fd0 x12:00001fd6
  15496ns            1545 00001514 00054783 lbu              x15, 0(x10)         x15=00000077 x10:00001fd0  PA:00001fd0
  15516ns            1547 00001518 feb78de3 beq              x15, x11, -6        x15:00000077 x11:0000000a
  15526ns            1548 0000151c 00150513 addi             x10, x10, 1         x10=00001fd1 x10:00001fd0
  15536ns            1549 0000151e fefff06f jal              x0, -18            
  15556ns            1551 0000150c 00c51463 bne              x10, x12, 8         x10:00001fd1 x12:00001fd6
  15586ns            1554 00001514 00054783 lbu              x15, 0(x10)         x15=0000006f x10:00001fd1  PA:00001fd1
  15606ns            1556 00001518 feb78de3 beq              x15, x11, -6        x15:0000006f x11:0000000a
  15616ns            1557 0000151c 00150513 addi             x10, x10, 1         x10=00001fd2 x10:00001fd1
  15626ns            1558 0000151e fefff06f jal              x0, -18            
  15646ns            1560 0000150c 00c51463 bne              x10, x12, 8         x10:00001fd2 x12:00001fd6
  15676ns            1563 00001514 00054783 lbu              x15, 0(x10)         x15=00000072 x10:00001fd2  PA:00001fd2
  15696ns            1565 00001518 feb78de3 beq              x15, x11, -6        x15:00000072 x11:0000000a
  15706ns            1566 0000151c 00150513 addi             x10, x10, 1         x10=00001fd3 x10:00001fd2
  15716ns            1567 0000151e fefff06f jal              x0, -18            
  15736ns            1569 0000150c 00c51463 bne              x10, x12, 8         x10:00001fd3 x12:00001fd6
  15766ns            1572 00001514 00054783 lbu              x15, 0(x10)         x15=0000006c x10:00001fd3  PA:00001fd3
  15786ns            1574 00001518 feb78de3 beq              x15, x11, -6        x15:0000006c x11:0000000a
  15796ns            1575 0000151c 00150513 addi             x10, x10, 1         x10=00001fd4 x10:00001fd3
  15806ns            1576 0000151e fefff06f jal              x0, -18            
  15826ns            1578 0000150c 00c51463 bne              x10, x12, 8         x10:00001fd4 x12:00001fd6
  15856ns            1581 00001514 00054783 lbu              x15, 0(x10)         x15=00000064 x10:00001fd4  PA:00001fd4
  15876ns            1583 00001518 feb78de3 beq              x15, x11, -6        x15:00000064 x11:0000000a
  15886ns            1584 0000151c 00150513 addi             x10, x10, 1         x10=00001fd5 x10:00001fd4
  15896ns            1585 0000151e fefff06f jal              x0, -18            
  15916ns            1587 0000150c 00c51463 bne              x10, x12, 8         x10:00001fd5 x12:00001fd6
  15946ns            1590 00001514 00054783 lbu              x15, 0(x10)         x15=00000021 x10:00001fd5  PA:00001fd5
  15966ns            1592 00001518 feb78de3 beq              x15, x11, -6        x15:00000021 x11:0000000a
  15976ns            1593 0000151c 00150513 addi             x10, x10, 1         x10=00001fd6 x10:00001fd5
  15986ns            1594 0000151e fefff06f jal              x0, -18            
  16006ns            1596 0000150c 00c51463 bne              x10, x12, 8         x10:00001fd6 x12:00001fd6
  16016ns            1597 00001510 00000513 addi             x10, x0, 0          x10=00000000
  16026ns            1598 00001512 00008067 jalr             x0, x1, 0            x1:00000d3a
  16046ns            1600 00000d3a 00198b93 addi             x23, x19, 1         x23=00000013 x19:00000012
  16056ns            1601 00000d3e 00050463 beq              x10, x0, 8          x10:00000000
  16086ns            1604 00000d46 01700c33 add              x24, x0, x23        x24=00000013 x23:00000013
  16096ns            1605 00000d48 0179f363 bgeu             x19, x23, 6         x19:00000012 x23:00000013
  16106ns            1606 00000d4c 01300c33 add              x24, x0, x19        x24=00000012 x19:00000012
  16116ns            1607 00000d4e 00042503 lw               x10, 0(x8)          x10=00200910  x8:002003dc  PA:002003dc
  16126ns            1608 00000d50 01042783 lw               x15, 16(x8)         x15=00200910  x8:002003dc  PA:002003ec
  16136ns            1609 00000d52 01442683 lw               x13, 20(x8)         x13=00000400  x8:002003dc  PA:002003f0
  16146ns            1610 00000d54 22a7f563 bgeu             x15, x10, 554       x15:00200910 x10:00200910
  16186ns            1614 00000f7e 00dc4b63 blt              x24, x13, 22        x24:00000012 x13:00000400
  16216ns            1617 00000f94 01800633 add              x12, x0, x24        x12=00000012 x24:00000012
  16226ns            1618 00000f96 016005b3 add              x11, x0, x22        x11=00001fc4 x22:00001fc4
  16236ns            1619 00000f98 646000ef jal              x1, 1606             x1=00000f9a
  16266ns            1622 000015de 00c50733 add              x14, x10, x12       x14=00200922 x10:00200910 x12:00000012
  16276ns            1623 000015e2 00a5e663 bltu             x11, x10, 12        x11:00001fc4 x10:00200910
  16316ns            1627 000015ee 00c587b3 add              x15, x11, x12       x15=00001fd6 x11:00001fc4 x12:00000012
  16326ns            1628 000015f2 40f60633 sub              x12, x12, x15       x12=ffffe03c x12:00000012 x15:00001fd6
  16336ns            1629 000015f4 fef579e3 bgeu             x10, x15, -14       x10:00200910 x15:00001fd6
  16366ns            1632 000015e6 00a007b3 add              x15, x0, x10        x15=00200910 x10:00200910
  16376ns            1633 000015e8 02f71363 bne              x14, x15, 38        x14:00200922 x15:00200910
  16406ns            1636 0000160e 00158593 addi             x11, x11, 1         x11=00001fc5 x11:00001fc4
  16416ns            1637 00001610 fff5c683 lbu              x13, -1(x11)        x13=00000068 x11:00001fc5  PA:00001fc4
  16426ns            1638 00001614 00178793 addi             x15, x15, 1         x15=00200911 x15:00200910
  16436ns            1639 00001616 fed78fa3 sb               x13, -1(x15)        x13:00000068 x15:00200911  PA:00200910
  16446ns            1640 0000161a fcfff06f jal              x0, -50            
  16466ns            1642 000015e8 02f71363 bne              x14, x15, 38        x14:00200922 x15:00200911
  16496ns            1645 0000160e 00158593 addi             x11, x11, 1         x11=00001fc6 x11:00001fc5
  16506ns            1646 00001610 fff5c683 lbu              x13, -1(x11)        x13=00000065 x11:00001fc6  PA:00001fc5
  16516ns            1647 00001614 00178793 addi             x15, x15, 1         x15=00200912 x15:00200911
  16526ns            1648 00001616 fed78fa3 sb               x13, -1(x15)        x13:00000065 x15:00200912  PA:00200911
  16536ns            1649 0000161a fcfff06f jal              x0, -50            
  16556ns            1651 000015e8 02f71363 bne              x14, x15, 38        x14:00200922 x15:00200912
  16586ns            1654 0000160e 00158593 addi             x11, x11, 1         x11=00001fc7 x11:00001fc6
  16596ns            1655 00001610 fff5c683 lbu              x13, -1(x11)        x13=0000006c x11:00001fc7  PA:00001fc6
  16606ns            1656 00001614 00178793 addi             x15, x15, 1         x15=00200913 x15:00200912
  16616ns            1657 00001616 fed78fa3 sb               x13, -1(x15)        x13:0000006c x15:00200913  PA:00200912
  16626ns            1658 0000161a fcfff06f jal              x0, -50            
  16646ns            1660 000015e8 02f71363 bne              x14, x15, 38        x14:00200922 x15:00200913
  16676ns            1663 0000160e 00158593 addi             x11, x11, 1         x11=00001fc8 x11:00001fc7
  16686ns            1664 00001610 fff5c683 lbu              x13, -1(x11)        x13=0000006c x11:00001fc8  PA:00001fc7
  16696ns            1665 00001614 00178793 addi             x15, x15, 1         x15=00200914 x15:00200913
  16706ns            1666 00001616 fed78fa3 sb               x13, -1(x15)        x13:0000006c x15:00200914  PA:00200913
  16716ns            1667 0000161a fcfff06f jal              x0, -50            
  16736ns            1669 000015e8 02f71363 bne              x14, x15, 38        x14:00200922 x15:00200914
  16766ns            1672 0000160e 00158593 addi             x11, x11, 1         x11=00001fc9 x11:00001fc8
  16776ns            1673 00001610 fff5c683 lbu              x13, -1(x11)        x13=0000006f x11:00001fc9  PA:00001fc8
  16786ns            1674 00001614 00178793 addi             x15, x15, 1         x15=00200915 x15:00200914
  16796ns            1675 00001616 fed78fa3 sb               x13, -1(x15)        x13:0000006f x15:00200915  PA:00200914
  16806ns            1676 0000161a fcfff06f jal              x0, -50            
  16826ns            1678 000015e8 02f71363 bne              x14, x15, 38        x14:00200922 x15:00200915
  16856ns            1681 0000160e 00158593 addi             x11, x11, 1         x11=00001fca x11:00001fc9
  16866ns            1682 00001610 fff5c683 lbu              x13, -1(x11)        x13=00000020 x11:00001fca  PA:00001fc9
  16876ns            1683 00001614 00178793 addi             x15, x15, 1         x15=00200916 x15:00200915
  16886ns            1684 00001616 fed78fa3 sb               x13, -1(x15)        x13:00000020 x15:00200916  PA:00200915
  16896ns            1685 0000161a fcfff06f jal              x0, -50            
  16916ns            1687 000015e8 02f71363 bne              x14, x15, 38        x14:00200922 x15:00200916
  16946ns            1690 0000160e 00158593 addi             x11, x11, 1         x11=00001fcb x11:00001fca
  16956ns            1691 00001610 fff5c683 lbu              x13, -1(x11)        x13=0000006d x11:00001fcb  PA:00001fca
  16966ns            1692 00001614 00178793 addi             x15, x15, 1         x15=00200917 x15:00200916
  16976ns            1693 00001616 fed78fa3 sb               x13, -1(x15)        x13:0000006d x15:00200917  PA:00200916
  16986ns            1694 0000161a fcfff06f jal              x0, -50            
  17006ns            1696 000015e8 02f71363 bne              x14, x15, 38        x14:00200922 x15:00200917
  17036ns            1699 0000160e 00158593 addi             x11, x11, 1         x11=00001fcc x11:00001fcb
  17046ns            1700 00001610 fff5c683 lbu              x13, -1(x11)        x13=0000006f x11:00001fcc  PA:00001fcb
  17056ns            1701 00001614 00178793 addi             x15, x15, 1         x15=00200918 x15:00200917
  17066ns            1702 00001616 fed78fa3 sb               x13, -1(x15)        x13:0000006f x15:00200918  PA:00200917
  17076ns            1703 0000161a fcfff06f jal              x0, -50            
  17096ns            1705 000015e8 02f71363 bne              x14, x15, 38        x14:00200922 x15:00200918
  17126ns            1708 0000160e 00158593 addi             x11, x11, 1         x11=00001fcd x11:00001fcc
  17136ns            1709 00001610 fff5c683 lbu              x13, -1(x11)        x13=0000006e x11:00001fcd  PA:00001fcc
  17146ns            1710 00001614 00178793 addi             x15, x15, 1         x15=00200919 x15:00200918
  17156ns            1711 00001616 fed78fa3 sb               x13, -1(x15)        x13:0000006e x15:00200919  PA:00200918
  17166ns            1712 0000161a fcfff06f jal              x0, -50            
  17186ns            1714 000015e8 02f71363 bne              x14, x15, 38        x14:00200922 x15:00200919
  17216ns            1717 0000160e 00158593 addi             x11, x11, 1         x11=00001fce x11:00001fcd
  17226ns            1718 00001610 fff5c683 lbu              x13, -1(x11)        x13=00000064 x11:00001fce  PA:00001fcd
  17236ns            1719 00001614 00178793 addi             x15, x15, 1         x15=0020091a x15:00200919
  17246ns            1720 00001616 fed78fa3 sb               x13, -1(x15)        x13:00000064 x15:0020091a  PA:00200919
  17256ns            1721 0000161a fcfff06f jal              x0, -50            
  17276ns            1723 000015e8 02f71363 bne              x14, x15, 38        x14:00200922 x15:0020091a
  17306ns            1726 0000160e 00158593 addi             x11, x11, 1         x11=00001fcf x11:00001fce
  17316ns            1727 00001610 fff5c683 lbu              x13, -1(x11)        x13=0000006f x11:00001fcf  PA:00001fce
  17326ns            1728 00001614 00178793 addi             x15, x15, 1         x15=0020091b x15:0020091a
  17336ns            1729 00001616 fed78fa3 sb               x13, -1(x15)        x13:0000006f x15:0020091b  PA:0020091a
  17346ns            1730 0000161a fcfff06f jal              x0, -50            
  17366ns            1732 000015e8 02f71363 bne              x14, x15, 38        x14:00200922 x15:0020091b
  17396ns            1735 0000160e 00158593 addi             x11, x11, 1         x11=00001fd0 x11:00001fcf
  17406ns            1736 00001610 fff5c683 lbu              x13, -1(x11)        x13=00000020 x11:00001fd0  PA:00001fcf
  17416ns            1737 00001614 00178793 addi             x15, x15, 1         x15=0020091c x15:0020091b
  17426ns            1738 00001616 fed78fa3 sb               x13, -1(x15)        x13:00000020 x15:0020091c  PA:0020091b
  17436ns            1739 0000161a fcfff06f jal              x0, -50            
  17456ns            1741 000015e8 02f71363 bne              x14, x15, 38        x14:00200922 x15:0020091c
  17486ns            1744 0000160e 00158593 addi             x11, x11, 1         x11=00001fd1 x11:00001fd0
  17496ns            1745 00001610 fff5c683 lbu              x13, -1(x11)        x13=00000077 x11:00001fd1  PA:00001fd0
  17506ns            1746 00001614 00178793 addi             x15, x15, 1         x15=0020091d x15:0020091c
  17516ns            1747 00001616 fed78fa3 sb               x13, -1(x15)        x13:00000077 x15:0020091d  PA:0020091c
  17526ns            1748 0000161a fcfff06f jal              x0, -50            
  17546ns            1750 000015e8 02f71363 bne              x14, x15, 38        x14:00200922 x15:0020091d
  17576ns            1753 0000160e 00158593 addi             x11, x11, 1         x11=00001fd2 x11:00001fd1
  17586ns            1754 00001610 fff5c683 lbu              x13, -1(x11)        x13=0000006f x11:00001fd2  PA:00001fd1
  17596ns            1755 00001614 00178793 addi             x15, x15, 1         x15=0020091e x15:0020091d
  17606ns            1756 00001616 fed78fa3 sb               x13, -1(x15)        x13:0000006f x15:0020091e  PA:0020091d
  17616ns            1757 0000161a fcfff06f jal              x0, -50            
  17636ns            1759 000015e8 02f71363 bne              x14, x15, 38        x14:00200922 x15:0020091e
  17666ns            1762 0000160e 00158593 addi             x11, x11, 1         x11=00001fd3 x11:00001fd2
  17676ns            1763 00001610 fff5c683 lbu              x13, -1(x11)        x13=00000072 x11:00001fd3  PA:00001fd2
  17686ns            1764 00001614 00178793 addi             x15, x15, 1         x15=0020091f x15:0020091e
  17696ns            1765 00001616 fed78fa3 sb               x13, -1(x15)        x13:00000072 x15:0020091f  PA:0020091e
  17706ns            1766 0000161a fcfff06f jal              x0, -50            
  17726ns            1768 000015e8 02f71363 bne              x14, x15, 38        x14:00200922 x15:0020091f
  17756ns            1771 0000160e 00158593 addi             x11, x11, 1         x11=00001fd4 x11:00001fd3
  17766ns            1772 00001610 fff5c683 lbu              x13, -1(x11)        x13=0000006c x11:00001fd4  PA:00001fd3
  17776ns            1773 00001614 00178793 addi             x15, x15, 1         x15=00200920 x15:0020091f
  17786ns            1774 00001616 fed78fa3 sb               x13, -1(x15)        x13:0000006c x15:00200920  PA:0020091f
  17796ns            1775 0000161a fcfff06f jal              x0, -50            
  17816ns            1777 000015e8 02f71363 bne              x14, x15, 38        x14:00200922 x15:00200920
  17846ns            1780 0000160e 00158593 addi             x11, x11, 1         x11=00001fd5 x11:00001fd4
  17856ns            1781 00001610 fff5c683 lbu              x13, -1(x11)        x13=00000064 x11:00001fd5  PA:00001fd4
  17866ns            1782 00001614 00178793 addi             x15, x15, 1         x15=00200921 x15:00200920
  17876ns            1783 00001616 fed78fa3 sb               x13, -1(x15)        x13:00000064 x15:00200921  PA:00200920
  17886ns            1784 0000161a fcfff06f jal              x0, -50            
  17906ns            1786 000015e8 02f71363 bne              x14, x15, 38        x14:00200922 x15:00200921
  17936ns            1789 0000160e 00158593 addi             x11, x11, 1         x11=00001fd6 x11:00001fd5
  17946ns            1790 00001610 fff5c683 lbu              x13, -1(x11)        x13=00000021 x11:00001fd6  PA:00001fd5
  17956ns            1791 00001614 00178793 addi             x15, x15, 1         x15=00200922 x15:00200921
  17966ns            1792 00001616 fed78fa3 sb               x13, -1(x15)        x13:00000021 x15:00200922  PA:00200921
  17976ns            1793 0000161a fcfff06f jal              x0, -50            
  17996ns            1795 000015e8 02f71363 bne              x14, x15, 38        x14:00200922 x15:00200922
  18006ns            1796 000015ec 00008067 jalr             x0, x1, 0            x1:00000f9a
  18026ns            1798 00000f9a 00842783 lw               x15, 8(x8)          x15=00000000  x8:002003dc  PA:002003e4
  18036ns            1799 00000f9c 018004b3 add              x9, x0, x24          x9=00000012 x24:00000012
  18046ns            1800 00000f9e 418787b3 sub              x15, x15, x24       x15=ffffffee x15:00000000 x24:00000012
  18056ns            1801 00000fa2 00f42423 sw               x15, 8(x8)          x15:ffffffee  x8:002003dc  PA:002003e4
  18066ns            1802 00000fa4 00042783 lw               x15, 0(x8)          x15=00200910  x8:002003dc  PA:002003dc
  18086ns            1804 00000fa6 018787b3 add              x15, x15, x24       x15=00200922 x15:00200910 x24:00000012
  18096ns            1805 00000fa8 00f42023 sw               x15, 0(x8)          x15:00200922  x8:002003dc  PA:002003dc
  18106ns            1806 00000faa dd1ff06f jal              x0, -560           
  18126ns            1808 00000d7a 409b8bb3 sub              x23, x23, x9        x23=00000001 x23:00000013  x9:00000012
  18136ns            1809 00000d7e 00100513 addi             x10, x0, 1          x10=00000001
  18146ns            1810 00000d80 000b9763 bne              x23, x0, 14         x23:00000001
  18186ns            1814 00000d8e 008aa783 lw               x15, 8(x21)         x15=00000013 x21:00201094  PA:0020109c
  18196ns            1815 00000d92 009b0b33 add              x22, x22, x9        x22=00001fd6 x22:00001fc4  x9:00000012
  18206ns            1816 00000d94 409989b3 sub              x19, x19, x9        x19=00000000 x19:00000012  x9:00000012
  18216ns            1817 00000d98 409784b3 sub              x9, x15, x9          x9=00000001 x15:00000013  x9:00000012
  18226ns            1818 00000d9c 009aa423 sw               x9, 8(x21)           x9:00000001 x21:00201094  PA:0020109c
  18236ns            1819 00000da0 f80495e3 bne              x9, x0, -118         x9:00000001
  18266ns            1822 00000d2a 24098363 beq              x19, x0, 582        x19:00000000
  18296ns            1825 00000f70 000a2b03 lw               x22, 0(x20)         x22=000020b0 x20:002010a8  PA:002010a8
  18306ns            1826 00000f74 004a2983 lw               x19, 4(x20)         x19=00000001 x20:002010a8  PA:002010ac
  18316ns            1827 00000f78 00000513 addi             x10, x0, 0          x10=00000000
  18326ns            1828 00000f7a 008a0a13 addi             x20, x20, 8         x20=002010b0 x20:002010a8
  18336ns            1829 00000f7c dafff06f jal              x0, -594           
  18356ns            1831 00000d2a 24098363 beq              x19, x0, 582        x19:00000001
  18366ns            1832 00000d2e 00051c63 bne              x10, x0, 24         x10:00000000
  18376ns            1833 00000d30 01300633 add              x12, x0, x19        x12=00000001 x19:00000001
  18386ns            1834 00000d32 00a00593 addi             x11, x0, 10         x11=0000000a
  18396ns            1835 00000d34 01600533 add              x10, x0, x22        x10=000020b0 x22:000020b0
  18406ns            1836 00000d36 7d0000ef jal              x1, 2000             x1=00000d3a
  18426ns            1838 00001506 0ff5f593 andi             x11, x11, 255       x11=0000000a x11:0000000a
  18436ns            1839 0000150a 00a60633 add              x12, x12, x10       x12=000020b1 x12:00000001 x10:000020b0
  18446ns            1840 0000150c 00c51463 bne              x10, x12, 8         x10:000020b0 x12:000020b1
  18476ns            1843 00001514 00054783 lbu              x15, 0(x10)         x15=0000000a x10:000020b0  PA:000020b0
  18496ns            1845 00001518 feb78de3 beq              x15, x11, -6        x15:0000000a x11:0000000a
  18526ns            1848 00001512 00008067 jalr             x0, x1, 0            x1:00000d3a
  18546ns            1850 00000d3a 00198b93 addi             x23, x19, 1         x23=00000002 x19:00000001
  18556ns            1851 00000d3e 00050463 beq              x10, x0, 8          x10:000020b0
  18566ns            1852 00000d40 00150513 addi             x10, x10, 1         x10=000020b1 x10:000020b0
  18576ns            1853 00000d42 41650bb3 sub              x23, x10, x22       x23=00000001 x10:000020b1 x22:000020b0
  18586ns            1854 00000d46 01700c33 add              x24, x0, x23        x24=00000001 x23:00000001
  18596ns            1855 00000d48 0179f363 bgeu             x19, x23, 6         x19:00000001 x23:00000001
  18626ns            1858 00000d4e 00042503 lw               x10, 0(x8)          x10=00200922  x8:002003dc  PA:002003dc
  18636ns            1859 00000d50 01042783 lw               x15, 16(x8)         x15=00200910  x8:002003dc  PA:002003ec
  18646ns            1860 00000d52 01442683 lw               x13, 20(x8)         x13=00000400  x8:002003dc  PA:002003f0
  18656ns            1861 00000d54 22a7f563 bgeu             x15, x10, 554       x15:00200910 x10:00200922
  18666ns            1862 00000d58 00842483 lw               x9, 8(x8)            x9=ffffffee  x8:002003dc  PA:002003e4
  18686ns            1864 00000d5a 00d484b3 add              x9, x9, x13          x9=000003ee  x9:ffffffee x13:00000400
  18696ns            1865 00000d5c 2384d163 bge              x9, x24, 546         x9:000003ee x24:00000001
  18736ns            1869 00000f7e 00dc4b63 blt              x24, x13, 22        x24:00000001 x13:00000400
  18766ns            1872 00000f94 01800633 add              x12, x0, x24        x12=00000001 x24:00000001
  18776ns            1873 00000f96 016005b3 add              x11, x0, x22        x11=000020b0 x22:000020b0
  18786ns            1874 00000f98 646000ef jal              x1, 1606             x1=00000f9a
  18816ns            1877 000015de 00c50733 add              x14, x10, x12       x14=00200923 x10:00200922 x12:00000001
  18826ns            1878 000015e2 00a5e663 bltu             x11, x10, 12        x11:000020b0 x10:00200922
  18866ns            1882 000015ee 00c587b3 add              x15, x11, x12       x15=000020b1 x11:000020b0 x12:00000001
  18876ns            1883 000015f2 40f60633 sub              x12, x12, x15       x12=ffffdf50 x12:00000001 x15:000020b1
  18886ns            1884 000015f4 fef579e3 bgeu             x10, x15, -14       x10:00200922 x15:000020b1
  18916ns            1887 000015e6 00a007b3 add              x15, x0, x10        x15=00200922 x10:00200922
  18926ns            1888 000015e8 02f71363 bne              x14, x15, 38        x14:00200923 x15:00200922
  18956ns            1891 0000160e 00158593 addi             x11, x11, 1         x11=000020b1 x11:000020b0
  18966ns            1892 00001610 fff5c683 lbu              x13, -1(x11)        x13=0000000a x11:000020b1  PA:000020b0
  18976ns            1893 00001614 00178793 addi             x15, x15, 1         x15=00200923 x15:00200922
  18986ns            1894 00001616 fed78fa3 sb               x13, -1(x15)        x13:0000000a x15:00200923  PA:00200922
  18996ns            1895 0000161a fcfff06f jal              x0, -50            
  19016ns            1897 000015e8 02f71363 bne              x14, x15, 38        x14:00200923 x15:00200923
  19026ns            1898 000015ec 00008067 jalr             x0, x1, 0            x1:00000f9a
  19046ns            1900 00000f9a 00842783 lw               x15, 8(x8)          x15=ffffffee  x8:002003dc  PA:002003e4
  19056ns            1901 00000f9c 018004b3 add              x9, x0, x24          x9=00000001 x24:00000001
  19066ns            1902 00000f9e 418787b3 sub              x15, x15, x24       x15=ffffffed x15:ffffffee x24:00000001
  19076ns            1903 00000fa2 00f42423 sw               x15, 8(x8)          x15:ffffffed  x8:002003dc  PA:002003e4
  19086ns            1904 00000fa4 00042783 lw               x15, 0(x8)          x15=00200922  x8:002003dc  PA:002003dc
  19106ns            1906 00000fa6 018787b3 add              x15, x15, x24       x15=00200923 x15:00200922 x24:00000001
  19116ns            1907 00000fa8 00f42023 sw               x15, 0(x8)          x15:00200923  x8:002003dc  PA:002003dc
  19126ns            1908 00000faa dd1ff06f jal              x0, -560           
  19146ns            1910 00000d7a 409b8bb3 sub              x23, x23, x9        x23=00000000 x23:00000001  x9:00000001
  19156ns            1911 00000d7e 00100513 addi             x10, x0, 1          x10=00000001
  19166ns            1912 00000d80 000b9763 bne              x23, x0, 14         x23:00000000
  19176ns            1913 00000d84 008005b3 add              x11, x0, x8         x11=002003dc  x8:002003dc
  19186ns            1914 00000d86 01200533 add              x10, x0, x18        x10=00200088 x18:00200088
  19196ns            1915 00000d88 034010ef jal              x1, 4148             x1=00000d8c
  19216ns            1917 00001dbc fe010113 addi             x2, x2, -32          x2=00201010  x2:00201030
  19226ns            1918 00001dbe 00812c23 sw               x8, 24(x2)           x8:002003dc  x2:00201010  PA:00201028
  19236ns            1919 00001dc0 00112e23 sw               x1, 28(x2)           x1:00000d8c  x2:00201010  PA:0020102c
  19246ns            1920 00001dc2 00a00433 add              x8, x0, x10          x8=00200088 x10:00200088
  19256ns            1921 00001dc4 00050763 beq              x10, x0, 14         x10:00200088
  19266ns            1922 00001dc6 03852783 lw               x15, 56(x10)        x15=00000001 x10:00200088  PA:002000c0
  19286ns            1924 00001dc8 00079563 bne              x15, x0, 10         x15:00000001
  19316ns            1927 00001dd2 00c59783 lh               x15, 12(x11)        x15=00002889 x11:002003dc  PA:002003e8
  19336ns            1929 00001dd6 00078663 beq              x15, x0, 12         x15:00002889
  19346ns            1930 00001dd8 00800533 add              x10, x0, x8         x10=00200088  x8:00200088
  19356ns            1931 00001dda 01812403 lw               x8, 24(x2)           x8=002003dc  x2:00201010  PA:00201028
  19366ns            1932 00001ddc 01c12083 lw               x1, 28(x2)           x1=00000d8c  x2:00201010  PA:0020102c
  19376ns            1933 00001dde 02010113 addi             x2, x2, 32           x2=00201030  x2:00201010
  19386ns            1934 00001de0 e81ff06f jal              x0, -384           
  19406ns            1936 00001c60 00c59783 lh               x15, 12(x11)        x15=00002889 x11:002003dc  PA:002003e8
  19416ns            1937 00001c64 fe010113 addi             x2, x2, -32          x2=00201010  x2:00201030
  19426ns            1938 00001c66 00812c23 sw               x8, 24(x2)           x8:002003dc  x2:00201010  PA:00201028
  19436ns            1939 00001c68 01079713 slli             x14, x15, 0x10      x14=28890000 x15:00002889
  19446ns            1940 00001c6c 01075713 srli             x14, x14, 0x10      x14=00002889 x14:28890000
  19456ns            1941 00001c6e 00912a23 sw               x9, 20(x2)           x9:00000001  x2:00201010  PA:00201024
  19466ns            1942 00001c70 00112e23 sw               x1, 28(x2)           x1:00000d8c  x2:00201010  PA:0020102c
  19476ns            1943 00001c72 01212823 sw               x18, 16(x2)         x18:00200088  x2:00201010  PA:00201020
  19486ns            1944 00001c74 01312623 sw               x19, 12(x2)         x19:00000001  x2:00201010  PA:0020101c
  19496ns            1945 00001c76 00877693 andi             x13, x14, 8         x13=00000008 x14:00002889
  19506ns            1946 00001c7a 00a004b3 add              x9, x0, x10          x9=00200088 x10:00200088
  19516ns            1947 00001c7c 00b00433 add              x8, x0, x11          x8=002003dc x11:002003dc
  19526ns            1948 00001c7e 0e069d63 bne              x13, x0, 250        x13:00000008
  19556ns            1951 00001d78 0105a983 lw               x19, 16(x11)        x19=00200910 x11:002003dc  PA:002003ec
  19576ns            1953 00001d7c f0098ee3 beq              x19, x0, -228       x19:00200910
  19586ns            1954 00001d80 0005a903 lw               x18, 0(x11)         x18=00200923 x11:002003dc  PA:002003dc
  19596ns            1955 00001d84 00377713 andi             x14, x14, 3         x14=00000001 x14:00002889
  19606ns            1956 00001d86 0135a023 sw               x19, 0(x11)         x19:00200910 x11:002003dc  PA:002003dc
  19616ns            1957 00001d8a 41390933 sub              x18, x18, x19       x18=00000013 x18:00200923 x19:00200910
  19626ns            1958 00001d8e 00000793 addi             x15, x0, 0          x15=00000000
  19636ns            1959 00001d90 00071263 bne              x14, x0, 4          x14:00000001
  19666ns            1962 00001d94 00f42423 sw               x15, 8(x8)          x15:00000000  x8:002003dc  PA:002003e4
  19676ns            1963 00001d96 f12051e3 bge              x0, x18, -254       x18:00000013
  19686ns            1964 00001d9a 02442783 lw               x15, 36(x8)         x15=00001a0e  x8:002003dc  PA:00200400
  19696ns            1965 00001d9c 01c42583 lw               x11, 28(x8)         x11=002003dc  x8:002003dc  PA:002003f8
  19706ns            1966 00001d9e 012006b3 add              x13, x0, x18        x13=00000013 x18:00000013
  19716ns            1967 00001da0 01300633 add              x12, x0, x19        x12=00200910 x19:00200910
  19726ns            1968 00001da2 00900533 add              x10, x0, x9         x10=00200088  x9:00200088
  19736ns            1969 00001da4 000780e7 jalr             x1, x15, 0           x1=00001da6 x15:00001a0e
  19766ns            1972 00001a0e 00c5d783 lhu              x15, 12(x11)        x15=00002889 x11:002003dc  PA:002003e8
  19776ns            1973 00001a12 fe010113 addi             x2, x2, -32          x2=00200ff0  x2:00201010
  19786ns            1974 00001a14 00812c23 sw               x8, 24(x2)           x8:002003dc  x2:00200ff0  PA:00201008
  19796ns            1975 00001a16 00912a23 sw               x9, 20(x2)           x9:00200088  x2:00200ff0  PA:00201004
  19806ns            1976 00001a18 01212823 sw               x18, 16(x2)         x18:00000013  x2:00200ff0  PA:00201000
  19816ns            1977 00001a1a 01312623 sw               x19, 12(x2)         x19:00200910  x2:00200ff0  PA:00200ffc
  19826ns            1978 00001a1c 00112e23 sw               x1, 28(x2)           x1:00001da6  x2:00200ff0  PA:0020100c
  19836ns            1979 00001a1e 1007f793 andi             x15, x15, 256       x15=00000000 x15:00002889
  19846ns            1980 00001a22 00a004b3 add              x9, x0, x10          x9=00200088 x10:00200088
  19856ns            1981 00001a24 00b00433 add              x8, x0, x11          x8=002003dc x11:002003dc
  19866ns            1982 00001a26 00c00933 add              x18, x0, x12        x18=00200910 x12:00200910
  19876ns            1983 00001a28 00d009b3 add              x19, x0, x13        x19=00000013 x13:00000013
  19886ns            1984 00001a2a 00078663 beq              x15, x0, 12         x15:00000000
  19916ns            1987 00001a36 00c45783 lhu              x15, 12(x8)         x15=00002889  x8:002003dc  PA:002003e8
  19926ns            1988 00001a3a fffff737 lui              x14, 0xfffff000     x14=fffff000
  19936ns            1989 00001a3c fff70713 addi             x14, x14, -1        x14=ffffefff x14:fffff000
  19946ns            1990 00001a3e 00e7f7b3 and              x15, x15, x14       x15=00002889 x15:00002889 x14:ffffefff
  19956ns            1991 00001a40 00f41623 sh               x15, 12(x8)         x15:00002889  x8:002003dc  PA:002003e8
  19966ns            1992 00001a44 00e41583 lh               x11, 14(x8)         x11=00000001  x8:002003dc  PA:002003ea
  19976ns            1993 00001a48 01812403 lw               x8, 24(x2)           x8=002003dc  x2:00200ff0  PA:00201008
  19986ns            1994 00001a4a 01c12083 lw               x1, 28(x2)           x1=00001da6  x2:00200ff0  PA:0020100c
  19996ns            1995 00001a4c 013006b3 add              x13, x0, x19        x13=00000013 x19:00000013
  20006ns            1996 00001a4e 01200633 add              x12, x0, x18        x12=00200910 x18:00200910
  20016ns            1997 00001a50 00c12983 lw               x19, 12(x2)         x19=00200910  x2:00200ff0  PA:00200ffc
  20026ns            1998 00001a52 01012903 lw               x18, 16(x2)         x18=00000013  x2:00200ff0  PA:00201000
  20036ns            1999 00001a54 00900533 add              x10, x0, x9         x10=00200088  x9:00200088
  20046ns            2000 00001a56 01412483 lw               x9, 20(x2)           x9=00200088  x2:00200ff0  PA:00201004
  20056ns            2001 00001a58 02010113 addi             x2, x2, 32           x2=00201010  x2:00200ff0
  20066ns            2002 00001a5a 03e0006f jal              x0, 62             
  20086ns            2004 00001a98 ff010113 addi             x2, x2, -16          x2=00201000  x2:00201010
  20096ns            2005 00001a9a 00812423 sw               x8, 8(x2)            x8:002003dc  x2:00201000  PA:00201008
  20106ns            2006 00001a9c 00912223 sw               x9, 4(x2)            x9:00200088  x2:00201000  PA:00201004
  20116ns            2007 00001a9e 00a004b3 add              x9, x0, x10          x9=00200088 x10:00200088
  20126ns            2008 00001aa0 00b00533 add              x10, x0, x11        x10=00000001 x11:00000001
  20136ns            2009 00001aa2 00c005b3 add              x11, x0, x12        x11=00200910 x12:00200910
  20146ns            2010 00001aa4 00d00633 add              x12, x0, x13        x12=00000013 x13:00000013
  20156ns            2011 00001aa6 00112623 sw               x1, 12(x2)           x1:00001da6  x2:00201000  PA:0020100c
  20166ns            2012 00001aa8 0601ae23 sw               x0, 124(x3)          x3:00200888  PA:00200904
  20176ns            2013 00001aac 807fe0ef jal              x1, -6138            x1=00001ab0
  20196ns            2015 000002b2 00100693 addi             x13, x0, 1          x13=00000001
  20206ns            2016 000002b4 00c587b3 add              x15, x11, x12       x15=00200923 x11:00200910 x12:00000013
  20216ns            2017 000002b8 10000737 lui              x14, 0x10000000     x14=10000000
  20226ns            2018 000002bc 00d50c63 beq              x10, x13, 24        x10:00000001 x13:00000001
  20256ns            2021 000002d4 fef59ce3 bne              x11, x15, -8        x11:00200910 x15:00200923
  20286ns            2024 000002cc 00158593 addi             x11, x11, 1         x11=00200911 x11:00200910
  20296ns            2025 000002ce fff5c683 lbu              x13, -1(x11)        x13=00000068 x11:00200911  PA:00200910
  20316ns            2027 000002d2 00d72023 sw               x13, 0(x14)         x13:00000068 x14:10000000  PA:10000000
  20326ns            2028 000002d4 fef59ce3 bne              x11, x15, -8        x11:00200911 x15:00200923
  20356ns            2031 000002cc 00158593 addi             x11, x11, 1         x11=00200912 x11:00200911
  20366ns            2032 000002ce fff5c683 lbu              x13, -1(x11)        x13=00000065 x11:00200912  PA:00200911
  20386ns            2034 000002d2 00d72023 sw               x13, 0(x14)         x13:00000065 x14:10000000  PA:10000000
  20396ns            2035 000002d4 fef59ce3 bne              x11, x15, -8        x11:00200912 x15:00200923
  20426ns            2038 000002cc 00158593 addi             x11, x11, 1         x11=00200913 x11:00200912
  20436ns            2039 000002ce fff5c683 lbu              x13, -1(x11)        x13=0000006c x11:00200913  PA:00200912
  20456ns            2041 000002d2 00d72023 sw               x13, 0(x14)         x13:0000006c x14:10000000  PA:10000000
  20466ns            2042 000002d4 fef59ce3 bne              x11, x15, -8        x11:00200913 x15:00200923
  20496ns            2045 000002cc 00158593 addi             x11, x11, 1         x11=00200914 x11:00200913
  20506ns            2046 000002ce fff5c683 lbu              x13, -1(x11)        x13=0000006c x11:00200914  PA:00200913
  20526ns            2048 000002d2 00d72023 sw               x13, 0(x14)         x13:0000006c x14:10000000  PA:10000000
  20536ns            2049 000002d4 fef59ce3 bne              x11, x15, -8        x11:00200914 x15:00200923
  20566ns            2052 000002cc 00158593 addi             x11, x11, 1         x11=00200915 x11:00200914
  20576ns            2053 000002ce fff5c683 lbu              x13, -1(x11)        x13=0000006f x11:00200915  PA:00200914
  20596ns            2055 000002d2 00d72023 sw               x13, 0(x14)         x13:0000006f x14:10000000  PA:10000000
  20606ns            2056 000002d4 fef59ce3 bne              x11, x15, -8        x11:00200915 x15:00200923
  20636ns            2059 000002cc 00158593 addi             x11, x11, 1         x11=00200916 x11:00200915
  20646ns            2060 000002ce fff5c683 lbu              x13, -1(x11)        x13=00000020 x11:00200916  PA:00200915
  20666ns            2062 000002d2 00d72023 sw               x13, 0(x14)         x13:00000020 x14:10000000  PA:10000000
  20676ns            2063 000002d4 fef59ce3 bne              x11, x15, -8        x11:00200916 x15:00200923
  20706ns            2066 000002cc 00158593 addi             x11, x11, 1         x11=00200917 x11:00200916
  20716ns            2067 000002ce fff5c683 lbu              x13, -1(x11)        x13=0000006d x11:00200917  PA:00200916
  20736ns            2069 000002d2 00d72023 sw               x13, 0(x14)         x13:0000006d x14:10000000  PA:10000000
  20746ns            2070 000002d4 fef59ce3 bne              x11, x15, -8        x11:00200917 x15:00200923
  20776ns            2073 000002cc 00158593 addi             x11, x11, 1         x11=00200918 x11:00200917
  20786ns            2074 000002ce fff5c683 lbu              x13, -1(x11)        x13=0000006f x11:00200918  PA:00200917
  20806ns            2076 000002d2 00d72023 sw               x13, 0(x14)         x13:0000006f x14:10000000  PA:10000000
  20816ns            2077 000002d4 fef59ce3 bne              x11, x15, -8        x11:00200918 x15:00200923
  20846ns            2080 000002cc 00158593 addi             x11, x11, 1         x11=00200919 x11:00200918
  20856ns            2081 000002ce fff5c683 lbu              x13, -1(x11)        x13=0000006e x11:00200919  PA:00200918
  20876ns            2083 000002d2 00d72023 sw               x13, 0(x14)         x13:0000006e x14:10000000  PA:10000000
  20886ns            2084 000002d4 fef59ce3 bne              x11, x15, -8        x11:00200919 x15:00200923
  20916ns            2087 000002cc 00158593 addi             x11, x11, 1         x11=0020091a x11:00200919
  20926ns            2088 000002ce fff5c683 lbu              x13, -1(x11)        x13=00000064 x11:0020091a  PA:00200919
  20946ns            2090 000002d2 00d72023 sw               x13, 0(x14)         x13:00000064 x14:10000000  PA:10000000
  20956ns            2091 000002d4 fef59ce3 bne              x11, x15, -8        x11:0020091a x15:00200923
  20986ns            2094 000002cc 00158593 addi             x11, x11, 1         x11=0020091b x11:0020091a
  20996ns            2095 000002ce fff5c683 lbu              x13, -1(x11)        x13=0000006f x11:0020091b  PA:0020091a
  21016ns            2097 000002d2 00d72023 sw               x13, 0(x14)         x13:0000006f x14:10000000  PA:10000000
  21026ns            2098 000002d4 fef59ce3 bne              x11, x15, -8        x11:0020091b x15:00200923
  21056ns            2101 000002cc 00158593 addi             x11, x11, 1         x11=0020091c x11:0020091b
  21066ns            2102 000002ce fff5c683 lbu              x13, -1(x11)        x13=00000020 x11:0020091c  PA:0020091b
  21086ns            2104 000002d2 00d72023 sw               x13, 0(x14)         x13:00000020 x14:10000000  PA:10000000
  21096ns            2105 000002d4 fef59ce3 bne              x11, x15, -8        x11:0020091c x15:00200923
  21126ns            2108 000002cc 00158593 addi             x11, x11, 1         x11=0020091d x11:0020091c
  21136ns            2109 000002ce fff5c683 lbu              x13, -1(x11)        x13=00000077 x11:0020091d  PA:0020091c
  21156ns            2111 000002d2 00d72023 sw               x13, 0(x14)         x13:00000077 x14:10000000  PA:10000000
  21166ns            2112 000002d4 fef59ce3 bne              x11, x15, -8        x11:0020091d x15:00200923
  21196ns            2115 000002cc 00158593 addi             x11, x11, 1         x11=0020091e x11:0020091d
  21206ns            2116 000002ce fff5c683 lbu              x13, -1(x11)        x13=0000006f x11:0020091e  PA:0020091d
  21226ns            2118 000002d2 00d72023 sw               x13, 0(x14)         x13:0000006f x14:10000000  PA:10000000
  21236ns            2119 000002d4 fef59ce3 bne              x11, x15, -8        x11:0020091e x15:00200923
  21266ns            2122 000002cc 00158593 addi             x11, x11, 1         x11=0020091f x11:0020091e
  21276ns            2123 000002ce fff5c683 lbu              x13, -1(x11)        x13=00000072 x11:0020091f  PA:0020091e
  21296ns            2125 000002d2 00d72023 sw               x13, 0(x14)         x13:00000072 x14:10000000  PA:10000000
  21306ns            2126 000002d4 fef59ce3 bne              x11, x15, -8        x11:0020091f x15:00200923
  21336ns            2129 000002cc 00158593 addi             x11, x11, 1         x11=00200920 x11:0020091f
  21346ns            2130 000002ce fff5c683 lbu              x13, -1(x11)        x13=0000006c x11:00200920  PA:0020091f
  21366ns            2132 000002d2 00d72023 sw               x13, 0(x14)         x13:0000006c x14:10000000  PA:10000000
  21376ns            2133 000002d4 fef59ce3 bne              x11, x15, -8        x11:00200920 x15:00200923
  21406ns            2136 000002cc 00158593 addi             x11, x11, 1         x11=00200921 x11:00200920
  21416ns            2137 000002ce fff5c683 lbu              x13, -1(x11)        x13=00000064 x11:00200921  PA:00200920
  21436ns            2139 000002d2 00d72023 sw               x13, 0(x14)         x13:00000064 x14:10000000  PA:10000000
  21446ns            2140 000002d4 fef59ce3 bne              x11, x15, -8        x11:00200921 x15:00200923
  21476ns            2143 000002cc 00158593 addi             x11, x11, 1         x11=00200922 x11:00200921
  21486ns            2144 000002ce fff5c683 lbu              x13, -1(x11)        x13=00000021 x11:00200922  PA:00200921
  21506ns            2146 000002d2 00d72023 sw               x13, 0(x14)         x13:00000021 x14:10000000  PA:10000000
  21516ns            2147 000002d4 fef59ce3 bne              x11, x15, -8        x11:00200922 x15:00200923
  21546ns            2150 000002cc 00158593 addi             x11, x11, 1         x11=00200923 x11:00200922
  21556ns            2151 000002ce fff5c683 lbu              x13, -1(x11)        x13=0000000a x11:00200923  PA:00200922
  21576ns            2153 000002d2 00d72023 sw               x13, 0(x14)         x13:0000000a x14:10000000  PA:10000000
  21586ns            2154 000002d4 fef59ce3 bne              x11, x15, -8        x11:00200923 x15:00200923
  21596ns            2155 000002d8 00c00533 add              x10, x0, x12        x10=00000013 x12:00000013
  21606ns            2156 000002da 00008067 jalr             x0, x1, 0            x1:00001ab0
  21626ns            2158 00001ab0 fff00793 addi             x15, x0, -1         x15=ffffffff
  21636ns            2159 00001ab2 00f51663 bne              x10, x15, 12        x10:00000013 x15:ffffffff
  21666ns            2162 00001abe 00c12083 lw               x1, 12(x2)           x1=00001da6  x2:00201000  PA:0020100c
  21676ns            2163 00001ac0 00812403 lw               x8, 8(x2)            x8=002003dc  x2:00201000  PA:00201008
  21686ns            2164 00001ac2 00412483 lw               x9, 4(x2)            x9=00200088  x2:00201000  PA:00201004
  21696ns            2165 00001ac4 01010113 addi             x2, x2, 16           x2=00201010  x2:00201000
  21706ns            2166 00001ac6 00008067 jalr             x0, x1, 0            x1:00001da6
  21726ns            2168 00001da6 00a04763 blt              x0, x10, 14         x10:00000013
  21756ns            2171 00001db4 00a989b3 add              x19, x19, x10       x19=00200923 x19:00200910 x10:00000013
  21766ns            2172 00001db6 40a90933 sub              x18, x18, x10       x18=00000000 x18:00000013 x10:00000013
  21776ns            2173 00001dba fddff06f jal              x0, -36            
  21796ns            2175 00001d96 f12051e3 bge              x0, x18, -254       x18:00000000
  21826ns            2178 00001c98 00000513 addi             x10, x0, 0          x10=00000000
  21836ns            2179 00001c9a 01c12083 lw               x1, 28(x2)           x1=00000d8c  x2:00201010  PA:0020102c
  21846ns            2180 00001c9c 01812403 lw               x8, 24(x2)           x8=002003dc  x2:00201010  PA:00201028
  21856ns            2181 00001c9e 01412483 lw               x9, 20(x2)           x9=00000001  x2:00201010  PA:00201024
  21866ns            2182 00001ca0 01012903 lw               x18, 16(x2)         x18=00200088  x2:00201010  PA:00201020
  21876ns            2183 00001ca2 00c12983 lw               x19, 12(x2)         x19=00000001  x2:00201010  PA:0020101c
  21886ns            2184 00001ca4 02010113 addi             x2, x2, 32           x2=00201030  x2:00201010
  21896ns            2185 00001ca6 00008067 jalr             x0, x1, 0            x1:00000d8c
  21916ns            2187 00000d8c 0e051163 bne              x10, x0, 226        x10:00000000
  21926ns            2188 00000d8e 008aa783 lw               x15, 8(x21)         x15=00000001 x21:00201094  PA:0020109c
  21936ns            2189 00000d92 009b0b33 add              x22, x22, x9        x22=000020b1 x22:000020b0  x9:00000001
  21946ns            2190 00000d94 409989b3 sub              x19, x19, x9        x19=00000000 x19:00000001  x9:00000001
  21956ns            2191 00000d98 409784b3 sub              x9, x15, x9          x9=00000000 x15:00000001  x9:00000001
  21966ns            2192 00000d9c 009aa423 sw               x9, 8(x21)           x9:00000000 x21:00201094  PA:0020109c
  21976ns            2193 00000da0 f80495e3 bne              x9, x0, -118         x9:00000000
  21986ns            2194 00000da2 0440006f jal              x0, 68             
  22006ns            2196 00000de6 00000793 addi             x15, x0, 0          x15=00000000
  22016ns            2197 00000de8 04c12083 lw               x1, 76(x2)           x1=000006be  x2:00201030  PA:0020107c
  22026ns            2198 00000dea 04812403 lw               x8, 72(x2)           x8=00200088  x2:00201030  PA:00201078
  22036ns            2199 00000dec 04412483 lw               x9, 68(x2)           x9=00000000  x2:00201030  PA:00201074
  22046ns            2200 00000dee 04012903 lw               x18, 64(x2)         x18=00000000  x2:00201030  PA:00201070
  22056ns            2201 00000df0 03c12983 lw               x19, 60(x2)         x19=00000000  x2:00201030  PA:0020106c
  22066ns            2202 00000df2 03812a03 lw               x20, 56(x2)         x20=00000000  x2:00201030  PA:00201068
  22076ns            2203 00000df4 03412a83 lw               x21, 52(x2)         x21=00000000  x2:00201030  PA:00201064
  22086ns            2204 00000df6 03012b03 lw               x22, 48(x2)         x22=00000000  x2:00201030  PA:00201060
  22096ns            2205 00000df8 02c12b83 lw               x23, 44(x2)         x23=00000000  x2:00201030  PA:0020105c
  22106ns            2206 00000dfa 02812c03 lw               x24, 40(x2)         x24=deadbeef  x2:00201030  PA:00201058
  22116ns            2207 00000dfc 02412c83 lw               x25, 36(x2)         x25=12345678  x2:00201030  PA:00201054
  22126ns            2208 00000dfe 02012d03 lw               x26, 32(x2)         x26=cafecafe  x2:00201030  PA:00201050
  22136ns            2209 00000e00 01c12d83 lw               x27, 28(x2)         x27=deadbeef  x2:00201030  PA:0020104c
  22146ns            2210 00000e02 00f00533 add              x10, x0, x15        x10=00000000 x15:00000000
  22156ns            2211 00000e04 05010113 addi             x2, x2, 80           x2=00201080  x2:00201030
  22166ns            2212 00000e06 00008067 jalr             x0, x1, 0            x1:000006be
  22186ns            2214 000006be fff00793 addi             x15, x0, -1         x15=ffffffff
  22196ns            2215 000006c0 00051263 bne              x10, x0, 4          x10:00000000
  22206ns            2216 000006c2 00a00793 addi             x15, x0, 10         x15=0000000a
  22216ns            2217 000006c4 03c12083 lw               x1, 60(x2)           x1=00000178  x2:00201080  PA:002010bc
  22226ns            2218 000006c6 03812403 lw               x8, 56(x2)           x8=00000000  x2:00201080  PA:002010b8
  22236ns            2219 000006c8 00f00533 add              x10, x0, x15        x10=0000000a x15:0000000a
  22246ns            2220 000006ca 04010113 addi             x2, x2, 64           x2=002010c0  x2:00201080
  22256ns            2221 000006cc 00008067 jalr             x0, x1, 0            x1:00000178
  22276ns            2223 00000178 04c12083 lw               x1, 76(x2)           x1=00000106  x2:002010c0  PA:0020110c
  22286ns            2224 0000017a 00000513 addi             x10, x0, 0          x10=00000000
  22296ns            2225 0000017c 05010113 addi             x2, x2, 80           x2=00201110  x2:002010c0
  22306ns            2226 0000017e 00008067 jalr             x0, x1, 0            x1:00000106
  22326ns            2228 00000106 3f00006f jal              x0, 1008           
  22346ns            2230 000004f6 ff010113 addi             x2, x2, -16          x2=00201100  x2:00201110
  22356ns            2231 000004f8 00000593 addi             x11, x0, 0          x11=00000000
  22366ns            2232 000004fa 00812423 sw               x8, 8(x2)            x8:00000000  x2:00201100  PA:00201108
  22376ns            2233 000004fc 00112623 sw               x1, 12(x2)           x1:00000106  x2:00201100  PA:0020110c
  22386ns            2234 000004fe 00a00433 add              x8, x0, x10          x8=00000000 x10:00000000
  22396ns            2235 00000500 302000ef jal              x1, 770              x1=00000502
  22416ns            2237 00000802 fd010113 addi             x2, x2, -48          x2=002010d0  x2:00201100
  22426ns            2238 00000804 01312e23 sw               x19, 28(x2)         x19:00000000  x2:002010d0  PA:002010ec
  22436ns            2239 00000806 0341a983 lw               x19, 52(x3)         x19=00200088  x3:00200888  PA:002008bc
  22446ns            2240 0000080a 01412c23 sw               x20, 24(x2)         x20:00000000  x2:002010d0  PA:002010e8
  22456ns            2241 0000080c 01512a23 sw               x21, 20(x2)         x21:00000000  x2:002010d0  PA:002010e4
  22466ns            2242 0000080e 01612823 sw               x22, 16(x2)         x22:00000000  x2:002010d0  PA:002010e0
  22476ns            2243 00000810 02112623 sw               x1, 44(x2)           x1:00000502  x2:002010d0  PA:002010fc
  22486ns            2244 00000812 02812423 sw               x8, 40(x2)           x8:00000000  x2:002010d0  PA:002010f8
  22496ns            2245 00000814 02912223 sw               x9, 36(x2)           x9:00000000  x2:002010d0  PA:002010f4
  22506ns            2246 00000816 03212023 sw               x18, 32(x2)         x18:00000000  x2:002010d0  PA:002010f0
  22516ns            2247 00000818 01712623 sw               x23, 12(x2)         x23:00000000  x2:002010d0  PA:002010dc
  22526ns            2248 0000081a 00a00ab3 add              x21, x0, x10        x21=00000000 x10:00000000
  22536ns            2249 0000081c 00b00a33 add              x20, x0, x11        x20=00000000 x11:00000000
  22546ns            2250 0000081e 00100b13 addi             x22, x0, 1          x22=00000001
  22556ns            2251 00000820 1489a483 lw               x9, 328(x19)         x9=002001d4 x19:00200088  PA:002001d0
  22576ns            2253 00000824 00048863 beq              x9, x0, 16           x9:002001d4
  22586ns            2254 00000826 0044a403 lw               x8, 4(x9)            x8=00000001  x9:002001d4  PA:002001d8
  22606ns            2256 00000828 fff40913 addi             x18, x8, -1         x18=00000000  x8:00000001
  22616ns            2257 0000082c 00241413 slli             x8, x8, 0x2          x8=00000004  x8:00000001
  22626ns            2258 0000082e 00940433 add              x8, x8, x9           x8=002001d8  x8:00000004  x9:002001d4
  22636ns            2259 00000830 00095d63 bge              x18, x0, 26         x18:00000000
  22666ns            2262 0000084a 000a0963 beq              x20, x0, 18         x20:00000000
  22696ns            2265 0000085c 0044a703 lw               x14, 4(x9)          x14=00000001  x9:002001d4  PA:002001d8
  22706ns            2266 0000085e 00442783 lw               x15, 4(x8)          x15=00000510  x8:002001d8  PA:002001dc
  22716ns            2267 00000860 fff70713 addi             x14, x14, -1        x14=00000000 x14:00000001
  22726ns            2268 00000862 03271663 bne              x14, x18, 44        x14:00000000 x18:00000000
  22736ns            2269 00000866 0124a223 sw               x18, 4(x9)          x18:00000000  x9:002001d4  PA:002001d8
  22746ns            2270 0000086a fe0786e3 beq              x15, x0, -20        x15:00000510
  22756ns            2271 0000086c 1884a683 lw               x13, 392(x9)        x13=00000000  x9:002001d4  PA:0020035c
  22766ns            2272 00000870 012b1733 sll              x14, x22, x18       x14=00000001 x22:00000001 x18:00000000
  22776ns            2273 00000874 0044ab83 lw               x23, 4(x9)          x23=00000000  x9:002001d4  PA:002001d8
  22786ns            2274 00000878 00e6f6b3 and              x13, x13, x14       x13=00000000 x13:00000000 x14:00000001
  22796ns            2275 0000087a 00069d63 bne              x13, x0, 26         x13:00000000
  22806ns            2276 0000087c 000780e7 jalr             x1, x15, 0           x1=0000087e x15:00000510
  22826ns            2278 00000510 fe010113 addi             x2, x2, -32          x2=002010b0  x2:002010d0
  22836ns            2279 00000512 000027b7 lui              x15, 0x2000         x15=00002000
  22846ns            2280 00000514 00002737 lui              x14, 0x2000         x14=00002000
  22856ns            2281 00000516 00812c23 sw               x8, 24(x2)           x8:002001d8  x2:002010b0  PA:002010c8
  22866ns            2282 00000518 0b470713 addi             x14, x14, 180       x14=000020b4 x14:00002000
  22876ns            2283 0000051c 0b478413 addi             x8, x15, 180         x8=000020b4 x15:00002000
  22886ns            2284 00000520 40e40433 sub              x8, x8, x14          x8=00000000  x8:000020b4 x14:000020b4
  22896ns            2285 00000522 00912a23 sw               x9, 20(x2)           x9:002001d4  x2:002010b0  PA:002010c4
  22906ns            2286 00000524 01212823 sw               x18, 16(x2)         x18:00000000  x2:002010b0  PA:002010c0
  22916ns            2287 00000526 01312623 sw               x19, 12(x2)         x19:00200088  x2:002010b0  PA:002010bc
  22926ns            2288 00000528 00112e23 sw               x1, 28(x2)           x1:0000087e  x2:002010b0  PA:002010cc
  22936ns            2289 0000052a 40245413 srai             x8, x8, 0x402        x8=00000000  x8:00000000
  22946ns            2290 0000052c 00000493 addi             x9, x0, 0            x9=00000000
  22956ns            2291 0000052e 0b478913 addi             x18, x15, 180       x18=000020b4 x15:00002000
  22966ns            2292 00000532 ffc00993 addi             x19, x0, -4         x19=fffffffc
  22976ns            2293 00000534 00941963 bne              x8, x9, 18           x8:00000000  x9:00000000
  22986ns            2294 00000538 01812403 lw               x8, 24(x2)           x8=002001d8  x2:002010b0  PA:002010c8
  22996ns            2295 0000053a 01c12083 lw               x1, 28(x2)           x1=0000087e  x2:002010b0  PA:002010cc
  23006ns            2296 0000053c 01412483 lw               x9, 20(x2)           x9=002001d4  x2:002010b0  PA:002010c4
  23016ns            2297 0000053e 01012903 lw               x18, 16(x2)         x18=00000000  x2:002010b0  PA:002010c0
  23026ns            2298 00000540 00c12983 lw               x19, 12(x2)         x19=00200088  x2:002010b0  PA:002010bc
  23036ns            2299 00000542 02010113 addi             x2, x2, 32           x2=002010d0  x2:002010b0
  23046ns            2300 00000544 bc5ff06f jal              x0, -1084          
  23066ns            2302 00000108 00008067 jalr             x0, x1, 0            x1:0000087e
  23086ns            2304 0000087e 0044a703 lw               x14, 4(x9)          x14=00000000  x9:002001d4  PA:002001d8
  23096ns            2305 00000880 1489a783 lw               x15, 328(x19)       x15=002001d4 x19:00200088  PA:002001d0
  23106ns            2306 00000884 f9771ee3 bne              x14, x23, -100      x14:00000000 x23:00000000
  23116ns            2307 00000888 fcf487e3 beq              x9, x15, -50         x9:002001d4 x15:002001d4
  23146ns            2310 00000856 fff90913 addi             x18, x18, -1        x18=ffffffff x18:00000000
  23156ns            2311 00000858 ffc40413 addi             x8, x8, -4           x8=002001d4  x8:002001d8
  23166ns            2312 0000085a fd7ff06f jal              x0, -42            
  23186ns            2314 00000830 00095d63 bge              x18, x0, 26         x18:ffffffff
  23196ns            2315 00000834 02c12083 lw               x1, 44(x2)           x1=00000502  x2:002010d0  PA:002010fc
  23206ns            2316 00000836 02812403 lw               x8, 40(x2)           x8=00000000  x2:002010d0  PA:002010f8
  23216ns            2317 00000838 02412483 lw               x9, 36(x2)           x9=00000000  x2:002010d0  PA:002010f4
  23226ns            2318 0000083a 02012903 lw               x18, 32(x2)         x18=00000000  x2:002010d0  PA:002010f0
  23236ns            2319 0000083c 01c12983 lw               x19, 28(x2)         x19=00000000  x2:002010d0  PA:002010ec
  23246ns            2320 0000083e 01812a03 lw               x20, 24(x2)         x20=00000000  x2:002010d0  PA:002010e8
  23256ns            2321 00000840 01412a83 lw               x21, 20(x2)         x21=00000000  x2:002010d0  PA:002010e4
  23266ns            2322 00000842 01012b03 lw               x22, 16(x2)         x22=00000000  x2:002010d0  PA:002010e0
  23276ns            2323 00000844 00c12b83 lw               x23, 12(x2)         x23=00000000  x2:002010d0  PA:002010dc
  23286ns            2324 00000846 03010113 addi             x2, x2, 48           x2=00201100  x2:002010d0
  23296ns            2325 00000848 00008067 jalr             x0, x1, 0            x1:00000502
  23316ns            2327 00000502 0341a503 lw               x10, 52(x3)         x10=00200088  x3:00200888  PA:002008bc
  23336ns            2329 00000506 03c52783 lw               x15, 60(x10)        x15=000008b0 x10:00200088  PA:002000c4
  23356ns            2331 00000508 00078263 beq              x15, x0, 4          x15:000008b0
  23366ns            2332 0000050a 000780e7 jalr             x1, x15, 0           x1=0000050c x15:000008b0
  23386ns            2334 000008b0 000025b7 lui              x11, 0x2000         x11=00002000
  23396ns            2335 000008b4 bcc58593 addi             x11, x11, -1076     x11=00001bcc x11:00002000
  23406ns            2336 000008b8 7560006f jal              x0, 1878           
  23426ns            2338 0000100e fd010113 addi             x2, x2, -48          x2=002010d0  x2:00201100
  23436ns            2339 00001010 02812423 sw               x8, 40(x2)           x8:00000000  x2:002010d0  PA:002010f8
  23446ns            2340 00001012 03212023 sw               x18, 32(x2)         x18:00000000  x2:002010d0  PA:002010f0
  23456ns            2341 00001014 01412c23 sw               x20, 24(x2)         x20:00000000  x2:002010d0  PA:002010e8
  23466ns            2342 00001016 01512a23 sw               x21, 20(x2)         x21:00000000  x2:002010d0  PA:002010e4
  23476ns            2343 00001018 01612823 sw               x22, 16(x2)         x22:00000000  x2:002010d0  PA:002010e0
  23486ns            2344 0000101a 01712623 sw               x23, 12(x2)         x23:00000000  x2:002010d0  PA:002010dc
  23496ns            2345 0000101c 02112623 sw               x1, 44(x2)           x1:0000050c  x2:002010d0  PA:002010fc
  23506ns            2346 0000101e 02912223 sw               x9, 36(x2)           x9:00000000  x2:002010d0  PA:002010f4
  23516ns            2347 00001020 01312e23 sw               x19, 28(x2)         x19:00000000  x2:002010d0  PA:002010ec
  23526ns            2348 00001022 00a00a33 add              x20, x0, x10        x20=00200088 x10:00200088
  23536ns            2349 00001024 00b00ab3 add              x21, x0, x11        x21=00001bcc x11:00001bcc
  23546ns            2350 00001026 2e050413 addi             x8, x10, 736         x8=00200368 x10:00200088
  23556ns            2351 0000102a 00000913 addi             x18, x0, 0          x18=00000000
  23566ns            2352 0000102c 00100b13 addi             x22, x0, 1          x22=00000001
  23576ns            2353 0000102e fff00b93 addi             x23, x0, -1         x23=ffffffff
  23586ns            2354 00001030 00041d63 bne              x8, x0, 26           x8:00200368
  23616ns            2357 0000104a 00842483 lw               x9, 8(x8)            x9=00200374  x8:00200368  PA:00200370
  23626ns            2358 0000104c 00442983 lw               x19, 4(x8)          x19=00000003  x8:00200368  PA:0020036c
  23646ns            2360 00001050 fff98993 addi             x19, x19, -1        x19=00000002 x19:00000003
  23656ns            2361 00001052 0009d463 bge              x19, x0, 8          x19:00000002
  23686ns            2364 0000105a 00c4d783 lhu              x15, 12(x9)         x15=00000004  x9:00200374  PA:00200380
  23706ns            2366 0000105e 00fb7b63 bgeu             x22, x15, 22        x22:00000001 x15:00000004
  23716ns            2367 00001062 00e49783 lh               x15, 14(x9)         x15=00000000  x9:00200374  PA:00200382
  23736ns            2369 00001066 01778763 beq              x15, x23, 14        x15:00000000 x23:ffffffff
  23746ns            2370 0000106a 009005b3 add              x11, x0, x9         x11=00200374  x9:00200374
  23756ns            2371 0000106c 01400533 add              x10, x0, x20        x10=00200088 x20:00200088
  23766ns            2372 0000106e 000a80e7 jalr             x1, x21, 0           x1=00001070 x21:00001bcc
  23786ns            2374 00001bcc ff010113 addi             x2, x2, -16          x2=002010c0  x2:002010d0
  23796ns            2375 00001bce 00112623 sw               x1, 12(x2)           x1:00001070  x2:002010c0  PA:002010cc
  23806ns            2376 00001bd0 00812423 sw               x8, 8(x2)            x8:00200368  x2:002010c0  PA:002010c8
  23816ns            2377 00001bd2 00912223 sw               x9, 4(x2)            x9:00200374  x2:002010c0  PA:002010c4
  23826ns            2378 00001bd4 01212023 sw               x18, 0(x2)          x18:00000000  x2:002010c0  PA:002010c0
  23836ns            2379 00001bd6 00059963 bne              x11, x0, 18         x11:00200374
  23866ns            2382 00001be8 00a004b3 add              x9, x0, x10          x9=00200088 x10:00200088
  23876ns            2383 00001bea 00b00433 add              x8, x0, x11          x8=00200374 x11:00200374
  23886ns            2384 00001bec 00050563 beq              x10, x0, 10         x10:00200088
  23896ns            2385 00001bee 03852783 lw               x15, 56(x10)        x15=00000001 x10:00200088  PA:002000c0
  23916ns            2387 00001bf0 00079363 bne              x15, x0, 6          x15:00000001
  23946ns            2390 00001bf6 00c41783 lh               x15, 12(x8)         x15=00000004  x8:00200374  PA:00200380
  23966ns            2392 00001bfa fc078fe3 beq              x15, x0, -34        x15:00000004
  23976ns            2393 00001bfc 008005b3 add              x11, x0, x8         x11=00200374  x8:00200374
  23986ns            2394 00001bfe 00900533 add              x10, x0, x9         x10=00200088  x9:00200088
  23996ns            2395 00001c00 060000ef jal              x1, 96               x1=00001c02
  24016ns            2397 00001c60 00c59783 lh               x15, 12(x11)        x15=00000004 x11:00200374  PA:00200380
  24026ns            2398 00001c64 fe010113 addi             x2, x2, -32          x2=002010a0  x2:002010c0
  24036ns            2399 00001c66 00812c23 sw               x8, 24(x2)           x8:00200374  x2:002010a0  PA:002010b8
  24046ns            2400 00001c68 01079713 slli             x14, x15, 0x10      x14=00040000 x15:00000004
  24056ns            2401 00001c6c 01075713 srli             x14, x14, 0x10      x14=00000004 x14:00040000
  24066ns            2402 00001c6e 00912a23 sw               x9, 20(x2)           x9:00200088  x2:002010a0  PA:002010b4
  24076ns            2403 00001c70 00112e23 sw               x1, 28(x2)           x1:00001c02  x2:002010a0  PA:002010bc
  24086ns            2404 00001c72 01212823 sw               x18, 16(x2)         x18:00000000  x2:002010a0  PA:002010b0
  24096ns            2405 00001c74 01312623 sw               x19, 12(x2)         x19:00000002  x2:002010a0  PA:002010ac
  24106ns            2406 00001c76 00877693 andi             x13, x14, 8         x13=00000000 x14:00000004
  24116ns            2407 00001c7a 00a004b3 add              x9, x0, x10          x9=00200088 x10:00200088
  24126ns            2408 00001c7c 00b00433 add              x8, x0, x11          x8=00200374 x11:00200374
  24136ns            2409 00001c7e 0e069d63 bne              x13, x0, 250        x13:00000000
  24146ns            2410 00001c80 00001737 lui              x14, 0x1000         x14=00001000
  24156ns            2411 00001c82 80070713 addi             x14, x14, -2048     x14=00000800 x14:00001000
  24166ns            2412 00001c86 00e7e7b3 or               x15, x15, x14       x15=00000804 x15:00000004 x14:00000800
  24176ns            2413 00001c88 0045a703 lw               x14, 4(x11)         x14=00000000 x11:00200374  PA:00200378
  24186ns            2414 00001c8a 00f59623 sh               x15, 12(x11)        x15:00000804 x11:00200374  PA:00200380
  24196ns            2415 00001c8e 00e04d63 blt              x0, x14, 26         x14:00000000
  24206ns            2416 00001c92 03c5a703 lw               x14, 60(x11)        x14=00000000 x11:00200374  PA:002003b0
  24226ns            2418 00001c94 00e04a63 blt              x0, x14, 20         x14:00000000
  24236ns            2419 00001c98 00000513 addi             x10, x0, 0          x10=00000000
  24246ns            2420 00001c9a 01c12083 lw               x1, 28(x2)           x1=00001c02  x2:002010a0  PA:002010bc
  24256ns            2421 00001c9c 01812403 lw               x8, 24(x2)           x8=00200374  x2:002010a0  PA:002010b8
  24266ns            2422 00001c9e 01412483 lw               x9, 20(x2)           x9=00200088  x2:002010a0  PA:002010b4
  24276ns            2423 00001ca0 01012903 lw               x18, 16(x2)         x18=00000000  x2:002010a0  PA:002010b0
  24286ns            2424 00001ca2 00c12983 lw               x19, 12(x2)         x19=00000002  x2:002010a0  PA:002010ac
  24296ns            2425 00001ca4 02010113 addi             x2, x2, 32           x2=002010c0  x2:002010a0
  24306ns            2426 00001ca6 00008067 jalr             x0, x1, 0            x1:00001c02
  24326ns            2428 00001c02 02c42783 lw               x15, 44(x8)         x15=00001a92  x8:00200374  PA:002003a0
  24336ns            2429 00001c04 00a00933 add              x18, x0, x10        x18=00000000 x10:00000000
  24346ns            2430 00001c06 00078763 beq              x15, x0, 14         x15:00001a92
  24356ns            2431 00001c08 01c42583 lw               x11, 28(x8)         x11=00200374  x8:00200374  PA:00200390
  24366ns            2432 00001c0a 00900533 add              x10, x0, x9         x10=00200088  x9:00200088
  24376ns            2433 00001c0c 000780e7 jalr             x1, x15, 0           x1=00001c0e x15:00001a92
  24396ns            2435 00001a92 00e59583 lh               x11, 14(x11)        x11=00000000 x11:00200374  PA:00200382
  24406ns            2436 00001a96 10a0006f jal              x0, 266            
  24426ns            2438 00001ba0 ff010113 addi             x2, x2, -16          x2=002010b0  x2:002010c0
  24436ns            2439 00001ba2 00812423 sw               x8, 8(x2)            x8:00200374  x2:002010b0  PA:002010b8
  24446ns            2440 00001ba4 00912223 sw               x9, 4(x2)            x9:00200088  x2:002010b0  PA:002010b4
  24456ns            2441 00001ba6 00a004b3 add              x9, x0, x10          x9=00200088 x10:00200088
  24466ns            2442 00001ba8 00b00533 add              x10, x0, x11        x10=00000000 x11:00000000
  24476ns            2443 00001baa 00112623 sw               x1, 12(x2)           x1:00001c0e  x2:002010b0  PA:002010bc
  24486ns            2444 00001bac 0601ae23 sw               x0, 124(x3)          x3:00200888  PA:00200904
  24496ns            2445 00001bb0 e26fe0ef jal              x1, -6618            x1=00001bb4
  24516ns            2447 000001d6 fff00513 addi             x10, x0, -1         x10=ffffffff
  24526ns            2448 000001d8 00008067 jalr             x0, x1, 0            x1:00001bb4
  24546ns            2450 00001bb4 fff00793 addi             x15, x0, -1         x15=ffffffff
  24556ns            2451 00001bb6 00f51663 bne              x10, x15, 12        x10:ffffffff x15:ffffffff
  24566ns            2452 00001bba 07c1a783 lw               x15, 124(x3)        x15=00000000  x3:00200888  PA:00200904
  24586ns            2454 00001bbe 00078263 beq              x15, x0, 4          x15:00000000
  24616ns            2457 00001bc2 00c12083 lw               x1, 12(x2)           x1=00001c0e  x2:002010b0  PA:002010bc
  24626ns            2458 00001bc4 00812403 lw               x8, 8(x2)            x8=00200374  x2:002010b0  PA:002010b8
  24636ns            2459 00001bc6 00412483 lw               x9, 4(x2)            x9=00200088  x2:002010b0  PA:002010b4
  24646ns            2460 00001bc8 01010113 addi             x2, x2, 16           x2=002010c0  x2:002010b0
  24656ns            2461 00001bca 00008067 jalr             x0, x1, 0            x1:00001c0e
  24686ns            2464 00001c0e 00055363 bge              x10, x0, 6          x10:ffffffff
  24696ns            2465 00001c12 fff00913 addi             x18, x0, -1         x18=ffffffff
  24706ns            2466 00001c14 00c45783 lhu              x15, 12(x8)         x15=00000804  x8:00200374  PA:00200380
  24726ns            2468 00001c18 0807f793 andi             x15, x15, 128       x15=00000000 x15:00000804
  24736ns            2469 00001c1c 00078563 beq              x15, x0, 10         x15:00000000
  24766ns            2472 00001c26 03042583 lw               x11, 48(x8)         x11=00000000  x8:00200374  PA:002003a4
  24786ns            2474 00001c28 00058a63 beq              x11, x0, 20         x11:00000000
  24816ns            2477 00001c3c 04442583 lw               x11, 68(x8)         x11=00000000  x8:00200374  PA:002003b8
  24836ns            2479 00001c3e 00058663 beq              x11, x0, 12         x11:00000000
  24866ns            2482 00001c4a e11fe0ef jal              x1, -4592            x1=00001c4e
  24886ns            2484 00000a5a 00008067 jalr             x0, x1, 0            x1:00001c4e
  24916ns            2487 00001c4e 00041623 sh               x0, 12(x8)           x8:00200374  PA:00200380
  24926ns            2488 00001c52 e0bfe0ef jal              x1, -4598            x1=00001c56
  24946ns            2490 00000a5c 00008067 jalr             x0, x1, 0            x1:00001c56
  24966ns            2492 00001c56 f85ff06f jal              x0, -124           
  24986ns            2494 00001bda 00c12083 lw               x1, 12(x2)           x1=00001070  x2:002010c0  PA:002010cc
  24996ns            2495 00001bdc 00812403 lw               x8, 8(x2)            x8=00200368  x2:002010c0  PA:002010c8
  25006ns            2496 00001bde 01200533 add              x10, x0, x18        x10=ffffffff x18:ffffffff
  25016ns            2497 00001be0 00412483 lw               x9, 4(x2)            x9=00200374  x2:002010c0  PA:002010c4
  25026ns            2498 00001be2 00012903 lw               x18, 0(x2)          x18=00000000  x2:002010c0  PA:002010c0
  25036ns            2499 00001be4 01010113 addi             x2, x2, 16           x2=002010d0  x2:002010c0
  25046ns            2500 00001be6 00008067 jalr             x0, x1, 0            x1:00001070
  25066ns            2502 00001070 00a96933 or               x18, x18, x10       x18=ffffffff x18:00000000 x10:ffffffff
  25076ns            2503 00001074 06848493 addi             x9, x9, 104          x9=002003dc  x9:00200374
  25086ns            2504 00001078 fd9ff06f jal              x0, -40            
  25106ns            2506 00001050 fff98993 addi             x19, x19, -1        x19=00000001 x19:00000002
  25116ns            2507 00001052 0009d463 bge              x19, x0, 8          x19:00000001
  25146ns            2510 0000105a 00c4d783 lhu              x15, 12(x9)         x15=00002889  x9:002003dc  PA:002003e8
  25166ns            2512 0000105e 00fb7b63 bgeu             x22, x15, 22        x22:00000001 x15:00002889
  25176ns            2513 00001062 00e49783 lh               x15, 14(x9)         x15=00000001  x9:002003dc  PA:002003ea
  25196ns            2515 00001066 01778763 beq              x15, x23, 14        x15:00000001 x23:ffffffff
  25206ns            2516 0000106a 009005b3 add              x11, x0, x9         x11=002003dc  x9:002003dc
  25216ns            2517 0000106c 01400533 add              x10, x0, x20        x10=00200088 x20:00200088
  25226ns            2518 0000106e 000a80e7 jalr             x1, x21, 0           x1=00001070 x21:00001bcc
  25246ns            2520 00001bcc ff010113 addi             x2, x2, -16          x2=002010c0  x2:002010d0
  25256ns            2521 00001bce 00112623 sw               x1, 12(x2)           x1:00001070  x2:002010c0  PA:002010cc
  25266ns            2522 00001bd0 00812423 sw               x8, 8(x2)            x8:00200368  x2:002010c0  PA:002010c8
  25276ns            2523 00001bd2 00912223 sw               x9, 4(x2)            x9:002003dc  x2:002010c0  PA:002010c4
  25286ns            2524 00001bd4 01212023 sw               x18, 0(x2)          x18:ffffffff  x2:002010c0  PA:002010c0
  25296ns            2525 00001bd6 00059963 bne              x11, x0, 18         x11:002003dc
  25326ns            2528 00001be8 00a004b3 add              x9, x0, x10          x9=00200088 x10:00200088
  25336ns            2529 00001bea 00b00433 add              x8, x0, x11          x8=002003dc x11:002003dc
  25346ns            2530 00001bec 00050563 beq              x10, x0, 10         x10:00200088
  25356ns            2531 00001bee 03852783 lw               x15, 56(x10)        x15=00000001 x10:00200088  PA:002000c0
  25376ns            2533 00001bf0 00079363 bne              x15, x0, 6          x15:00000001
  25406ns            2536 00001bf6 00c41783 lh               x15, 12(x8)         x15=00002889  x8:002003dc  PA:002003e8
  25426ns            2538 00001bfa fc078fe3 beq              x15, x0, -34        x15:00002889
  25436ns            2539 00001bfc 008005b3 add              x11, x0, x8         x11=002003dc  x8:002003dc
  25446ns            2540 00001bfe 00900533 add              x10, x0, x9         x10=00200088  x9:00200088
  25456ns            2541 00001c00 060000ef jal              x1, 96               x1=00001c02
  25476ns            2543 00001c60 00c59783 lh               x15, 12(x11)        x15=00002889 x11:002003dc  PA:002003e8
  25486ns            2544 00001c64 fe010113 addi             x2, x2, -32          x2=002010a0  x2:002010c0
  25496ns            2545 00001c66 00812c23 sw               x8, 24(x2)           x8:002003dc  x2:002010a0  PA:002010b8
  25506ns            2546 00001c68 01079713 slli             x14, x15, 0x10      x14=28890000 x15:00002889
  25516ns            2547 00001c6c 01075713 srli             x14, x14, 0x10      x14=00002889 x14:28890000
  25526ns            2548 00001c6e 00912a23 sw               x9, 20(x2)           x9:00200088  x2:002010a0  PA:002010b4
  25536ns            2549 00001c70 00112e23 sw               x1, 28(x2)           x1:00001c02  x2:002010a0  PA:002010bc
  25546ns            2550 00001c72 01212823 sw               x18, 16(x2)         x18:ffffffff  x2:002010a0  PA:002010b0
  25556ns            2551 00001c74 01312623 sw               x19, 12(x2)         x19:00000001  x2:002010a0  PA:002010ac
  25566ns            2552 00001c76 00877693 andi             x13, x14, 8         x13=00000008 x14:00002889
  25576ns            2553 00001c7a 00a004b3 add              x9, x0, x10          x9=00200088 x10:00200088
  25586ns            2554 00001c7c 00b00433 add              x8, x0, x11          x8=002003dc x11:002003dc
  25596ns            2555 00001c7e 0e069d63 bne              x13, x0, 250        x13:00000008
  25626ns            2558 00001d78 0105a983 lw               x19, 16(x11)        x19=00200910 x11:002003dc  PA:002003ec
  25646ns            2560 00001d7c f0098ee3 beq              x19, x0, -228       x19:00200910
  25656ns            2561 00001d80 0005a903 lw               x18, 0(x11)         x18=00200910 x11:002003dc  PA:002003dc
  25666ns            2562 00001d84 00377713 andi             x14, x14, 3         x14=00000001 x14:00002889
  25676ns            2563 00001d86 0135a023 sw               x19, 0(x11)         x19:00200910 x11:002003dc  PA:002003dc
  25686ns            2564 00001d8a 41390933 sub              x18, x18, x19       x18=00000000 x18:00200910 x19:00200910
  25696ns            2565 00001d8e 00000793 addi             x15, x0, 0          x15=00000000
  25706ns            2566 00001d90 00071263 bne              x14, x0, 4          x14:00000001
  25736ns            2569 00001d94 00f42423 sw               x15, 8(x8)          x15:00000000  x8:002003dc  PA:002003e4
  25746ns            2570 00001d96 f12051e3 bge              x0, x18, -254       x18:00000000
  25776ns            2573 00001c98 00000513 addi             x10, x0, 0          x10=00000000
  25786ns            2574 00001c9a 01c12083 lw               x1, 28(x2)           x1=00001c02  x2:002010a0  PA:002010bc
  25796ns            2575 00001c9c 01812403 lw               x8, 24(x2)           x8=002003dc  x2:002010a0  PA:002010b8
  25806ns            2576 00001c9e 01412483 lw               x9, 20(x2)           x9=00200088  x2:002010a0  PA:002010b4
  25816ns            2577 00001ca0 01012903 lw               x18, 16(x2)         x18=ffffffff  x2:002010a0  PA:002010b0
  25826ns            2578 00001ca2 00c12983 lw               x19, 12(x2)         x19=00000001  x2:002010a0  PA:002010ac
  25836ns            2579 00001ca4 02010113 addi             x2, x2, 32           x2=002010c0  x2:002010a0
  25846ns            2580 00001ca6 00008067 jalr             x0, x1, 0            x1:00001c02
  25866ns            2582 00001c02 02c42783 lw               x15, 44(x8)         x15=00001a92  x8:002003dc  PA:00200408
  25876ns            2583 00001c04 00a00933 add              x18, x0, x10        x18=00000000 x10:00000000
  25886ns            2584 00001c06 00078763 beq              x15, x0, 14         x15:00001a92
  25896ns            2585 00001c08 01c42583 lw               x11, 28(x8)         x11=002003dc  x8:002003dc  PA:002003f8
  25906ns            2586 00001c0a 00900533 add              x10, x0, x9         x10=00200088  x9:00200088
  25916ns            2587 00001c0c 000780e7 jalr             x1, x15, 0           x1=00001c0e x15:00001a92
  25936ns            2589 00001a92 00e59583 lh               x11, 14(x11)        x11=00000001 x11:002003dc  PA:002003ea
  25946ns            2590 00001a96 10a0006f jal              x0, 266            
  25966ns            2592 00001ba0 ff010113 addi             x2, x2, -16          x2=002010b0  x2:002010c0
  25976ns            2593 00001ba2 00812423 sw               x8, 8(x2)            x8:002003dc  x2:002010b0  PA:002010b8
  25986ns            2594 00001ba4 00912223 sw               x9, 4(x2)            x9:00200088  x2:002010b0  PA:002010b4
  25996ns            2595 00001ba6 00a004b3 add              x9, x0, x10          x9=00200088 x10:00200088
  26006ns            2596 00001ba8 00b00533 add              x10, x0, x11        x10=00000001 x11:00000001
  26016ns            2597 00001baa 00112623 sw               x1, 12(x2)           x1:00001c0e  x2:002010b0  PA:002010bc
  26026ns            2598 00001bac 0601ae23 sw               x0, 124(x3)          x3:00200888  PA:00200904
  26036ns            2599 00001bb0 e26fe0ef jal              x1, -6618            x1=00001bb4
  26056ns            2601 000001d6 fff00513 addi             x10, x0, -1         x10=ffffffff
  26066ns            2602 000001d8 00008067 jalr             x0, x1, 0            x1:00001bb4
  26086ns            2604 00001bb4 fff00793 addi             x15, x0, -1         x15=ffffffff
  26096ns            2605 00001bb6 00f51663 bne              x10, x15, 12        x10:ffffffff x15:ffffffff
  26106ns            2606 00001bba 07c1a783 lw               x15, 124(x3)        x15=00000000  x3:00200888  PA:00200904
  26126ns            2608 00001bbe 00078263 beq              x15, x0, 4          x15:00000000
  26156ns            2611 00001bc2 00c12083 lw               x1, 12(x2)           x1=00001c0e  x2:002010b0  PA:002010bc
  26166ns            2612 00001bc4 00812403 lw               x8, 8(x2)            x8=002003dc  x2:002010b0  PA:002010b8
  26176ns            2613 00001bc6 00412483 lw               x9, 4(x2)            x9=00200088  x2:002010b0  PA:002010b4
  26186ns            2614 00001bc8 01010113 addi             x2, x2, 16           x2=002010c0  x2:002010b0
  26196ns            2615 00001bca 00008067 jalr             x0, x1, 0            x1:00001c0e
  26226ns            2618 00001c0e 00055363 bge              x10, x0, 6          x10:ffffffff
  26236ns            2619 00001c12 fff00913 addi             x18, x0, -1         x18=ffffffff
  26246ns            2620 00001c14 00c45783 lhu              x15, 12(x8)         x15=00002889  x8:002003dc  PA:002003e8
  26266ns            2622 00001c18 0807f793 andi             x15, x15, 128       x15=00000080 x15:00002889
  26276ns            2623 00001c1c 00078563 beq              x15, x0, 10         x15:00000080
  26286ns            2624 00001c1e 01042583 lw               x11, 16(x8)         x11=00200910  x8:002003dc  PA:002003ec
  26296ns            2625 00001c20 00900533 add              x10, x0, x9         x10=00200088  x9:00200088
  26306ns            2626 00001c22 f15fe0ef jal              x1, -4332            x1=00001c26
  26326ns            2628 00000b36 18058e63 beq              x11, x0, 412        x11:00200910
  26336ns            2629 00000b3a ff010113 addi             x2, x2, -16          x2=002010b0  x2:002010c0
  26346ns            2630 00000b3c 00812423 sw               x8, 8(x2)            x8:002003dc  x2:002010b0  PA:002010b8
  26356ns            2631 00000b3e 00912223 sw               x9, 4(x2)            x9:00200088  x2:002010b0  PA:002010b4
  26366ns            2632 00000b40 00a00433 add              x8, x0, x10          x8=00200088 x10:00200088
  26376ns            2633 00000b42 00b004b3 add              x9, x0, x11          x9=00200910 x11:00200910
  26386ns            2634 00000b44 00112623 sw               x1, 12(x2)           x1:00001c26  x2:002010b0  PA:002010bc
  26396ns            2635 00000b46 2d7000ef jal              x1, 2774             x1=00000b4a
  26416ns            2637 0000161c 00008067 jalr             x0, x1, 0            x1:00000b4a
  26436ns            2639 00000b4a ffc4a503 lw               x10, -4(x9)         x10=00000409  x9:00200910  PA:0020090c
  26456ns            2641 00000b4e ff848693 addi             x13, x9, -8         x13=00200908  x9:00200910
  26466ns            2642 00000b52 ffe57793 andi             x15, x10, -2        x15=00000408 x10:00000409
  26476ns            2643 00000b56 c2818813 addi             x16, x3, -984       x16=002004b0  x3:00200888
  26486ns            2644 00000b5a 00f685b3 add              x11, x13, x15       x11=00200d10 x13:00200908 x15:00000408
  26496ns            2645 00000b5e 0045a703 lw               x14, 4(x11)         x14=00000dc1 x11:00200d10  PA:00200d14
  26506ns            2646 00000b60 00882803 lw               x16, 8(x16)         x16=00200d10 x16:002004b0  PA:002004b8
  26516ns            2647 00000b64 c2818613 addi             x12, x3, -984       x12=002004b0  x3:00200888
  26526ns            2648 00000b68 ffc77713 andi             x14, x14, -4        x14=00000dc0 x14:00000dc1
  26536ns            2649 00000b6a 00157513 andi             x10, x10, 1         x10=00000001 x10:00000409
  26546ns            2650 00000b6c 02b81f63 bne              x16, x11, 62        x16:00200d10 x11:00200d10
  26556ns            2651 00000b70 00e787b3 add              x15, x15, x14       x15=000011c8 x15:00000408 x14:00000dc0
  26566ns            2652 00000b72 00051963 bne              x10, x0, 18         x10:00000001
  26596ns            2655 00000b84 0017e713 ori              x14, x15, 1         x14=000011c9 x15:000011c8
  26606ns            2656 00000b88 00e6a223 sw               x14, 4(x13)         x14:000011c9 x13:00200908  PA:0020090c
  26616ns            2657 00000b8a 0401a703 lw               x14, 64(x3)         x14=00020000  x3:00200888  PA:002008c8
  26626ns            2658 00000b8e 00d62423 sw               x13, 8(x12)         x13:00200908 x12:002004b0  PA:002004b8
  26636ns            2659 00000b90 00e7e663 bltu             x15, x14, 12        x15:000011c8 x14:00020000
  26666ns            2662 00000b9c 00800533 add              x10, x0, x8         x10=00200088  x8:00200088
  26676ns            2663 00000b9e 00812403 lw               x8, 8(x2)            x8=002003dc  x2:002010b0  PA:002010b8
  26686ns            2664 00000ba0 00c12083 lw               x1, 12(x2)           x1=00001c26  x2:002010b0  PA:002010bc
  26696ns            2665 00000ba2 00412483 lw               x9, 4(x2)            x9=00200088  x2:002010b0  PA:002010b4
  26706ns            2666 00000ba4 01010113 addi             x2, x2, 16           x2=002010c0  x2:002010b0
  26716ns            2667 00000ba6 2790006f jal              x0, 2680           
  26736ns            2669 0000161e 00008067 jalr             x0, x1, 0            x1:00001c26
  26756ns            2671 00001c26 03042583 lw               x11, 48(x8)         x11=00000000  x8:002003dc  PA:0020040c
  26776ns            2673 00001c28 00058a63 beq              x11, x0, 20         x11:00000000
  26806ns            2676 00001c3c 04442583 lw               x11, 68(x8)         x11=00000000  x8:002003dc  PA:00200420
  26826ns            2678 00001c3e 00058663 beq              x11, x0, 12         x11:00000000
  26856ns            2681 00001c4a e11fe0ef jal              x1, -4592            x1=00001c4e
  26876ns            2683 00000a5a 00008067 jalr             x0, x1, 0            x1:00001c4e
  26906ns            2686 00001c4e 00041623 sh               x0, 12(x8)           x8:002003dc  PA:002003e8
  26916ns            2687 00001c52 e0bfe0ef jal              x1, -4598            x1=00001c56
  26936ns            2689 00000a5c 00008067 jalr             x0, x1, 0            x1:00001c56
  26956ns            2691 00001c56 f85ff06f jal              x0, -124           
  26976ns            2693 00001bda 00c12083 lw               x1, 12(x2)           x1=00001070  x2:002010c0  PA:002010cc
  26986ns            2694 00001bdc 00812403 lw               x8, 8(x2)            x8=00200368  x2:002010c0  PA:002010c8
  26996ns            2695 00001bde 01200533 add              x10, x0, x18        x10=ffffffff x18:ffffffff
  27006ns            2696 00001be0 00412483 lw               x9, 4(x2)            x9=002003dc  x2:002010c0  PA:002010c4
  27016ns            2697 00001be2 00012903 lw               x18, 0(x2)          x18=ffffffff  x2:002010c0  PA:002010c0
  27026ns            2698 00001be4 01010113 addi             x2, x2, 16           x2=002010d0  x2:002010c0
  27036ns            2699 00001be6 00008067 jalr             x0, x1, 0            x1:00001070
  27056ns            2701 00001070 00a96933 or               x18, x18, x10       x18=ffffffff x18:ffffffff x10:ffffffff
  27066ns            2702 00001074 06848493 addi             x9, x9, 104          x9=00200444  x9:002003dc
  27076ns            2703 00001078 fd9ff06f jal              x0, -40            
  27096ns            2705 00001050 fff98993 addi             x19, x19, -1        x19=00000000 x19:00000001
  27106ns            2706 00001052 0009d463 bge              x19, x0, 8          x19:00000000
  27136ns            2709 0000105a 00c4d783 lhu              x15, 12(x9)         x15=00000012  x9:00200444  PA:00200450
  27156ns            2711 0000105e 00fb7b63 bgeu             x22, x15, 22        x22:00000001 x15:00000012
  27166ns            2712 00001062 00e49783 lh               x15, 14(x9)         x15=00000002  x9:00200444  PA:00200452
  27186ns            2714 00001066 01778763 beq              x15, x23, 14        x15:00000002 x23:ffffffff
  27196ns            2715 0000106a 009005b3 add              x11, x0, x9         x11=00200444  x9:00200444
  27206ns            2716 0000106c 01400533 add              x10, x0, x20        x10=00200088 x20:00200088
  27216ns            2717 0000106e 000a80e7 jalr             x1, x21, 0           x1=00001070 x21:00001bcc
  27236ns            2719 00001bcc ff010113 addi             x2, x2, -16          x2=002010c0  x2:002010d0
  27246ns            2720 00001bce 00112623 sw               x1, 12(x2)           x1:00001070  x2:002010c0  PA:002010cc
  27256ns            2721 00001bd0 00812423 sw               x8, 8(x2)            x8:00200368  x2:002010c0  PA:002010c8
  27266ns            2722 00001bd2 00912223 sw               x9, 4(x2)            x9:00200444  x2:002010c0  PA:002010c4
  27276ns            2723 00001bd4 01212023 sw               x18, 0(x2)          x18:ffffffff  x2:002010c0  PA:002010c0
  27286ns            2724 00001bd6 00059963 bne              x11, x0, 18         x11:00200444
  27316ns            2727 00001be8 00a004b3 add              x9, x0, x10          x9=00200088 x10:00200088
  27326ns            2728 00001bea 00b00433 add              x8, x0, x11          x8=00200444 x11:00200444
  27336ns            2729 00001bec 00050563 beq              x10, x0, 10         x10:00200088
  27346ns            2730 00001bee 03852783 lw               x15, 56(x10)        x15=00000001 x10:00200088  PA:002000c0
  27366ns            2732 00001bf0 00079363 bne              x15, x0, 6          x15:00000001
  27396ns            2735 00001bf6 00c41783 lh               x15, 12(x8)         x15=00000012  x8:00200444  PA:00200450
  27416ns            2737 00001bfa fc078fe3 beq              x15, x0, -34        x15:00000012
  27426ns            2738 00001bfc 008005b3 add              x11, x0, x8         x11=00200444  x8:00200444
  27436ns            2739 00001bfe 00900533 add              x10, x0, x9         x10=00200088  x9:00200088
  27446ns            2740 00001c00 060000ef jal              x1, 96               x1=00001c02
  27466ns            2742 00001c60 00c59783 lh               x15, 12(x11)        x15=00000012 x11:00200444  PA:00200450
  27476ns            2743 00001c64 fe010113 addi             x2, x2, -32          x2=002010a0  x2:002010c0
  27486ns            2744 00001c66 00812c23 sw               x8, 24(x2)           x8:00200444  x2:002010a0  PA:002010b8
  27496ns            2745 00001c68 01079713 slli             x14, x15, 0x10      x14=00120000 x15:00000012
  27506ns            2746 00001c6c 01075713 srli             x14, x14, 0x10      x14=00000012 x14:00120000
  27516ns            2747 00001c6e 00912a23 sw               x9, 20(x2)           x9:00200088  x2:002010a0  PA:002010b4
  27526ns            2748 00001c70 00112e23 sw               x1, 28(x2)           x1:00001c02  x2:002010a0  PA:002010bc
  27536ns            2749 00001c72 01212823 sw               x18, 16(x2)         x18:ffffffff  x2:002010a0  PA:002010b0
  27546ns            2750 00001c74 01312623 sw               x19, 12(x2)         x19:00000000  x2:002010a0  PA:002010ac
  27556ns            2751 00001c76 00877693 andi             x13, x14, 8         x13=00000000 x14:00000012
  27566ns            2752 00001c7a 00a004b3 add              x9, x0, x10          x9=00200088 x10:00200088
  27576ns            2753 00001c7c 00b00433 add              x8, x0, x11          x8=00200444 x11:00200444
  27586ns            2754 00001c7e 0e069d63 bne              x13, x0, 250        x13:00000000
  27596ns            2755 00001c80 00001737 lui              x14, 0x1000         x14=00001000
  27606ns            2756 00001c82 80070713 addi             x14, x14, -2048     x14=00000800 x14:00001000
  27616ns            2757 00001c86 00e7e7b3 or               x15, x15, x14       x15=00000812 x15:00000012 x14:00000800
  27626ns            2758 00001c88 0045a703 lw               x14, 4(x11)         x14=00000000 x11:00200444  PA:00200448
  27636ns            2759 00001c8a 00f59623 sh               x15, 12(x11)        x15:00000812 x11:00200444  PA:00200450
  27646ns            2760 00001c8e 00e04d63 blt              x0, x14, 26         x14:00000000
  27656ns            2761 00001c92 03c5a703 lw               x14, 60(x11)        x14=00000000 x11:00200444  PA:00200480
  27676ns            2763 00001c94 00e04a63 blt              x0, x14, 20         x14:00000000
  27686ns            2764 00001c98 00000513 addi             x10, x0, 0          x10=00000000
  27696ns            2765 00001c9a 01c12083 lw               x1, 28(x2)           x1=00001c02  x2:002010a0  PA:002010bc
  27706ns            2766 00001c9c 01812403 lw               x8, 24(x2)           x8=00200444  x2:002010a0  PA:002010b8
  27716ns            2767 00001c9e 01412483 lw               x9, 20(x2)           x9=00200088  x2:002010a0  PA:002010b4
  27726ns            2768 00001ca0 01012903 lw               x18, 16(x2)         x18=ffffffff  x2:002010a0  PA:002010b0
  27736ns            2769 00001ca2 00c12983 lw               x19, 12(x2)         x19=00000000  x2:002010a0  PA:002010ac
  27746ns            2770 00001ca4 02010113 addi             x2, x2, 32           x2=002010c0  x2:002010a0
  27756ns            2771 00001ca6 00008067 jalr             x0, x1, 0            x1:00001c02
  27776ns            2773 00001c02 02c42783 lw               x15, 44(x8)         x15=00001a92  x8:00200444  PA:00200470
  27786ns            2774 00001c04 00a00933 add              x18, x0, x10        x18=00000000 x10:00000000
  27796ns            2775 00001c06 00078763 beq              x15, x0, 14         x15:00001a92
  27806ns            2776 00001c08 01c42583 lw               x11, 28(x8)         x11=00200444  x8:00200444  PA:00200460
  27816ns            2777 00001c0a 00900533 add              x10, x0, x9         x10=00200088  x9:00200088
  27826ns            2778 00001c0c 000780e7 jalr             x1, x15, 0           x1=00001c0e x15:00001a92
  27846ns            2780 00001a92 00e59583 lh               x11, 14(x11)        x11=00000002 x11:00200444  PA:00200452
  27856ns            2781 00001a96 10a0006f jal              x0, 266            
  27876ns            2783 00001ba0 ff010113 addi             x2, x2, -16          x2=002010b0  x2:002010c0
  27886ns            2784 00001ba2 00812423 sw               x8, 8(x2)            x8:00200444  x2:002010b0  PA:002010b8
  27896ns            2785 00001ba4 00912223 sw               x9, 4(x2)            x9:00200088  x2:002010b0  PA:002010b4
  27906ns            2786 00001ba6 00a004b3 add              x9, x0, x10          x9=00200088 x10:00200088
  27916ns            2787 00001ba8 00b00533 add              x10, x0, x11        x10=00000002 x11:00000002
  27926ns            2788 00001baa 00112623 sw               x1, 12(x2)           x1:00001c0e  x2:002010b0  PA:002010bc
  27936ns            2789 00001bac 0601ae23 sw               x0, 124(x3)          x3:00200888  PA:00200904
  27946ns            2790 00001bb0 e26fe0ef jal              x1, -6618            x1=00001bb4
  27966ns            2792 000001d6 fff00513 addi             x10, x0, -1         x10=ffffffff
  27976ns            2793 000001d8 00008067 jalr             x0, x1, 0            x1:00001bb4
  27996ns            2795 00001bb4 fff00793 addi             x15, x0, -1         x15=ffffffff
  28006ns            2796 00001bb6 00f51663 bne              x10, x15, 12        x10:ffffffff x15:ffffffff
  28016ns            2797 00001bba 07c1a783 lw               x15, 124(x3)        x15=00000000  x3:00200888  PA:00200904
  28036ns            2799 00001bbe 00078263 beq              x15, x0, 4          x15:00000000
  28066ns            2802 00001bc2 00c12083 lw               x1, 12(x2)           x1=00001c0e  x2:002010b0  PA:002010bc
  28076ns            2803 00001bc4 00812403 lw               x8, 8(x2)            x8=00200444  x2:002010b0  PA:002010b8
  28086ns            2804 00001bc6 00412483 lw               x9, 4(x2)            x9=00200088  x2:002010b0  PA:002010b4
  28096ns            2805 00001bc8 01010113 addi             x2, x2, 16           x2=002010c0  x2:002010b0
  28106ns            2806 00001bca 00008067 jalr             x0, x1, 0            x1:00001c0e
  28136ns            2809 00001c0e 00055363 bge              x10, x0, 6          x10:ffffffff
  28146ns            2810 00001c12 fff00913 addi             x18, x0, -1         x18=ffffffff
  28156ns            2811 00001c14 00c45783 lhu              x15, 12(x8)         x15=00000812  x8:00200444  PA:00200450
  28176ns            2813 00001c18 0807f793 andi             x15, x15, 128       x15=00000000 x15:00000812
  28186ns            2814 00001c1c 00078563 beq              x15, x0, 10         x15:00000000
  28216ns            2817 00001c26 03042583 lw               x11, 48(x8)         x11=00000000  x8:00200444  PA:00200474
  28236ns            2819 00001c28 00058a63 beq              x11, x0, 20         x11:00000000
  28266ns            2822 00001c3c 04442583 lw               x11, 68(x8)         x11=00000000  x8:00200444  PA:00200488
  28286ns            2824 00001c3e 00058663 beq              x11, x0, 12         x11:00000000
  28316ns            2827 00001c4a e11fe0ef jal              x1, -4592            x1=00001c4e
  28336ns            2829 00000a5a 00008067 jalr             x0, x1, 0            x1:00001c4e
  28366ns            2832 00001c4e 00041623 sh               x0, 12(x8)           x8:00200444  PA:00200450
  28376ns            2833 00001c52 e0bfe0ef jal              x1, -4598            x1=00001c56
  28396ns            2835 00000a5c 00008067 jalr             x0, x1, 0            x1:00001c56
  28416ns            2837 00001c56 f85ff06f jal              x0, -124           
  28436ns            2839 00001bda 00c12083 lw               x1, 12(x2)           x1=00001070  x2:002010c0  PA:002010cc
  28446ns            2840 00001bdc 00812403 lw               x8, 8(x2)            x8=00200368  x2:002010c0  PA:002010c8
  28456ns            2841 00001bde 01200533 add              x10, x0, x18        x10=ffffffff x18:ffffffff
  28466ns            2842 00001be0 00412483 lw               x9, 4(x2)            x9=00200444  x2:002010c0  PA:002010c4
  28476ns            2843 00001be2 00012903 lw               x18, 0(x2)          x18=ffffffff  x2:002010c0  PA:002010c0
  28486ns            2844 00001be4 01010113 addi             x2, x2, 16           x2=002010d0  x2:002010c0
  28496ns            2845 00001be6 00008067 jalr             x0, x1, 0            x1:00001070
  28516ns            2847 00001070 00a96933 or               x18, x18, x10       x18=ffffffff x18:ffffffff x10:ffffffff
  28526ns            2848 00001074 06848493 addi             x9, x9, 104          x9=002004ac  x9:00200444
  28536ns            2849 00001078 fd9ff06f jal              x0, -40            
  28556ns            2851 00001050 fff98993 addi             x19, x19, -1        x19=ffffffff x19:00000000
  28566ns            2852 00001052 0009d463 bge              x19, x0, 8          x19:ffffffff
  28576ns            2853 00001056 00042403 lw               x8, 0(x8)            x8=00000000  x8:00200368  PA:00200368
  28586ns            2854 00001058 fd9ff06f jal              x0, -40            
  28606ns            2856 00001030 00041d63 bne              x8, x0, 26           x8:00000000
  28616ns            2857 00001032 02c12083 lw               x1, 44(x2)           x1=0000050c  x2:002010d0  PA:002010fc
  28626ns            2858 00001034 02812403 lw               x8, 40(x2)           x8=00000000  x2:002010d0  PA:002010f8
  28636ns            2859 00001036 01200533 add              x10, x0, x18        x10=ffffffff x18:ffffffff
  28646ns            2860 00001038 02412483 lw               x9, 36(x2)           x9=00000000  x2:002010d0  PA:002010f4
  28656ns            2861 0000103a 02012903 lw               x18, 32(x2)         x18=00000000  x2:002010d0  PA:002010f0
  28666ns            2862 0000103c 01c12983 lw               x19, 28(x2)         x19=00000000  x2:002010d0  PA:002010ec
  28676ns            2863 0000103e 01812a03 lw               x20, 24(x2)         x20=00000000  x2:002010d0  PA:002010e8
  28686ns            2864 00001040 01412a83 lw               x21, 20(x2)         x21=00000000  x2:002010d0  PA:002010e4
  28696ns            2865 00001042 01012b03 lw               x22, 16(x2)         x22=00000000  x2:002010d0  PA:002010e0
  28706ns            2866 00001044 00c12b83 lw               x23, 12(x2)         x23=00000000  x2:002010d0  PA:002010dc
  28716ns            2867 00001046 03010113 addi             x2, x2, 48           x2=00201100  x2:002010d0
  28726ns            2868 00001048 00008067 jalr             x0, x1, 0            x1:0000050c
  28746ns            2870 0000050c 00800533 add              x10, x0, x8         x10=00000000  x8:00000000
  28756ns            2871 0000050e cd7ff0ef jal              x1, -810             x1=00000510
  28776ns            2873 000001e4 200007b7 lui              x15, 0x20000000     x15=20000000
